2026-01-09T13:09:26.723+07:00 DEBUG 24996 --- [project] [HikariPool-1:housekeeper] com.zaxxer.hikari.pool.HikariPool        : HikariPool-1 - Pool stats (total=10/10, idle=10/10, active=0, waiting=0)
2026-01-09T13:09:26.729+07:00 DEBUG 24996 --- [project] [HikariPool-1:housekeeper] com.zaxxer.hikari.pool.HikariPool        : HikariPool-1 - Fill pool skipped, pool has sufficient level or currently being filled.
2026-01-09T13:09:27.157+07:00 DEBUG 24996 --- [project] [http-nio-8080-exec-1] o.apache.coyote.http11.Http11Processor   : Error parsing HTTP request header

java.io.EOFException
	at org.apache.tomcat.util.net.NioEndpoint$NioSocketWrapper.fillReadBuffer(NioEndpoint.java:1338) ~[tomcat-embed-core-11.0.15.jar:11.0.15]
	at org.apache.tomcat.util.net.NioEndpoint$NioSocketWrapper.read(NioEndpoint.java:1223) ~[tomcat-embed-core-11.0.15.jar:11.0.15]
	at org.apache.coyote.http11.Http11InputBuffer.fill(Http11InputBuffer.java:776) ~[tomcat-embed-core-11.0.15.jar:11.0.15]
	at org.apache.coyote.http11.Http11InputBuffer.parseRequestLine(Http11InputBuffer.java:334) ~[tomcat-embed-core-11.0.15.jar:11.0.15]
	at org.apache.coyote.http11.Http11Processor.service(Http11Processor.java:270) ~[tomcat-embed-core-11.0.15.jar:11.0.15]
	at org.apache.coyote.AbstractProcessorLight.process(AbstractProcessorLight.java:63) ~[tomcat-embed-core-11.0.15.jar:11.0.15]
	at org.apache.coyote.AbstractProtocol$ConnectionHandler.process(AbstractProtocol.java:903) ~[tomcat-embed-core-11.0.15.jar:11.0.15]
	at org.apache.tomcat.util.net.NioEndpoint$SocketProcessor.doRun(NioEndpoint.java:1778) ~[tomcat-embed-core-11.0.15.jar:11.0.15]
	at org.apache.tomcat.util.net.SocketProcessorBase.run(SocketProcessorBase.java:52) ~[tomcat-embed-core-11.0.15.jar:11.0.15]
	at org.apache.tomcat.util.threads.ThreadPoolExecutor.runWorker(ThreadPoolExecutor.java:946) ~[tomcat-embed-core-11.0.15.jar:11.0.15]
	at org.apache.tomcat.util.threads.ThreadPoolExecutor$Worker.run(ThreadPoolExecutor.java:480) ~[tomcat-embed-core-11.0.15.jar:11.0.15]
	at org.apache.tomcat.util.threads.TaskThread$WrappingRunnable.run(TaskThread.java:57) ~[tomcat-embed-core-11.0.15.jar:11.0.15]
	at java.base/java.lang.Thread.run(Thread.java:1447) ~[na:na]

2026-01-09T13:09:27.165+07:00 DEBUG 24996 --- [project] [http-nio-8080-exec-1] o.apache.coyote.http11.Http11Processor   : Error state [CLOSE_CONNECTION_NOW] reported while processing request

java.io.EOFException
	at org.apache.tomcat.util.net.NioEndpoint$NioSocketWrapper.fillReadBuffer(NioEndpoint.java:1338) ~[tomcat-embed-core-11.0.15.jar:11.0.15]
	at org.apache.tomcat.util.net.NioEndpoint$NioSocketWrapper.read(NioEndpoint.java:1223) ~[tomcat-embed-core-11.0.15.jar:11.0.15]
	at org.apache.coyote.http11.Http11InputBuffer.fill(Http11InputBuffer.java:776) ~[tomcat-embed-core-11.0.15.jar:11.0.15]
	at org.apache.coyote.http11.Http11InputBuffer.parseRequestLine(Http11InputBuffer.java:334) ~[tomcat-embed-core-11.0.15.jar:11.0.15]
	at org.apache.coyote.http11.Http11Processor.service(Http11Processor.java:270) ~[tomcat-embed-core-11.0.15.jar:11.0.15]
	at org.apache.coyote.AbstractProcessorLight.process(AbstractProcessorLight.java:63) ~[tomcat-embed-core-11.0.15.jar:11.0.15]
	at org.apache.coyote.AbstractProtocol$ConnectionHandler.process(AbstractProtocol.java:903) ~[tomcat-embed-core-11.0.15.jar:11.0.15]
	at org.apache.tomcat.util.net.NioEndpoint$SocketProcessor.doRun(NioEndpoint.java:1778) ~[tomcat-embed-core-11.0.15.jar:11.0.15]
	at org.apache.tomcat.util.net.SocketProcessorBase.run(SocketProcessorBase.java:52) ~[tomcat-embed-core-11.0.15.jar:11.0.15]
	at org.apache.tomcat.util.threads.ThreadPoolExecutor.runWorker(ThreadPoolExecutor.java:946) ~[tomcat-embed-core-11.0.15.jar:11.0.15]
	at org.apache.tomcat.util.threads.ThreadPoolExecutor$Worker.run(ThreadPoolExecutor.java:480) ~[tomcat-embed-core-11.0.15.jar:11.0.15]
	at org.apache.tomcat.util.threads.TaskThread$WrappingRunnable.run(TaskThread.java:57) ~[tomcat-embed-core-11.0.15.jar:11.0.15]
	at java.base/java.lang.Thread.run(Thread.java:1447) ~[na:na]

2026-01-09T13:09:27.201+07:00 DEBUG 24996 --- [project] [http-nio-8080-exec-2] o.a.c.a.jaspic.AuthConfigFactoryImpl     : Loading persistent provider registrations from [C:\Users\darkp\AppData\Local\Temp\tomcat.8080.12397506708003936509\conf\jaspic-providers.xml]
2026-01-09T13:09:27.210+07:00  INFO 24996 --- [project] [http-nio-8080-exec-2] o.a.c.c.C.[Tomcat].[localhost].[/]       : Initializing Spring DispatcherServlet 'dispatcherServlet'
2026-01-09T13:09:27.255+07:00  INFO 24996 --- [project] [http-nio-8080-exec-2] o.s.web.servlet.DispatcherServlet        : Initializing Servlet 'dispatcherServlet'
2026-01-09T13:09:27.283+07:00 DEBUG 24996 --- [project] [http-nio-8080-exec-2] o.s.web.servlet.DispatcherServlet        : Detected StandardServletMultipartResolver
2026-01-09T13:09:27.299+07:00 DEBUG 24996 --- [project] [http-nio-8080-exec-2] o.s.web.servlet.DispatcherServlet        : Detected AcceptHeaderLocaleResolver
2026-01-09T13:09:27.301+07:00 DEBUG 24996 --- [project] [http-nio-8080-exec-2] o.s.web.servlet.DispatcherServlet        : Detected org.springframework.web.servlet.view.DefaultRequestToViewNameTranslator@dc24732
2026-01-09T13:09:27.301+07:00 DEBUG 24996 --- [project] [http-nio-8080-exec-2] o.s.web.servlet.DispatcherServlet        : Detected org.springframework.web.servlet.support.SessionFlashMapManager@23e1f610
2026-01-09T13:09:27.302+07:00 DEBUG 24996 --- [project] [http-nio-8080-exec-2] o.s.web.servlet.DispatcherServlet        : enableLoggingRequestDetails='false': request parameters and headers will be masked to prevent unsafe logging of potentially sensitive data
2026-01-09T13:09:27.303+07:00  INFO 24996 --- [project] [http-nio-8080-exec-2] o.s.web.servlet.DispatcherServlet        : Completed initialization in 20 ms
2026-01-09T13:09:27.313+07:00 DEBUG 24996 --- [project] [http-nio-8080-exec-2] o.s.web.servlet.DispatcherServlet        : GET "/api/categories/20/products", parameters={}
2026-01-09T13:09:27.336+07:00 DEBUG 24996 --- [project] [http-nio-8080-exec-2] s.w.s.m.m.a.RequestMappingHandlerMapping : Mapped to com.ducknife.project.modules.category.CategoryController#showProductsByCategoryId(Long)
2026-01-09T13:09:27.340+07:00 DEBUG 24996 --- [project] [http-nio-8080-exec-2] o.j.s.OpenEntityManagerInViewInterceptor : Opening JPA EntityManager in OpenEntityManagerInViewInterceptor
2026-01-09T13:09:27.341+07:00 DEBUG 24996 --- [project] [http-nio-8080-exec-2] org.hibernate.orm.core                   : HHH006588: Opening session [tenant=null]
2026-01-09T13:09:27.403+07:00 DEBUG 24996 --- [project] [http-nio-8080-exec-2] o.s.jdbc.core.JdbcTemplate               : Executing prepared SQL query
2026-01-09T13:09:27.405+07:00 DEBUG 24996 --- [project] [http-nio-8080-exec-2] o.s.jdbc.core.JdbcTemplate               : Executing prepared SQL statement [select * from category where id = ?]
2026-01-09T13:09:27.406+07:00 DEBUG 24996 --- [project] [http-nio-8080-exec-2] o.s.jdbc.datasource.DataSourceUtils      : Fetching JDBC Connection from DataSource
2026-01-09T13:09:27.426+07:00 DEBUG 24996 --- [project] [http-nio-8080-exec-2] .m.m.a.ExceptionHandlerExceptionResolver : Using @ExceptionHandler com.ducknife.project.common.GlobalExceptionHandler#handleAppException(AppException)
2026-01-09T13:09:27.439+07:00 DEBUG 24996 --- [project] [http-nio-8080-exec-2] o.s.w.s.m.m.a.HttpEntityMethodProcessor  : Using 'application/json', given [*/*] and supported [application/json, application/*+json]
2026-01-09T13:09:27.441+07:00 DEBUG 24996 --- [project] [http-nio-8080-exec-2] o.s.w.s.m.m.a.HttpEntityMethodProcessor  : Writing [ApiResponse(status=404, message=Không tìm thấy danh mục sản phẩm!, data=null)]
2026-01-09T13:09:27.498+07:00 DEBUG 24996 --- [project] [http-nio-8080-exec-2] .m.m.a.ExceptionHandlerExceptionResolver : Resolved [com.ducknife.project.common.exception.ResourceNotFoundException: Không tìm thấy danh mục sản phẩm!]
2026-01-09T13:09:27.498+07:00 DEBUG 24996 --- [project] [http-nio-8080-exec-2] o.j.s.OpenEntityManagerInViewInterceptor : Closing JPA EntityManager in OpenEntityManagerInViewInterceptor
2026-01-09T13:09:27.499+07:00 DEBUG 24996 --- [project] [http-nio-8080-exec-2] org.hibernate.session.metrics            : HHH000401: Logging session metrics:
	0 ns acquiring 0 JDBC connections
	0 ns releasing 0 JDBC connections
	0 ns preparing 0 JDBC statements
	0 ns executing 0 JDBC statements
	0 ns executing 0 JDBC batches
	0 ns performing 0 second-level cache puts
	0 ns performing 0 second-level cache hits
	0 ns performing 0 second-level cache misses
	0 ns executing 0 flushes (flushing a total of 0 entities and 0 collections)
	0 ns executing 0 pre-partial-flushes
	0 ns executing 0 partial-flushes (flushing a total of 0 entities and 0 collections)

2026-01-09T13:09:27.499+07:00 DEBUG 24996 --- [project] [http-nio-8080-exec-2] o.s.web.servlet.DispatcherServlet        : Completed 404 NOT_FOUND
2026-01-09T13:09:32.093+07:00 DEBUG 24996 --- [project] [http-nio-8080-exec-3] o.s.web.servlet.DispatcherServlet        : GET "/api/categories/20/products", parameters={}
2026-01-09T13:09:32.096+07:00 DEBUG 24996 --- [project] [http-nio-8080-exec-3] s.w.s.m.m.a.RequestMappingHandlerMapping : Mapped to com.ducknife.project.modules.category.CategoryController#showProductsByCategoryId(Long)
2026-01-09T13:09:32.097+07:00 DEBUG 24996 --- [project] [http-nio-8080-exec-3] o.j.s.OpenEntityManagerInViewInterceptor : Opening JPA EntityManager in OpenEntityManagerInViewInterceptor
2026-01-09T13:09:32.097+07:00 DEBUG 24996 --- [project] [http-nio-8080-exec-3] org.hibernate.orm.core                   : HHH006588: Opening session [tenant=null]
2026-01-09T13:09:32.098+07:00 DEBUG 24996 --- [project] [http-nio-8080-exec-3] o.s.jdbc.core.JdbcTemplate               : Executing prepared SQL query
2026-01-09T13:09:32.098+07:00 DEBUG 24996 --- [project] [http-nio-8080-exec-3] o.s.jdbc.core.JdbcTemplate               : Executing prepared SQL statement [select * from category where id = ?]
2026-01-09T13:09:32.098+07:00 DEBUG 24996 --- [project] [http-nio-8080-exec-3] o.s.jdbc.datasource.DataSourceUtils      : Fetching JDBC Connection from DataSource
2026-01-09T13:09:32.103+07:00 DEBUG 24996 --- [project] [http-nio-8080-exec-3] .m.m.a.ExceptionHandlerExceptionResolver : Using @ExceptionHandler com.ducknife.project.common.GlobalExceptionHandler#handleAppException(AppException)
2026-01-09T13:09:32.105+07:00 DEBUG 24996 --- [project] [http-nio-8080-exec-3] o.s.w.s.m.m.a.HttpEntityMethodProcessor  : Using 'application/json', given [*/*] and supported [application/json, application/*+json]
2026-01-09T13:09:32.105+07:00 DEBUG 24996 --- [project] [http-nio-8080-exec-3] o.s.w.s.m.m.a.HttpEntityMethodProcessor  : Writing [ApiResponse(status=404, message=Không tìm thấy danh mục sản phẩm!, data=null)]
2026-01-09T13:09:32.111+07:00 DEBUG 24996 --- [project] [http-nio-8080-exec-3] .m.m.a.ExceptionHandlerExceptionResolver : Resolved [com.ducknife.project.common.exception.ResourceNotFoundException: Không tìm thấy danh mục sản phẩm!]
2026-01-09T13:09:32.112+07:00 DEBUG 24996 --- [project] [http-nio-8080-exec-3] o.j.s.OpenEntityManagerInViewInterceptor : Closing JPA EntityManager in OpenEntityManagerInViewInterceptor
2026-01-09T13:09:32.112+07:00 DEBUG 24996 --- [project] [http-nio-8080-exec-3] org.hibernate.session.metrics            : HHH000401: Logging session metrics:
	0 ns acquiring 0 JDBC connections
	0 ns releasing 0 JDBC connections
	0 ns preparing 0 JDBC statements
	0 ns executing 0 JDBC statements
	0 ns executing 0 JDBC batches
	0 ns performing 0 second-level cache puts
	0 ns performing 0 second-level cache hits
	0 ns performing 0 second-level cache misses
	0 ns executing 0 flushes (flushing a total of 0 entities and 0 collections)
	0 ns executing 0 pre-partial-flushes
	0 ns executing 0 partial-flushes (flushing a total of 0 entities and 0 collections)

2026-01-09T13:09:32.112+07:00 DEBUG 24996 --- [project] [http-nio-8080-exec-3] o.s.web.servlet.DispatcherServlet        : Completed 404 NOT_FOUND
