2026-01-04T23:19:00.125+07:00 DEBUG 13616 --- [project] [http-nio-8080-exec-10] o.s.web.servlet.DispatcherServlet        : GET "/api/categories", parameters={}
2026-01-04T23:19:00.129+07:00 DEBUG 13616 --- [project] [http-nio-8080-exec-10] s.w.s.m.m.a.RequestMappingHandlerMapping : Mapped to com.ducknife.project.modules.category.CategoryController#showCategories()
2026-01-04T23:19:00.130+07:00 DEBUG 13616 --- [project] [http-nio-8080-exec-10] o.j.s.OpenEntityManagerInViewInterceptor : Opening JPA EntityManager in OpenEntityManagerInViewInterceptor
2026-01-04T23:19:00.130+07:00 DEBUG 13616 --- [project] [http-nio-8080-exec-10] org.hibernate.orm.core                   : HHH006588: Opening session [tenant=null]
2026-01-04T23:19:00.132+07:00 DEBUG 13616 --- [project] [http-nio-8080-exec-10] o.s.jdbc.core.JdbcTemplate               : Executing SQL query [select * from category]
2026-01-04T23:19:00.132+07:00 DEBUG 13616 --- [project] [http-nio-8080-exec-10] o.s.jdbc.datasource.DataSourceUtils      : Fetching JDBC Connection from DataSource
2026-01-04T23:19:00.134+07:00 DEBUG 13616 --- [project] [http-nio-8080-exec-10] m.m.a.RequestResponseBodyMethodProcessor : Using 'application/json', given [*/*] and supported [application/json, application/*+json]
2026-01-04T23:19:00.135+07:00 DEBUG 13616 --- [project] [http-nio-8080-exec-10] m.m.a.RequestResponseBodyMethodProcessor : Writing [ApiResponse(status=200, message=OK, data=[CategoryDTO(name=Machine Learning), CategoryDTO(name=Deep  (truncated)...]
2026-01-04T23:19:00.136+07:00 DEBUG 13616 --- [project] [http-nio-8080-exec-10] o.j.s.OpenEntityManagerInViewInterceptor : Closing JPA EntityManager in OpenEntityManagerInViewInterceptor
2026-01-04T23:19:00.136+07:00 DEBUG 13616 --- [project] [http-nio-8080-exec-10] org.hibernate.session.metrics            : HHH000401: Logging session metrics:
	0 ns acquiring 0 JDBC connections
	0 ns releasing 0 JDBC connections
	0 ns preparing 0 JDBC statements
	0 ns executing 0 JDBC statements
	0 ns executing 0 JDBC batches
	0 ns performing 0 second-level cache puts
	0 ns performing 0 second-level cache hits
	0 ns performing 0 second-level cache misses
	0 ns executing 0 flushes (flushing a total of 0 entities and 0 collections)
	0 ns executing 0 pre-partial-flushes
	0 ns executing 0 partial-flushes (flushing a total of 0 entities and 0 collections)

2026-01-04T23:19:00.137+07:00 DEBUG 13616 --- [project] [http-nio-8080-exec-5] o.s.web.servlet.DispatcherServlet        : GET "/api/categories", parameters={}
2026-01-04T23:19:00.138+07:00 DEBUG 13616 --- [project] [http-nio-8080-exec-10] o.s.web.servlet.DispatcherServlet        : Completed 200 OK
2026-01-04T23:19:00.138+07:00 DEBUG 13616 --- [project] [http-nio-8080-exec-5] s.w.s.m.m.a.RequestMappingHandlerMapping : Mapped to com.ducknife.project.modules.category.CategoryController#showCategories()
2026-01-04T23:19:00.138+07:00 DEBUG 13616 --- [project] [http-nio-8080-exec-5] o.j.s.OpenEntityManagerInViewInterceptor : Opening JPA EntityManager in OpenEntityManagerInViewInterceptor
2026-01-04T23:19:00.139+07:00 DEBUG 13616 --- [project] [http-nio-8080-exec-5] org.hibernate.orm.core                   : HHH006588: Opening session [tenant=null]
2026-01-04T23:19:00.139+07:00 DEBUG 13616 --- [project] [http-nio-8080-exec-5] o.s.jdbc.core.JdbcTemplate               : Executing SQL query [select * from category]
2026-01-04T23:19:00.139+07:00 DEBUG 13616 --- [project] [http-nio-8080-exec-5] o.s.jdbc.datasource.DataSourceUtils      : Fetching JDBC Connection from DataSource
2026-01-04T23:19:00.141+07:00 DEBUG 13616 --- [project] [http-nio-8080-exec-5] m.m.a.RequestResponseBodyMethodProcessor : Using 'application/json', given [*/*] and supported [application/json, application/*+json]
2026-01-04T23:19:00.141+07:00 DEBUG 13616 --- [project] [http-nio-8080-exec-5] m.m.a.RequestResponseBodyMethodProcessor : Writing [ApiResponse(status=200, message=OK, data=[CategoryDTO(name=Machine Learning), CategoryDTO(name=Deep  (truncated)...]
2026-01-04T23:19:00.143+07:00 DEBUG 13616 --- [project] [http-nio-8080-exec-5] o.j.s.OpenEntityManagerInViewInterceptor : Closing JPA EntityManager in OpenEntityManagerInViewInterceptor
2026-01-04T23:19:00.144+07:00 DEBUG 13616 --- [project] [http-nio-8080-exec-5] org.hibernate.session.metrics            : HHH000401: Logging session metrics:
	0 ns acquiring 0 JDBC connections
	0 ns releasing 0 JDBC connections
	0 ns preparing 0 JDBC statements
	0 ns executing 0 JDBC statements
	0 ns executing 0 JDBC batches
	0 ns performing 0 second-level cache puts
	0 ns performing 0 second-level cache hits
	0 ns performing 0 second-level cache misses
	0 ns executing 0 flushes (flushing a total of 0 entities and 0 collections)
	0 ns executing 0 pre-partial-flushes
	0 ns executing 0 partial-flushes (flushing a total of 0 entities and 0 collections)

2026-01-04T23:19:00.144+07:00 DEBUG 13616 --- [project] [http-nio-8080-exec-5] o.s.web.servlet.DispatcherServlet        : Completed 200 OK
2026-01-04T23:19:00.438+07:00 DEBUG 13616 --- [project] [http-nio-8080-exec-1] o.s.web.servlet.DispatcherServlet        : GET "/api/categories", parameters={}
2026-01-04T23:19:00.439+07:00 DEBUG 13616 --- [project] [http-nio-8080-exec-1] s.w.s.m.m.a.RequestMappingHandlerMapping : Mapped to com.ducknife.project.modules.category.CategoryController#showCategories()
2026-01-04T23:19:00.439+07:00 DEBUG 13616 --- [project] [http-nio-8080-exec-1] o.j.s.OpenEntityManagerInViewInterceptor : Opening JPA EntityManager in OpenEntityManagerInViewInterceptor
2026-01-04T23:19:00.439+07:00 DEBUG 13616 --- [project] [http-nio-8080-exec-1] org.hibernate.orm.core                   : HHH006588: Opening session [tenant=null]
2026-01-04T23:19:00.441+07:00 DEBUG 13616 --- [project] [http-nio-8080-exec-1] o.s.jdbc.core.JdbcTemplate               : Executing SQL query [select * from category]
2026-01-04T23:19:00.441+07:00 DEBUG 13616 --- [project] [http-nio-8080-exec-1] o.s.jdbc.datasource.DataSourceUtils      : Fetching JDBC Connection from DataSource
2026-01-04T23:19:00.442+07:00 DEBUG 13616 --- [project] [http-nio-8080-exec-1] m.m.a.RequestResponseBodyMethodProcessor : Using 'application/json', given [*/*] and supported [application/json, application/*+json]
2026-01-04T23:19:00.443+07:00 DEBUG 13616 --- [project] [http-nio-8080-exec-1] m.m.a.RequestResponseBodyMethodProcessor : Writing [ApiResponse(status=200, message=OK, data=[CategoryDTO(name=Machine Learning), CategoryDTO(name=Deep  (truncated)...]
2026-01-04T23:19:00.444+07:00 DEBUG 13616 --- [project] [http-nio-8080-exec-1] o.j.s.OpenEntityManagerInViewInterceptor : Closing JPA EntityManager in OpenEntityManagerInViewInterceptor
2026-01-04T23:19:00.450+07:00 DEBUG 13616 --- [project] [http-nio-8080-exec-1] org.hibernate.session.metrics            : HHH000401: Logging session metrics:
	0 ns acquiring 0 JDBC connections
	0 ns releasing 0 JDBC connections
	0 ns preparing 0 JDBC statements
	0 ns executing 0 JDBC statements
	0 ns executing 0 JDBC batches
	0 ns performing 0 second-level cache puts
	0 ns performing 0 second-level cache hits
	0 ns performing 0 second-level cache misses
	0 ns executing 0 flushes (flushing a total of 0 entities and 0 collections)
	0 ns executing 0 pre-partial-flushes
	0 ns executing 0 partial-flushes (flushing a total of 0 entities and 0 collections)

2026-01-04T23:19:00.462+07:00 DEBUG 13616 --- [project] [http-nio-8080-exec-1] o.s.web.servlet.DispatcherServlet        : Completed 200 OK
2026-01-04T23:19:00.465+07:00 DEBUG 13616 --- [project] [http-nio-8080-exec-4] o.s.web.servlet.DispatcherServlet        : GET "/api/categories", parameters={}
2026-01-04T23:19:00.465+07:00 DEBUG 13616 --- [project] [http-nio-8080-exec-4] s.w.s.m.m.a.RequestMappingHandlerMapping : Mapped to com.ducknife.project.modules.category.CategoryController#showCategories()
2026-01-04T23:19:00.466+07:00 DEBUG 13616 --- [project] [http-nio-8080-exec-4] o.j.s.OpenEntityManagerInViewInterceptor : Opening JPA EntityManager in OpenEntityManagerInViewInterceptor
2026-01-04T23:19:00.467+07:00 DEBUG 13616 --- [project] [http-nio-8080-exec-4] org.hibernate.orm.core                   : HHH006588: Opening session [tenant=null]
2026-01-04T23:19:00.467+07:00 DEBUG 13616 --- [project] [http-nio-8080-exec-4] o.s.jdbc.core.JdbcTemplate               : Executing SQL query [select * from category]
2026-01-04T23:19:00.467+07:00 DEBUG 13616 --- [project] [http-nio-8080-exec-4] o.s.jdbc.datasource.DataSourceUtils      : Fetching JDBC Connection from DataSource
2026-01-04T23:19:00.470+07:00 DEBUG 13616 --- [project] [http-nio-8080-exec-4] m.m.a.RequestResponseBodyMethodProcessor : Using 'application/json', given [*/*] and supported [application/json, application/*+json]
2026-01-04T23:19:00.471+07:00 DEBUG 13616 --- [project] [http-nio-8080-exec-4] m.m.a.RequestResponseBodyMethodProcessor : Writing [ApiResponse(status=200, message=OK, data=[CategoryDTO(name=Machine Learning), CategoryDTO(name=Deep  (truncated)...]
2026-01-04T23:19:00.472+07:00 DEBUG 13616 --- [project] [http-nio-8080-exec-4] o.j.s.OpenEntityManagerInViewInterceptor : Closing JPA EntityManager in OpenEntityManagerInViewInterceptor
2026-01-04T23:19:00.476+07:00 DEBUG 13616 --- [project] [http-nio-8080-exec-4] org.hibernate.session.metrics            : HHH000401: Logging session metrics:
	0 ns acquiring 0 JDBC connections
	0 ns releasing 0 JDBC connections
	0 ns preparing 0 JDBC statements
	0 ns executing 0 JDBC statements
	0 ns executing 0 JDBC batches
	0 ns performing 0 second-level cache puts
	0 ns performing 0 second-level cache hits
	0 ns performing 0 second-level cache misses
	0 ns executing 0 flushes (flushing a total of 0 entities and 0 collections)
	0 ns executing 0 pre-partial-flushes
	0 ns executing 0 partial-flushes (flushing a total of 0 entities and 0 collections)

2026-01-04T23:19:00.477+07:00 DEBUG 13616 --- [project] [http-nio-8080-exec-4] o.s.web.servlet.DispatcherServlet        : Completed 200 OK
2026-01-04T23:19:00.784+07:00 DEBUG 13616 --- [project] [http-nio-8080-exec-8] o.s.web.servlet.DispatcherServlet        : GET "/api/categories", parameters={}
2026-01-04T23:19:00.787+07:00 DEBUG 13616 --- [project] [http-nio-8080-exec-8] s.w.s.m.m.a.RequestMappingHandlerMapping : Mapped to com.ducknife.project.modules.category.CategoryController#showCategories()
2026-01-04T23:19:00.788+07:00 DEBUG 13616 --- [project] [http-nio-8080-exec-8] o.j.s.OpenEntityManagerInViewInterceptor : Opening JPA EntityManager in OpenEntityManagerInViewInterceptor
2026-01-04T23:19:00.788+07:00 DEBUG 13616 --- [project] [http-nio-8080-exec-8] org.hibernate.orm.core                   : HHH006588: Opening session [tenant=null]
2026-01-04T23:19:00.789+07:00 DEBUG 13616 --- [project] [http-nio-8080-exec-8] o.s.jdbc.core.JdbcTemplate               : Executing SQL query [select * from category]
2026-01-04T23:19:00.789+07:00 DEBUG 13616 --- [project] [http-nio-8080-exec-8] o.s.jdbc.datasource.DataSourceUtils      : Fetching JDBC Connection from DataSource
2026-01-04T23:19:00.791+07:00 DEBUG 13616 --- [project] [http-nio-8080-exec-8] m.m.a.RequestResponseBodyMethodProcessor : Using 'application/json', given [*/*] and supported [application/json, application/*+json]
2026-01-04T23:19:00.797+07:00 DEBUG 13616 --- [project] [http-nio-8080-exec-8] m.m.a.RequestResponseBodyMethodProcessor : Writing [ApiResponse(status=200, message=OK, data=[CategoryDTO(name=Machine Learning), CategoryDTO(name=Deep  (truncated)...]
2026-01-04T23:19:00.797+07:00 DEBUG 13616 --- [project] [http-nio-8080-exec-8] o.j.s.OpenEntityManagerInViewInterceptor : Closing JPA EntityManager in OpenEntityManagerInViewInterceptor
2026-01-04T23:19:00.799+07:00 DEBUG 13616 --- [project] [http-nio-8080-exec-8] org.hibernate.session.metrics            : HHH000401: Logging session metrics:
	0 ns acquiring 0 JDBC connections
	0 ns releasing 0 JDBC connections
	0 ns preparing 0 JDBC statements
	0 ns executing 0 JDBC statements
	0 ns executing 0 JDBC batches
	0 ns performing 0 second-level cache puts
	0 ns performing 0 second-level cache hits
	0 ns performing 0 second-level cache misses
	0 ns executing 0 flushes (flushing a total of 0 entities and 0 collections)
	0 ns executing 0 pre-partial-flushes
	0 ns executing 0 partial-flushes (flushing a total of 0 entities and 0 collections)

2026-01-04T23:19:00.802+07:00 DEBUG 13616 --- [project] [http-nio-8080-exec-8] o.s.web.servlet.DispatcherServlet        : Completed 200 OK
2026-01-04T23:19:00.825+07:00 DEBUG 13616 --- [project] [http-nio-8080-exec-9] o.s.web.servlet.DispatcherServlet        : GET "/api/categories", parameters={}
2026-01-04T23:19:00.828+07:00 DEBUG 13616 --- [project] [http-nio-8080-exec-9] s.w.s.m.m.a.RequestMappingHandlerMapping : Mapped to com.ducknife.project.modules.category.CategoryController#showCategories()
2026-01-04T23:19:00.829+07:00 DEBUG 13616 --- [project] [http-nio-8080-exec-9] o.j.s.OpenEntityManagerInViewInterceptor : Opening JPA EntityManager in OpenEntityManagerInViewInterceptor
2026-01-04T23:19:00.830+07:00 DEBUG 13616 --- [project] [http-nio-8080-exec-9] org.hibernate.orm.core                   : HHH006588: Opening session [tenant=null]
2026-01-04T23:19:00.831+07:00 DEBUG 13616 --- [project] [http-nio-8080-exec-9] o.s.jdbc.core.JdbcTemplate               : Executing SQL query [select * from category]
2026-01-04T23:19:00.831+07:00 DEBUG 13616 --- [project] [http-nio-8080-exec-9] o.s.jdbc.datasource.DataSourceUtils      : Fetching JDBC Connection from DataSource
2026-01-04T23:19:00.832+07:00 DEBUG 13616 --- [project] [http-nio-8080-exec-9] m.m.a.RequestResponseBodyMethodProcessor : Using 'application/json', given [*/*] and supported [application/json, application/*+json]
2026-01-04T23:19:00.836+07:00 DEBUG 13616 --- [project] [http-nio-8080-exec-9] m.m.a.RequestResponseBodyMethodProcessor : Writing [ApiResponse(status=200, message=OK, data=[CategoryDTO(name=Machine Learning), CategoryDTO(name=Deep  (truncated)...]
2026-01-04T23:19:00.840+07:00 DEBUG 13616 --- [project] [http-nio-8080-exec-9] o.j.s.OpenEntityManagerInViewInterceptor : Closing JPA EntityManager in OpenEntityManagerInViewInterceptor
2026-01-04T23:19:00.841+07:00 DEBUG 13616 --- [project] [http-nio-8080-exec-9] org.hibernate.session.metrics            : HHH000401: Logging session metrics:
	0 ns acquiring 0 JDBC connections
	0 ns releasing 0 JDBC connections
	0 ns preparing 0 JDBC statements
	0 ns executing 0 JDBC statements
	0 ns executing 0 JDBC batches
	0 ns performing 0 second-level cache puts
	0 ns performing 0 second-level cache hits
	0 ns performing 0 second-level cache misses
	0 ns executing 0 flushes (flushing a total of 0 entities and 0 collections)
	0 ns executing 0 pre-partial-flushes
	0 ns executing 0 partial-flushes (flushing a total of 0 entities and 0 collections)

2026-01-04T23:19:00.843+07:00 DEBUG 13616 --- [project] [http-nio-8080-exec-9] o.s.web.servlet.DispatcherServlet        : Completed 200 OK
2026-01-04T23:19:01.010+07:00 DEBUG 13616 --- [project] [http-nio-8080-exec-2] o.s.web.servlet.DispatcherServlet        : GET "/api/categories", parameters={}
2026-01-04T23:19:01.010+07:00 DEBUG 13616 --- [project] [http-nio-8080-exec-2] s.w.s.m.m.a.RequestMappingHandlerMapping : Mapped to com.ducknife.project.modules.category.CategoryController#showCategories()
2026-01-04T23:19:01.010+07:00 DEBUG 13616 --- [project] [http-nio-8080-exec-2] o.j.s.OpenEntityManagerInViewInterceptor : Opening JPA EntityManager in OpenEntityManagerInViewInterceptor
2026-01-04T23:19:01.012+07:00 DEBUG 13616 --- [project] [http-nio-8080-exec-2] org.hibernate.orm.core                   : HHH006588: Opening session [tenant=null]
2026-01-04T23:19:01.012+07:00 DEBUG 13616 --- [project] [http-nio-8080-exec-2] o.s.jdbc.core.JdbcTemplate               : Executing SQL query [select * from category]
2026-01-04T23:19:01.012+07:00 DEBUG 13616 --- [project] [http-nio-8080-exec-2] o.s.jdbc.datasource.DataSourceUtils      : Fetching JDBC Connection from DataSource
2026-01-04T23:19:01.014+07:00 DEBUG 13616 --- [project] [http-nio-8080-exec-2] m.m.a.RequestResponseBodyMethodProcessor : Using 'application/json', given [*/*] and supported [application/json, application/*+json]
2026-01-04T23:19:01.015+07:00 DEBUG 13616 --- [project] [http-nio-8080-exec-2] m.m.a.RequestResponseBodyMethodProcessor : Writing [ApiResponse(status=200, message=OK, data=[CategoryDTO(name=Machine Learning), CategoryDTO(name=Deep  (truncated)...]
2026-01-04T23:19:01.016+07:00 DEBUG 13616 --- [project] [http-nio-8080-exec-2] o.j.s.OpenEntityManagerInViewInterceptor : Closing JPA EntityManager in OpenEntityManagerInViewInterceptor
2026-01-04T23:19:01.016+07:00 DEBUG 13616 --- [project] [http-nio-8080-exec-2] org.hibernate.session.metrics            : HHH000401: Logging session metrics:
	0 ns acquiring 0 JDBC connections
	0 ns releasing 0 JDBC connections
	0 ns preparing 0 JDBC statements
	0 ns executing 0 JDBC statements
	0 ns executing 0 JDBC batches
	0 ns performing 0 second-level cache puts
	0 ns performing 0 second-level cache hits
	0 ns performing 0 second-level cache misses
	0 ns executing 0 flushes (flushing a total of 0 entities and 0 collections)
	0 ns executing 0 pre-partial-flushes
	0 ns executing 0 partial-flushes (flushing a total of 0 entities and 0 collections)

2026-01-04T23:19:01.017+07:00 DEBUG 13616 --- [project] [http-nio-8080-exec-3] o.s.web.servlet.DispatcherServlet        : GET "/api/categories", parameters={}
2026-01-04T23:19:01.084+07:00 DEBUG 13616 --- [project] [http-nio-8080-exec-3] s.w.s.m.m.a.RequestMappingHandlerMapping : Mapped to com.ducknife.project.modules.category.CategoryController#showCategories()
2026-01-04T23:19:01.086+07:00 DEBUG 13616 --- [project] [http-nio-8080-exec-3] o.j.s.OpenEntityManagerInViewInterceptor : Opening JPA EntityManager in OpenEntityManagerInViewInterceptor
2026-01-04T23:19:01.088+07:00 DEBUG 13616 --- [project] [http-nio-8080-exec-3] org.hibernate.orm.core                   : HHH006588: Opening session [tenant=null]
2026-01-04T23:19:01.088+07:00 DEBUG 13616 --- [project] [http-nio-8080-exec-3] o.s.jdbc.core.JdbcTemplate               : Executing SQL query [select * from category]
2026-01-04T23:19:01.089+07:00 DEBUG 13616 --- [project] [http-nio-8080-exec-3] o.s.jdbc.datasource.DataSourceUtils      : Fetching JDBC Connection from DataSource
2026-01-04T23:19:01.081+07:00 DEBUG 13616 --- [project] [http-nio-8080-exec-2] o.s.web.servlet.DispatcherServlet        : Completed 200 OK
2026-01-04T23:19:01.091+07:00 DEBUG 13616 --- [project] [http-nio-8080-exec-3] m.m.a.RequestResponseBodyMethodProcessor : Using 'application/json', given [*/*] and supported [application/json, application/*+json]
2026-01-04T23:19:01.095+07:00 DEBUG 13616 --- [project] [http-nio-8080-exec-3] m.m.a.RequestResponseBodyMethodProcessor : Writing [ApiResponse(status=200, message=OK, data=[CategoryDTO(name=Machine Learning), CategoryDTO(name=Deep  (truncated)...]
2026-01-04T23:19:01.097+07:00 DEBUG 13616 --- [project] [http-nio-8080-exec-3] o.j.s.OpenEntityManagerInViewInterceptor : Closing JPA EntityManager in OpenEntityManagerInViewInterceptor
2026-01-04T23:19:01.097+07:00 DEBUG 13616 --- [project] [http-nio-8080-exec-3] org.hibernate.session.metrics            : HHH000401: Logging session metrics:
	0 ns acquiring 0 JDBC connections
	0 ns releasing 0 JDBC connections
	0 ns preparing 0 JDBC statements
	0 ns executing 0 JDBC statements
	0 ns executing 0 JDBC batches
	0 ns performing 0 second-level cache puts
	0 ns performing 0 second-level cache hits
	0 ns performing 0 second-level cache misses
	0 ns executing 0 flushes (flushing a total of 0 entities and 0 collections)
	0 ns executing 0 pre-partial-flushes
	0 ns executing 0 partial-flushes (flushing a total of 0 entities and 0 collections)

2026-01-04T23:19:01.098+07:00 DEBUG 13616 --- [project] [http-nio-8080-exec-3] o.s.web.servlet.DispatcherServlet        : Completed 200 OK
2026-01-04T23:19:01.187+07:00 DEBUG 13616 --- [project] [http-nio-8080-exec-7] o.s.web.servlet.DispatcherServlet        : GET "/api/categories", parameters={}
2026-01-04T23:19:01.187+07:00 DEBUG 13616 --- [project] [http-nio-8080-exec-7] s.w.s.m.m.a.RequestMappingHandlerMapping : Mapped to com.ducknife.project.modules.category.CategoryController#showCategories()
2026-01-04T23:19:01.189+07:00 DEBUG 13616 --- [project] [http-nio-8080-exec-7] o.j.s.OpenEntityManagerInViewInterceptor : Opening JPA EntityManager in OpenEntityManagerInViewInterceptor
2026-01-04T23:19:01.189+07:00 DEBUG 13616 --- [project] [http-nio-8080-exec-7] org.hibernate.orm.core                   : HHH006588: Opening session [tenant=null]
2026-01-04T23:19:01.189+07:00 DEBUG 13616 --- [project] [http-nio-8080-exec-7] o.s.jdbc.core.JdbcTemplate               : Executing SQL query [select * from category]
2026-01-04T23:19:01.189+07:00 DEBUG 13616 --- [project] [http-nio-8080-exec-7] o.s.jdbc.datasource.DataSourceUtils      : Fetching JDBC Connection from DataSource
2026-01-04T23:19:01.192+07:00 DEBUG 13616 --- [project] [http-nio-8080-exec-7] m.m.a.RequestResponseBodyMethodProcessor : Using 'application/json', given [*/*] and supported [application/json, application/*+json]
2026-01-04T23:19:01.192+07:00 DEBUG 13616 --- [project] [http-nio-8080-exec-7] m.m.a.RequestResponseBodyMethodProcessor : Writing [ApiResponse(status=200, message=OK, data=[CategoryDTO(name=Machine Learning), CategoryDTO(name=Deep  (truncated)...]
2026-01-04T23:19:01.194+07:00 DEBUG 13616 --- [project] [http-nio-8080-exec-7] o.j.s.OpenEntityManagerInViewInterceptor : Closing JPA EntityManager in OpenEntityManagerInViewInterceptor
2026-01-04T23:19:01.195+07:00 DEBUG 13616 --- [project] [http-nio-8080-exec-7] org.hibernate.session.metrics            : HHH000401: Logging session metrics:
	0 ns acquiring 0 JDBC connections
	0 ns releasing 0 JDBC connections
	0 ns preparing 0 JDBC statements
	0 ns executing 0 JDBC statements
	0 ns executing 0 JDBC batches
	0 ns performing 0 second-level cache puts
	0 ns performing 0 second-level cache hits
	0 ns performing 0 second-level cache misses
	0 ns executing 0 flushes (flushing a total of 0 entities and 0 collections)
	0 ns executing 0 pre-partial-flushes
	0 ns executing 0 partial-flushes (flushing a total of 0 entities and 0 collections)

2026-01-04T23:19:01.195+07:00 DEBUG 13616 --- [project] [http-nio-8080-exec-7] o.s.web.servlet.DispatcherServlet        : Completed 200 OK
2026-01-04T23:19:01.352+07:00 DEBUG 13616 --- [project] [http-nio-8080-exec-6] o.s.web.servlet.DispatcherServlet        : GET "/api/categories", parameters={}
2026-01-04T23:19:01.354+07:00 DEBUG 13616 --- [project] [http-nio-8080-exec-6] s.w.s.m.m.a.RequestMappingHandlerMapping : Mapped to com.ducknife.project.modules.category.CategoryController#showCategories()
2026-01-04T23:19:01.354+07:00 DEBUG 13616 --- [project] [http-nio-8080-exec-6] o.j.s.OpenEntityManagerInViewInterceptor : Opening JPA EntityManager in OpenEntityManagerInViewInterceptor
2026-01-04T23:19:01.356+07:00 DEBUG 13616 --- [project] [http-nio-8080-exec-6] org.hibernate.orm.core                   : HHH006588: Opening session [tenant=null]
2026-01-04T23:19:01.357+07:00 DEBUG 13616 --- [project] [http-nio-8080-exec-6] o.s.jdbc.core.JdbcTemplate               : Executing SQL query [select * from category]
2026-01-04T23:19:01.357+07:00 DEBUG 13616 --- [project] [http-nio-8080-exec-6] o.s.jdbc.datasource.DataSourceUtils      : Fetching JDBC Connection from DataSource
2026-01-04T23:19:01.358+07:00 DEBUG 13616 --- [project] [http-nio-8080-exec-6] m.m.a.RequestResponseBodyMethodProcessor : Using 'application/json', given [*/*] and supported [application/json, application/*+json]
2026-01-04T23:19:01.359+07:00 DEBUG 13616 --- [project] [http-nio-8080-exec-6] m.m.a.RequestResponseBodyMethodProcessor : Writing [ApiResponse(status=200, message=OK, data=[CategoryDTO(name=Machine Learning), CategoryDTO(name=Deep  (truncated)...]
2026-01-04T23:19:01.361+07:00 DEBUG 13616 --- [project] [http-nio-8080-exec-6] o.j.s.OpenEntityManagerInViewInterceptor : Closing JPA EntityManager in OpenEntityManagerInViewInterceptor
2026-01-04T23:19:01.361+07:00 DEBUG 13616 --- [project] [http-nio-8080-exec-6] org.hibernate.session.metrics            : HHH000401: Logging session metrics:
	0 ns acquiring 0 JDBC connections
	0 ns releasing 0 JDBC connections
	0 ns preparing 0 JDBC statements
	0 ns executing 0 JDBC statements
	0 ns executing 0 JDBC batches
	0 ns performing 0 second-level cache puts
	0 ns performing 0 second-level cache hits
	0 ns performing 0 second-level cache misses
	0 ns executing 0 flushes (flushing a total of 0 entities and 0 collections)
	0 ns executing 0 pre-partial-flushes
	0 ns executing 0 partial-flushes (flushing a total of 0 entities and 0 collections)

2026-01-04T23:19:01.362+07:00 DEBUG 13616 --- [project] [http-nio-8080-exec-10] o.s.web.servlet.DispatcherServlet        : GET "/api/categories", parameters={}
2026-01-04T23:19:01.363+07:00 DEBUG 13616 --- [project] [http-nio-8080-exec-6] o.s.web.servlet.DispatcherServlet        : Completed 200 OK
2026-01-04T23:19:01.363+07:00 DEBUG 13616 --- [project] [http-nio-8080-exec-10] s.w.s.m.m.a.RequestMappingHandlerMapping : Mapped to com.ducknife.project.modules.category.CategoryController#showCategories()
2026-01-04T23:19:01.364+07:00 DEBUG 13616 --- [project] [http-nio-8080-exec-10] o.j.s.OpenEntityManagerInViewInterceptor : Opening JPA EntityManager in OpenEntityManagerInViewInterceptor
2026-01-04T23:19:01.364+07:00 DEBUG 13616 --- [project] [http-nio-8080-exec-10] org.hibernate.orm.core                   : HHH006588: Opening session [tenant=null]
2026-01-04T23:19:01.364+07:00 DEBUG 13616 --- [project] [http-nio-8080-exec-10] o.s.jdbc.core.JdbcTemplate               : Executing SQL query [select * from category]
2026-01-04T23:19:01.364+07:00 DEBUG 13616 --- [project] [http-nio-8080-exec-10] o.s.jdbc.datasource.DataSourceUtils      : Fetching JDBC Connection from DataSource
2026-01-04T23:19:01.367+07:00 DEBUG 13616 --- [project] [http-nio-8080-exec-10] m.m.a.RequestResponseBodyMethodProcessor : Using 'application/json', given [*/*] and supported [application/json, application/*+json]
2026-01-04T23:19:01.367+07:00 DEBUG 13616 --- [project] [http-nio-8080-exec-10] m.m.a.RequestResponseBodyMethodProcessor : Writing [ApiResponse(status=200, message=OK, data=[CategoryDTO(name=Machine Learning), CategoryDTO(name=Deep  (truncated)...]
2026-01-04T23:19:01.368+07:00 DEBUG 13616 --- [project] [http-nio-8080-exec-10] o.j.s.OpenEntityManagerInViewInterceptor : Closing JPA EntityManager in OpenEntityManagerInViewInterceptor
2026-01-04T23:19:01.369+07:00 DEBUG 13616 --- [project] [http-nio-8080-exec-10] org.hibernate.session.metrics            : HHH000401: Logging session metrics:
	0 ns acquiring 0 JDBC connections
	0 ns releasing 0 JDBC connections
	0 ns preparing 0 JDBC statements
	0 ns executing 0 JDBC statements
	0 ns executing 0 JDBC batches
	0 ns performing 0 second-level cache puts
	0 ns performing 0 second-level cache hits
	0 ns performing 0 second-level cache misses
	0 ns executing 0 flushes (flushing a total of 0 entities and 0 collections)
	0 ns executing 0 pre-partial-flushes
	0 ns executing 0 partial-flushes (flushing a total of 0 entities and 0 collections)

2026-01-04T23:19:01.370+07:00 DEBUG 13616 --- [project] [http-nio-8080-exec-10] o.s.web.servlet.DispatcherServlet        : Completed 200 OK
2026-01-04T23:19:02.168+07:00 DEBUG 13616 --- [project] [http-nio-8080-exec-5] o.s.web.servlet.DispatcherServlet        : GET "/api/categories", parameters={}
2026-01-04T23:19:02.169+07:00 DEBUG 13616 --- [project] [http-nio-8080-exec-5] s.w.s.m.m.a.RequestMappingHandlerMapping : Mapped to com.ducknife.project.modules.category.CategoryController#showCategories()
2026-01-04T23:19:02.171+07:00 DEBUG 13616 --- [project] [http-nio-8080-exec-5] o.j.s.OpenEntityManagerInViewInterceptor : Opening JPA EntityManager in OpenEntityManagerInViewInterceptor
2026-01-04T23:19:02.172+07:00 DEBUG 13616 --- [project] [http-nio-8080-exec-5] org.hibernate.orm.core                   : HHH006588: Opening session [tenant=null]
2026-01-04T23:19:02.172+07:00 DEBUG 13616 --- [project] [http-nio-8080-exec-5] o.s.jdbc.core.JdbcTemplate               : Executing SQL query [select * from category]
2026-01-04T23:19:02.172+07:00 DEBUG 13616 --- [project] [http-nio-8080-exec-5] o.s.jdbc.datasource.DataSourceUtils      : Fetching JDBC Connection from DataSource
2026-01-04T23:19:02.174+07:00 DEBUG 13616 --- [project] [http-nio-8080-exec-5] m.m.a.RequestResponseBodyMethodProcessor : Using 'application/json', given [*/*] and supported [application/json, application/*+json]
2026-01-04T23:19:02.175+07:00 DEBUG 13616 --- [project] [http-nio-8080-exec-5] m.m.a.RequestResponseBodyMethodProcessor : Writing [ApiResponse(status=200, message=OK, data=[CategoryDTO(name=Machine Learning), CategoryDTO(name=Deep  (truncated)...]
2026-01-04T23:19:02.176+07:00 DEBUG 13616 --- [project] [http-nio-8080-exec-5] o.j.s.OpenEntityManagerInViewInterceptor : Closing JPA EntityManager in OpenEntityManagerInViewInterceptor
2026-01-04T23:19:02.176+07:00 DEBUG 13616 --- [project] [http-nio-8080-exec-5] org.hibernate.session.metrics            : HHH000401: Logging session metrics:
	0 ns acquiring 0 JDBC connections
	0 ns releasing 0 JDBC connections
	0 ns preparing 0 JDBC statements
	0 ns executing 0 JDBC statements
	0 ns executing 0 JDBC batches
	0 ns performing 0 second-level cache puts
	0 ns performing 0 second-level cache hits
	0 ns performing 0 second-level cache misses
	0 ns executing 0 flushes (flushing a total of 0 entities and 0 collections)
	0 ns executing 0 pre-partial-flushes
	0 ns executing 0 partial-flushes (flushing a total of 0 entities and 0 collections)

2026-01-04T23:19:02.177+07:00 DEBUG 13616 --- [project] [http-nio-8080-exec-1] o.s.web.servlet.DispatcherServlet        : GET "/api/categories", parameters={}
2026-01-04T23:19:02.177+07:00 DEBUG 13616 --- [project] [http-nio-8080-exec-5] o.s.web.servlet.DispatcherServlet        : Completed 200 OK
2026-01-04T23:19:02.177+07:00 DEBUG 13616 --- [project] [http-nio-8080-exec-1] s.w.s.m.m.a.RequestMappingHandlerMapping : Mapped to com.ducknife.project.modules.category.CategoryController#showCategories()
2026-01-04T23:19:02.177+07:00 DEBUG 13616 --- [project] [http-nio-8080-exec-1] o.j.s.OpenEntityManagerInViewInterceptor : Opening JPA EntityManager in OpenEntityManagerInViewInterceptor
2026-01-04T23:19:02.177+07:00 DEBUG 13616 --- [project] [http-nio-8080-exec-1] org.hibernate.orm.core                   : HHH006588: Opening session [tenant=null]
2026-01-04T23:19:02.178+07:00 DEBUG 13616 --- [project] [http-nio-8080-exec-1] o.s.jdbc.core.JdbcTemplate               : Executing SQL query [select * from category]
2026-01-04T23:19:02.178+07:00 DEBUG 13616 --- [project] [http-nio-8080-exec-1] o.s.jdbc.datasource.DataSourceUtils      : Fetching JDBC Connection from DataSource
2026-01-04T23:19:02.180+07:00 DEBUG 13616 --- [project] [http-nio-8080-exec-1] m.m.a.RequestResponseBodyMethodProcessor : Using 'application/json', given [*/*] and supported [application/json, application/*+json]
2026-01-04T23:19:02.180+07:00 DEBUG 13616 --- [project] [http-nio-8080-exec-1] m.m.a.RequestResponseBodyMethodProcessor : Writing [ApiResponse(status=200, message=OK, data=[CategoryDTO(name=Machine Learning), CategoryDTO(name=Deep  (truncated)...]
2026-01-04T23:19:02.181+07:00 DEBUG 13616 --- [project] [http-nio-8080-exec-1] o.j.s.OpenEntityManagerInViewInterceptor : Closing JPA EntityManager in OpenEntityManagerInViewInterceptor
2026-01-04T23:19:02.181+07:00 DEBUG 13616 --- [project] [http-nio-8080-exec-1] org.hibernate.session.metrics            : HHH000401: Logging session metrics:
	0 ns acquiring 0 JDBC connections
	0 ns releasing 0 JDBC connections
	0 ns preparing 0 JDBC statements
	0 ns executing 0 JDBC statements
	0 ns executing 0 JDBC batches
	0 ns performing 0 second-level cache puts
	0 ns performing 0 second-level cache hits
	0 ns performing 0 second-level cache misses
	0 ns executing 0 flushes (flushing a total of 0 entities and 0 collections)
	0 ns executing 0 pre-partial-flushes
	0 ns executing 0 partial-flushes (flushing a total of 0 entities and 0 collections)

2026-01-04T23:19:02.182+07:00 DEBUG 13616 --- [project] [http-nio-8080-exec-1] o.s.web.servlet.DispatcherServlet        : Completed 200 OK
2026-01-04T23:19:03.276+07:00 DEBUG 13616 --- [project] [http-nio-8080-exec-4] o.s.web.servlet.DispatcherServlet        : GET "/api/categories", parameters={}
2026-01-04T23:19:03.278+07:00 DEBUG 13616 --- [project] [http-nio-8080-exec-4] s.w.s.m.m.a.RequestMappingHandlerMapping : Mapped to com.ducknife.project.modules.category.CategoryController#showCategories()
2026-01-04T23:19:03.280+07:00 DEBUG 13616 --- [project] [http-nio-8080-exec-4] o.j.s.OpenEntityManagerInViewInterceptor : Opening JPA EntityManager in OpenEntityManagerInViewInterceptor
2026-01-04T23:19:03.281+07:00 DEBUG 13616 --- [project] [http-nio-8080-exec-4] org.hibernate.orm.core                   : HHH006588: Opening session [tenant=null]
2026-01-04T23:19:03.283+07:00 DEBUG 13616 --- [project] [http-nio-8080-exec-4] o.s.jdbc.core.JdbcTemplate               : Executing SQL query [select * from category]
2026-01-04T23:19:03.283+07:00 DEBUG 13616 --- [project] [http-nio-8080-exec-4] o.s.jdbc.datasource.DataSourceUtils      : Fetching JDBC Connection from DataSource
2026-01-04T23:19:03.285+07:00 DEBUG 13616 --- [project] [http-nio-8080-exec-4] m.m.a.RequestResponseBodyMethodProcessor : Using 'application/json', given [*/*] and supported [application/json, application/*+json]
2026-01-04T23:19:03.286+07:00 DEBUG 13616 --- [project] [http-nio-8080-exec-4] m.m.a.RequestResponseBodyMethodProcessor : Writing [ApiResponse(status=200, message=OK, data=[CategoryDTO(name=Machine Learning), CategoryDTO(name=Deep  (truncated)...]
2026-01-04T23:19:03.287+07:00 DEBUG 13616 --- [project] [http-nio-8080-exec-4] o.j.s.OpenEntityManagerInViewInterceptor : Closing JPA EntityManager in OpenEntityManagerInViewInterceptor
2026-01-04T23:19:03.288+07:00 DEBUG 13616 --- [project] [http-nio-8080-exec-4] org.hibernate.session.metrics            : HHH000401: Logging session metrics:
	0 ns acquiring 0 JDBC connections
	0 ns releasing 0 JDBC connections
	0 ns preparing 0 JDBC statements
	0 ns executing 0 JDBC statements
	0 ns executing 0 JDBC batches
	0 ns performing 0 second-level cache puts
	0 ns performing 0 second-level cache hits
	0 ns performing 0 second-level cache misses
	0 ns executing 0 flushes (flushing a total of 0 entities and 0 collections)
	0 ns executing 0 pre-partial-flushes
	0 ns executing 0 partial-flushes (flushing a total of 0 entities and 0 collections)

2026-01-04T23:19:03.288+07:00 DEBUG 13616 --- [project] [http-nio-8080-exec-4] o.s.web.servlet.DispatcherServlet        : Completed 200 OK
2026-01-04T23:19:03.288+07:00 DEBUG 13616 --- [project] [http-nio-8080-exec-8] o.s.web.servlet.DispatcherServlet        : GET "/api/categories", parameters={}
2026-01-04T23:19:03.289+07:00 DEBUG 13616 --- [project] [http-nio-8080-exec-8] s.w.s.m.m.a.RequestMappingHandlerMapping : Mapped to com.ducknife.project.modules.category.CategoryController#showCategories()
2026-01-04T23:19:03.289+07:00 DEBUG 13616 --- [project] [http-nio-8080-exec-8] o.j.s.OpenEntityManagerInViewInterceptor : Opening JPA EntityManager in OpenEntityManagerInViewInterceptor
2026-01-04T23:19:03.289+07:00 DEBUG 13616 --- [project] [http-nio-8080-exec-8] org.hibernate.orm.core                   : HHH006588: Opening session [tenant=null]
2026-01-04T23:19:03.291+07:00 DEBUG 13616 --- [project] [http-nio-8080-exec-8] o.s.jdbc.core.JdbcTemplate               : Executing SQL query [select * from category]
2026-01-04T23:19:03.291+07:00 DEBUG 13616 --- [project] [http-nio-8080-exec-8] o.s.jdbc.datasource.DataSourceUtils      : Fetching JDBC Connection from DataSource
2026-01-04T23:19:03.292+07:00 DEBUG 13616 --- [project] [http-nio-8080-exec-8] m.m.a.RequestResponseBodyMethodProcessor : Using 'application/json', given [*/*] and supported [application/json, application/*+json]
2026-01-04T23:19:03.292+07:00 DEBUG 13616 --- [project] [http-nio-8080-exec-8] m.m.a.RequestResponseBodyMethodProcessor : Writing [ApiResponse(status=200, message=OK, data=[CategoryDTO(name=Machine Learning), CategoryDTO(name=Deep  (truncated)...]
2026-01-04T23:19:03.293+07:00 DEBUG 13616 --- [project] [http-nio-8080-exec-8] o.j.s.OpenEntityManagerInViewInterceptor : Closing JPA EntityManager in OpenEntityManagerInViewInterceptor
2026-01-04T23:19:03.293+07:00 DEBUG 13616 --- [project] [http-nio-8080-exec-8] org.hibernate.session.metrics            : HHH000401: Logging session metrics:
	0 ns acquiring 0 JDBC connections
	0 ns releasing 0 JDBC connections
	0 ns preparing 0 JDBC statements
	0 ns executing 0 JDBC statements
	0 ns executing 0 JDBC batches
	0 ns performing 0 second-level cache puts
	0 ns performing 0 second-level cache hits
	0 ns performing 0 second-level cache misses
	0 ns executing 0 flushes (flushing a total of 0 entities and 0 collections)
	0 ns executing 0 pre-partial-flushes
	0 ns executing 0 partial-flushes (flushing a total of 0 entities and 0 collections)

2026-01-04T23:19:03.295+07:00 DEBUG 13616 --- [project] [http-nio-8080-exec-8] o.s.web.servlet.DispatcherServlet        : Completed 200 OK
2026-01-04T23:19:04.002+07:00 DEBUG 13616 --- [project] [HikariPool-1:housekeeper] com.zaxxer.hikari.pool.HikariPool        : HikariPool-1 - keepalive: connection com.mysql.cj.jdbc.ConnectionImpl@5f48e3e1 is alive
2026-01-04T23:19:04.369+07:00 DEBUG 13616 --- [project] [http-nio-8080-exec-9] o.s.web.servlet.DispatcherServlet        : GET "/api/categories", parameters={}
2026-01-04T23:19:04.370+07:00 DEBUG 13616 --- [project] [http-nio-8080-exec-9] s.w.s.m.m.a.RequestMappingHandlerMapping : Mapped to com.ducknife.project.modules.category.CategoryController#showCategories()
2026-01-04T23:19:04.372+07:00 DEBUG 13616 --- [project] [http-nio-8080-exec-9] o.j.s.OpenEntityManagerInViewInterceptor : Opening JPA EntityManager in OpenEntityManagerInViewInterceptor
2026-01-04T23:19:04.374+07:00 DEBUG 13616 --- [project] [http-nio-8080-exec-9] org.hibernate.orm.core                   : HHH006588: Opening session [tenant=null]
2026-01-04T23:19:04.374+07:00 DEBUG 13616 --- [project] [http-nio-8080-exec-9] o.s.jdbc.core.JdbcTemplate               : Executing SQL query [select * from category]
2026-01-04T23:19:04.375+07:00 DEBUG 13616 --- [project] [http-nio-8080-exec-9] o.s.jdbc.datasource.DataSourceUtils      : Fetching JDBC Connection from DataSource
2026-01-04T23:19:04.376+07:00 DEBUG 13616 --- [project] [http-nio-8080-exec-9] m.m.a.RequestResponseBodyMethodProcessor : Using 'application/json', given [*/*] and supported [application/json, application/*+json]
2026-01-04T23:19:04.377+07:00 DEBUG 13616 --- [project] [http-nio-8080-exec-9] m.m.a.RequestResponseBodyMethodProcessor : Writing [ApiResponse(status=200, message=OK, data=[CategoryDTO(name=Machine Learning), CategoryDTO(name=Deep  (truncated)...]
2026-01-04T23:19:04.377+07:00 DEBUG 13616 --- [project] [http-nio-8080-exec-9] o.j.s.OpenEntityManagerInViewInterceptor : Closing JPA EntityManager in OpenEntityManagerInViewInterceptor
2026-01-04T23:19:04.379+07:00 DEBUG 13616 --- [project] [http-nio-8080-exec-9] org.hibernate.session.metrics            : HHH000401: Logging session metrics:
	0 ns acquiring 0 JDBC connections
	0 ns releasing 0 JDBC connections
	0 ns preparing 0 JDBC statements
	0 ns executing 0 JDBC statements
	0 ns executing 0 JDBC batches
	0 ns performing 0 second-level cache puts
	0 ns performing 0 second-level cache hits
	0 ns performing 0 second-level cache misses
	0 ns executing 0 flushes (flushing a total of 0 entities and 0 collections)
	0 ns executing 0 pre-partial-flushes
	0 ns executing 0 partial-flushes (flushing a total of 0 entities and 0 collections)

2026-01-04T23:19:04.380+07:00 DEBUG 13616 --- [project] [http-nio-8080-exec-9] o.s.web.servlet.DispatcherServlet        : Completed 200 OK
2026-01-04T23:19:04.381+07:00 DEBUG 13616 --- [project] [http-nio-8080-exec-2] o.s.web.servlet.DispatcherServlet        : GET "/api/categories", parameters={}
2026-01-04T23:19:04.381+07:00 DEBUG 13616 --- [project] [http-nio-8080-exec-2] s.w.s.m.m.a.RequestMappingHandlerMapping : Mapped to com.ducknife.project.modules.category.CategoryController#showCategories()
2026-01-04T23:19:04.382+07:00 DEBUG 13616 --- [project] [http-nio-8080-exec-2] o.j.s.OpenEntityManagerInViewInterceptor : Opening JPA EntityManager in OpenEntityManagerInViewInterceptor
2026-01-04T23:19:04.382+07:00 DEBUG 13616 --- [project] [http-nio-8080-exec-2] org.hibernate.orm.core                   : HHH006588: Opening session [tenant=null]
2026-01-04T23:19:04.385+07:00 DEBUG 13616 --- [project] [http-nio-8080-exec-2] o.s.jdbc.core.JdbcTemplate               : Executing SQL query [select * from category]
2026-01-04T23:19:04.385+07:00 DEBUG 13616 --- [project] [http-nio-8080-exec-2] o.s.jdbc.datasource.DataSourceUtils      : Fetching JDBC Connection from DataSource
2026-01-04T23:19:04.389+07:00 DEBUG 13616 --- [project] [http-nio-8080-exec-2] m.m.a.RequestResponseBodyMethodProcessor : Using 'application/json', given [*/*] and supported [application/json, application/*+json]
2026-01-04T23:19:04.389+07:00 DEBUG 13616 --- [project] [http-nio-8080-exec-2] m.m.a.RequestResponseBodyMethodProcessor : Writing [ApiResponse(status=200, message=OK, data=[CategoryDTO(name=Machine Learning), CategoryDTO(name=Deep  (truncated)...]
2026-01-04T23:19:04.390+07:00 DEBUG 13616 --- [project] [http-nio-8080-exec-2] o.j.s.OpenEntityManagerInViewInterceptor : Closing JPA EntityManager in OpenEntityManagerInViewInterceptor
2026-01-04T23:19:04.390+07:00 DEBUG 13616 --- [project] [http-nio-8080-exec-2] org.hibernate.session.metrics            : HHH000401: Logging session metrics:
	0 ns acquiring 0 JDBC connections
	0 ns releasing 0 JDBC connections
	0 ns preparing 0 JDBC statements
	0 ns executing 0 JDBC statements
	0 ns executing 0 JDBC batches
	0 ns performing 0 second-level cache puts
	0 ns performing 0 second-level cache hits
	0 ns performing 0 second-level cache misses
	0 ns executing 0 flushes (flushing a total of 0 entities and 0 collections)
	0 ns executing 0 pre-partial-flushes
	0 ns executing 0 partial-flushes (flushing a total of 0 entities and 0 collections)

2026-01-04T23:19:04.391+07:00 DEBUG 13616 --- [project] [http-nio-8080-exec-2] o.s.web.servlet.DispatcherServlet        : Completed 200 OK
2026-01-04T23:19:05.359+07:00 DEBUG 13616 --- [project] [http-nio-8080-exec-7] o.apache.coyote.http11.Http11Processor   : Error parsing HTTP request header

java.io.EOFException
	at org.apache.tomcat.util.net.NioEndpoint$NioSocketWrapper.fillReadBuffer(NioEndpoint.java:1338) ~[tomcat-embed-core-11.0.15.jar:11.0.15]
	at org.apache.tomcat.util.net.NioEndpoint$NioSocketWrapper.read(NioEndpoint.java:1223) ~[tomcat-embed-core-11.0.15.jar:11.0.15]
	at org.apache.coyote.http11.Http11InputBuffer.fill(Http11InputBuffer.java:776) ~[tomcat-embed-core-11.0.15.jar:11.0.15]
	at org.apache.coyote.http11.Http11InputBuffer.parseRequestLine(Http11InputBuffer.java:334) ~[tomcat-embed-core-11.0.15.jar:11.0.15]
	at org.apache.coyote.http11.Http11Processor.service(Http11Processor.java:270) ~[tomcat-embed-core-11.0.15.jar:11.0.15]
	at org.apache.coyote.AbstractProcessorLight.process(AbstractProcessorLight.java:63) ~[tomcat-embed-core-11.0.15.jar:11.0.15]
	at org.apache.coyote.AbstractProtocol$ConnectionHandler.process(AbstractProtocol.java:903) ~[tomcat-embed-core-11.0.15.jar:11.0.15]
	at org.apache.tomcat.util.net.NioEndpoint$SocketProcessor.doRun(NioEndpoint.java:1778) ~[tomcat-embed-core-11.0.15.jar:11.0.15]
	at org.apache.tomcat.util.net.SocketProcessorBase.run(SocketProcessorBase.java:52) ~[tomcat-embed-core-11.0.15.jar:11.0.15]
	at org.apache.tomcat.util.threads.ThreadPoolExecutor.runWorker(ThreadPoolExecutor.java:946) ~[tomcat-embed-core-11.0.15.jar:11.0.15]
	at org.apache.tomcat.util.threads.ThreadPoolExecutor$Worker.run(ThreadPoolExecutor.java:480) ~[tomcat-embed-core-11.0.15.jar:11.0.15]
	at org.apache.tomcat.util.threads.TaskThread$WrappingRunnable.run(TaskThread.java:57) ~[tomcat-embed-core-11.0.15.jar:11.0.15]
	at java.base/java.lang.Thread.run(Thread.java:1447) ~[na:na]

2026-01-04T23:19:05.359+07:00 DEBUG 13616 --- [project] [http-nio-8080-exec-3] o.apache.coyote.http11.Http11Processor   : Error parsing HTTP request header

java.io.EOFException
	at org.apache.tomcat.util.net.NioEndpoint$NioSocketWrapper.fillReadBuffer(NioEndpoint.java:1338) ~[tomcat-embed-core-11.0.15.jar:11.0.15]
	at org.apache.tomcat.util.net.NioEndpoint$NioSocketWrapper.read(NioEndpoint.java:1223) ~[tomcat-embed-core-11.0.15.jar:11.0.15]
	at org.apache.coyote.http11.Http11InputBuffer.fill(Http11InputBuffer.java:776) ~[tomcat-embed-core-11.0.15.jar:11.0.15]
	at org.apache.coyote.http11.Http11InputBuffer.parseRequestLine(Http11InputBuffer.java:334) ~[tomcat-embed-core-11.0.15.jar:11.0.15]
	at org.apache.coyote.http11.Http11Processor.service(Http11Processor.java:270) ~[tomcat-embed-core-11.0.15.jar:11.0.15]
	at org.apache.coyote.AbstractProcessorLight.process(AbstractProcessorLight.java:63) ~[tomcat-embed-core-11.0.15.jar:11.0.15]
	at org.apache.coyote.AbstractProtocol$ConnectionHandler.process(AbstractProtocol.java:903) ~[tomcat-embed-core-11.0.15.jar:11.0.15]
	at org.apache.tomcat.util.net.NioEndpoint$SocketProcessor.doRun(NioEndpoint.java:1778) ~[tomcat-embed-core-11.0.15.jar:11.0.15]
	at org.apache.tomcat.util.net.SocketProcessorBase.run(SocketProcessorBase.java:52) ~[tomcat-embed-core-11.0.15.jar:11.0.15]
	at org.apache.tomcat.util.threads.ThreadPoolExecutor.runWorker(ThreadPoolExecutor.java:946) ~[tomcat-embed-core-11.0.15.jar:11.0.15]
	at org.apache.tomcat.util.threads.ThreadPoolExecutor$Worker.run(ThreadPoolExecutor.java:480) ~[tomcat-embed-core-11.0.15.jar:11.0.15]
	at org.apache.tomcat.util.threads.TaskThread$WrappingRunnable.run(TaskThread.java:57) ~[tomcat-embed-core-11.0.15.jar:11.0.15]
	at java.base/java.lang.Thread.run(Thread.java:1447) ~[na:na]

2026-01-04T23:19:05.360+07:00 DEBUG 13616 --- [project] [http-nio-8080-exec-7] o.apache.coyote.http11.Http11Processor   : Error state [CLOSE_CONNECTION_NOW] reported while processing request

java.io.EOFException
	at org.apache.tomcat.util.net.NioEndpoint$NioSocketWrapper.fillReadBuffer(NioEndpoint.java:1338) ~[tomcat-embed-core-11.0.15.jar:11.0.15]
	at org.apache.tomcat.util.net.NioEndpoint$NioSocketWrapper.read(NioEndpoint.java:1223) ~[tomcat-embed-core-11.0.15.jar:11.0.15]
	at org.apache.coyote.http11.Http11InputBuffer.fill(Http11InputBuffer.java:776) ~[tomcat-embed-core-11.0.15.jar:11.0.15]
	at org.apache.coyote.http11.Http11InputBuffer.parseRequestLine(Http11InputBuffer.java:334) ~[tomcat-embed-core-11.0.15.jar:11.0.15]
	at org.apache.coyote.http11.Http11Processor.service(Http11Processor.java:270) ~[tomcat-embed-core-11.0.15.jar:11.0.15]
	at org.apache.coyote.AbstractProcessorLight.process(AbstractProcessorLight.java:63) ~[tomcat-embed-core-11.0.15.jar:11.0.15]
	at org.apache.coyote.AbstractProtocol$ConnectionHandler.process(AbstractProtocol.java:903) ~[tomcat-embed-core-11.0.15.jar:11.0.15]
	at org.apache.tomcat.util.net.NioEndpoint$SocketProcessor.doRun(NioEndpoint.java:1778) ~[tomcat-embed-core-11.0.15.jar:11.0.15]
	at org.apache.tomcat.util.net.SocketProcessorBase.run(SocketProcessorBase.java:52) ~[tomcat-embed-core-11.0.15.jar:11.0.15]
	at org.apache.tomcat.util.threads.ThreadPoolExecutor.runWorker(ThreadPoolExecutor.java:946) ~[tomcat-embed-core-11.0.15.jar:11.0.15]
	at org.apache.tomcat.util.threads.ThreadPoolExecutor$Worker.run(ThreadPoolExecutor.java:480) ~[tomcat-embed-core-11.0.15.jar:11.0.15]
	at org.apache.tomcat.util.threads.TaskThread$WrappingRunnable.run(TaskThread.java:57) ~[tomcat-embed-core-11.0.15.jar:11.0.15]
	at java.base/java.lang.Thread.run(Thread.java:1447) ~[na:na]

2026-01-04T23:19:05.360+07:00 DEBUG 13616 --- [project] [http-nio-8080-exec-3] o.apache.coyote.http11.Http11Processor   : Error state [CLOSE_CONNECTION_NOW] reported while processing request

java.io.EOFException
	at org.apache.tomcat.util.net.NioEndpoint$NioSocketWrapper.fillReadBuffer(NioEndpoint.java:1338) ~[tomcat-embed-core-11.0.15.jar:11.0.15]
	at org.apache.tomcat.util.net.NioEndpoint$NioSocketWrapper.read(NioEndpoint.java:1223) ~[tomcat-embed-core-11.0.15.jar:11.0.15]
	at org.apache.coyote.http11.Http11InputBuffer.fill(Http11InputBuffer.java:776) ~[tomcat-embed-core-11.0.15.jar:11.0.15]
	at org.apache.coyote.http11.Http11InputBuffer.parseRequestLine(Http11InputBuffer.java:334) ~[tomcat-embed-core-11.0.15.jar:11.0.15]
	at org.apache.coyote.http11.Http11Processor.service(Http11Processor.java:270) ~[tomcat-embed-core-11.0.15.jar:11.0.15]
	at org.apache.coyote.AbstractProcessorLight.process(AbstractProcessorLight.java:63) ~[tomcat-embed-core-11.0.15.jar:11.0.15]
	at org.apache.coyote.AbstractProtocol$ConnectionHandler.process(AbstractProtocol.java:903) ~[tomcat-embed-core-11.0.15.jar:11.0.15]
	at org.apache.tomcat.util.net.NioEndpoint$SocketProcessor.doRun(NioEndpoint.java:1778) ~[tomcat-embed-core-11.0.15.jar:11.0.15]
	at org.apache.tomcat.util.net.SocketProcessorBase.run(SocketProcessorBase.java:52) ~[tomcat-embed-core-11.0.15.jar:11.0.15]
	at org.apache.tomcat.util.threads.ThreadPoolExecutor.runWorker(ThreadPoolExecutor.java:946) ~[tomcat-embed-core-11.0.15.jar:11.0.15]
	at org.apache.tomcat.util.threads.ThreadPoolExecutor$Worker.run(ThreadPoolExecutor.java:480) ~[tomcat-embed-core-11.0.15.jar:11.0.15]
	at org.apache.tomcat.util.threads.TaskThread$WrappingRunnable.run(TaskThread.java:57) ~[tomcat-embed-core-11.0.15.jar:11.0.15]
	at java.base/java.lang.Thread.run(Thread.java:1447) ~[na:na]

2026-01-04T23:19:05.556+07:00 DEBUG 13616 --- [project] [http-nio-8080-exec-6] o.s.web.servlet.DispatcherServlet        : GET "/api/categories", parameters={}
2026-01-04T23:19:05.559+07:00 DEBUG 13616 --- [project] [http-nio-8080-exec-6] s.w.s.m.m.a.RequestMappingHandlerMapping : Mapped to com.ducknife.project.modules.category.CategoryController#showCategories()
2026-01-04T23:19:05.560+07:00 DEBUG 13616 --- [project] [http-nio-8080-exec-6] o.j.s.OpenEntityManagerInViewInterceptor : Opening JPA EntityManager in OpenEntityManagerInViewInterceptor
2026-01-04T23:19:05.560+07:00 DEBUG 13616 --- [project] [http-nio-8080-exec-6] org.hibernate.orm.core                   : HHH006588: Opening session [tenant=null]
2026-01-04T23:19:05.561+07:00 DEBUG 13616 --- [project] [http-nio-8080-exec-6] o.s.jdbc.core.JdbcTemplate               : Executing SQL query [select * from category]
2026-01-04T23:19:05.561+07:00 DEBUG 13616 --- [project] [http-nio-8080-exec-6] o.s.jdbc.datasource.DataSourceUtils      : Fetching JDBC Connection from DataSource
2026-01-04T23:19:05.563+07:00 DEBUG 13616 --- [project] [http-nio-8080-exec-6] m.m.a.RequestResponseBodyMethodProcessor : Using 'application/json', given [*/*] and supported [application/json, application/*+json]
2026-01-04T23:19:05.563+07:00 DEBUG 13616 --- [project] [http-nio-8080-exec-6] m.m.a.RequestResponseBodyMethodProcessor : Writing [ApiResponse(status=200, message=OK, data=[CategoryDTO(name=Machine Learning), CategoryDTO(name=Deep  (truncated)...]
2026-01-04T23:19:05.564+07:00 DEBUG 13616 --- [project] [http-nio-8080-exec-6] o.j.s.OpenEntityManagerInViewInterceptor : Closing JPA EntityManager in OpenEntityManagerInViewInterceptor
2026-01-04T23:19:05.564+07:00 DEBUG 13616 --- [project] [http-nio-8080-exec-6] org.hibernate.session.metrics            : HHH000401: Logging session metrics:
	0 ns acquiring 0 JDBC connections
	0 ns releasing 0 JDBC connections
	0 ns preparing 0 JDBC statements
	0 ns executing 0 JDBC statements
	0 ns executing 0 JDBC batches
	0 ns performing 0 second-level cache puts
	0 ns performing 0 second-level cache hits
	0 ns performing 0 second-level cache misses
	0 ns executing 0 flushes (flushing a total of 0 entities and 0 collections)
	0 ns executing 0 pre-partial-flushes
	0 ns executing 0 partial-flushes (flushing a total of 0 entities and 0 collections)

2026-01-04T23:19:05.564+07:00 DEBUG 13616 --- [project] [http-nio-8080-exec-6] o.s.web.servlet.DispatcherServlet        : Completed 200 OK
2026-01-04T23:19:05.566+07:00 DEBUG 13616 --- [project] [http-nio-8080-exec-10] o.s.web.servlet.DispatcherServlet        : GET "/api/categories", parameters={}
2026-01-04T23:19:05.567+07:00 DEBUG 13616 --- [project] [http-nio-8080-exec-10] s.w.s.m.m.a.RequestMappingHandlerMapping : Mapped to com.ducknife.project.modules.category.CategoryController#showCategories()
2026-01-04T23:19:05.568+07:00 DEBUG 13616 --- [project] [http-nio-8080-exec-10] o.j.s.OpenEntityManagerInViewInterceptor : Opening JPA EntityManager in OpenEntityManagerInViewInterceptor
2026-01-04T23:19:05.568+07:00 DEBUG 13616 --- [project] [http-nio-8080-exec-10] org.hibernate.orm.core                   : HHH006588: Opening session [tenant=null]
2026-01-04T23:19:05.569+07:00 DEBUG 13616 --- [project] [http-nio-8080-exec-10] o.s.jdbc.core.JdbcTemplate               : Executing SQL query [select * from category]
2026-01-04T23:19:05.569+07:00 DEBUG 13616 --- [project] [http-nio-8080-exec-10] o.s.jdbc.datasource.DataSourceUtils      : Fetching JDBC Connection from DataSource
2026-01-04T23:19:05.571+07:00 DEBUG 13616 --- [project] [http-nio-8080-exec-10] m.m.a.RequestResponseBodyMethodProcessor : Using 'application/json', given [*/*] and supported [application/json, application/*+json]
2026-01-04T23:19:05.571+07:00 DEBUG 13616 --- [project] [http-nio-8080-exec-10] m.m.a.RequestResponseBodyMethodProcessor : Writing [ApiResponse(status=200, message=OK, data=[CategoryDTO(name=Machine Learning), CategoryDTO(name=Deep  (truncated)...]
2026-01-04T23:19:05.572+07:00 DEBUG 13616 --- [project] [http-nio-8080-exec-10] o.j.s.OpenEntityManagerInViewInterceptor : Closing JPA EntityManager in OpenEntityManagerInViewInterceptor
2026-01-04T23:19:05.573+07:00 DEBUG 13616 --- [project] [http-nio-8080-exec-10] org.hibernate.session.metrics            : HHH000401: Logging session metrics:
	0 ns acquiring 0 JDBC connections
	0 ns releasing 0 JDBC connections
	0 ns preparing 0 JDBC statements
	0 ns executing 0 JDBC statements
	0 ns executing 0 JDBC batches
	0 ns performing 0 second-level cache puts
	0 ns performing 0 second-level cache hits
	0 ns performing 0 second-level cache misses
	0 ns executing 0 flushes (flushing a total of 0 entities and 0 collections)
	0 ns executing 0 pre-partial-flushes
	0 ns executing 0 partial-flushes (flushing a total of 0 entities and 0 collections)

2026-01-04T23:19:05.574+07:00 DEBUG 13616 --- [project] [http-nio-8080-exec-10] o.s.web.servlet.DispatcherServlet        : Completed 200 OK
2026-01-04T23:19:06.495+07:00 DEBUG 13616 --- [project] [http-nio-8080-exec-5] o.s.web.servlet.DispatcherServlet        : GET "/api/categories", parameters={}
2026-01-04T23:19:06.495+07:00 DEBUG 13616 --- [project] [http-nio-8080-exec-5] s.w.s.m.m.a.RequestMappingHandlerMapping : Mapped to com.ducknife.project.modules.category.CategoryController#showCategories()
2026-01-04T23:19:06.496+07:00 DEBUG 13616 --- [project] [http-nio-8080-exec-5] o.j.s.OpenEntityManagerInViewInterceptor : Opening JPA EntityManager in OpenEntityManagerInViewInterceptor
2026-01-04T23:19:06.496+07:00 DEBUG 13616 --- [project] [http-nio-8080-exec-5] org.hibernate.orm.core                   : HHH006588: Opening session [tenant=null]
2026-01-04T23:19:06.496+07:00 DEBUG 13616 --- [project] [http-nio-8080-exec-5] o.s.jdbc.core.JdbcTemplate               : Executing SQL query [select * from category]
2026-01-04T23:19:06.497+07:00 DEBUG 13616 --- [project] [http-nio-8080-exec-5] o.s.jdbc.datasource.DataSourceUtils      : Fetching JDBC Connection from DataSource
2026-01-04T23:19:06.499+07:00 DEBUG 13616 --- [project] [http-nio-8080-exec-5] m.m.a.RequestResponseBodyMethodProcessor : Using 'application/json', given [*/*] and supported [application/json, application/*+json]
2026-01-04T23:19:06.500+07:00 DEBUG 13616 --- [project] [http-nio-8080-exec-5] m.m.a.RequestResponseBodyMethodProcessor : Writing [ApiResponse(status=200, message=OK, data=[CategoryDTO(name=Machine Learning), CategoryDTO(name=Deep  (truncated)...]
2026-01-04T23:19:06.500+07:00 DEBUG 13616 --- [project] [http-nio-8080-exec-5] o.j.s.OpenEntityManagerInViewInterceptor : Closing JPA EntityManager in OpenEntityManagerInViewInterceptor
2026-01-04T23:19:06.501+07:00 DEBUG 13616 --- [project] [http-nio-8080-exec-5] org.hibernate.session.metrics            : HHH000401: Logging session metrics:
	0 ns acquiring 0 JDBC connections
	0 ns releasing 0 JDBC connections
	0 ns preparing 0 JDBC statements
	0 ns executing 0 JDBC statements
	0 ns executing 0 JDBC batches
	0 ns performing 0 second-level cache puts
	0 ns performing 0 second-level cache hits
	0 ns performing 0 second-level cache misses
	0 ns executing 0 flushes (flushing a total of 0 entities and 0 collections)
	0 ns executing 0 pre-partial-flushes
	0 ns executing 0 partial-flushes (flushing a total of 0 entities and 0 collections)

2026-01-04T23:19:06.503+07:00 DEBUG 13616 --- [project] [http-nio-8080-exec-1] o.s.web.servlet.DispatcherServlet        : GET "/api/categories", parameters={}
2026-01-04T23:19:06.504+07:00 DEBUG 13616 --- [project] [http-nio-8080-exec-5] o.s.web.servlet.DispatcherServlet        : Completed 200 OK
2026-01-04T23:19:06.504+07:00 DEBUG 13616 --- [project] [http-nio-8080-exec-1] s.w.s.m.m.a.RequestMappingHandlerMapping : Mapped to com.ducknife.project.modules.category.CategoryController#showCategories()
2026-01-04T23:19:06.504+07:00 DEBUG 13616 --- [project] [http-nio-8080-exec-1] o.j.s.OpenEntityManagerInViewInterceptor : Opening JPA EntityManager in OpenEntityManagerInViewInterceptor
2026-01-04T23:19:06.505+07:00 DEBUG 13616 --- [project] [http-nio-8080-exec-1] org.hibernate.orm.core                   : HHH006588: Opening session [tenant=null]
2026-01-04T23:19:06.505+07:00 DEBUG 13616 --- [project] [http-nio-8080-exec-1] o.s.jdbc.core.JdbcTemplate               : Executing SQL query [select * from category]
2026-01-04T23:19:06.505+07:00 DEBUG 13616 --- [project] [http-nio-8080-exec-1] o.s.jdbc.datasource.DataSourceUtils      : Fetching JDBC Connection from DataSource
2026-01-04T23:19:06.508+07:00 DEBUG 13616 --- [project] [http-nio-8080-exec-1] m.m.a.RequestResponseBodyMethodProcessor : Using 'application/json', given [*/*] and supported [application/json, application/*+json]
2026-01-04T23:19:06.508+07:00 DEBUG 13616 --- [project] [http-nio-8080-exec-1] m.m.a.RequestResponseBodyMethodProcessor : Writing [ApiResponse(status=200, message=OK, data=[CategoryDTO(name=Machine Learning), CategoryDTO(name=Deep  (truncated)...]
2026-01-04T23:19:06.509+07:00 DEBUG 13616 --- [project] [http-nio-8080-exec-1] o.j.s.OpenEntityManagerInViewInterceptor : Closing JPA EntityManager in OpenEntityManagerInViewInterceptor
2026-01-04T23:19:06.509+07:00 DEBUG 13616 --- [project] [http-nio-8080-exec-1] org.hibernate.session.metrics            : HHH000401: Logging session metrics:
	0 ns acquiring 0 JDBC connections
	0 ns releasing 0 JDBC connections
	0 ns preparing 0 JDBC statements
	0 ns executing 0 JDBC statements
	0 ns executing 0 JDBC batches
	0 ns performing 0 second-level cache puts
	0 ns performing 0 second-level cache hits
	0 ns performing 0 second-level cache misses
	0 ns executing 0 flushes (flushing a total of 0 entities and 0 collections)
	0 ns executing 0 pre-partial-flushes
	0 ns executing 0 partial-flushes (flushing a total of 0 entities and 0 collections)

2026-01-04T23:19:06.510+07:00 DEBUG 13616 --- [project] [http-nio-8080-exec-1] o.s.web.servlet.DispatcherServlet        : Completed 200 OK
2026-01-04T23:19:07.555+07:00 DEBUG 13616 --- [project] [http-nio-8080-exec-4] o.s.web.servlet.DispatcherServlet        : GET "/api/categories", parameters={}
2026-01-04T23:19:07.558+07:00 DEBUG 13616 --- [project] [http-nio-8080-exec-4] s.w.s.m.m.a.RequestMappingHandlerMapping : Mapped to com.ducknife.project.modules.category.CategoryController#showCategories()
2026-01-04T23:19:07.558+07:00 DEBUG 13616 --- [project] [http-nio-8080-exec-4] o.j.s.OpenEntityManagerInViewInterceptor : Opening JPA EntityManager in OpenEntityManagerInViewInterceptor
2026-01-04T23:19:07.558+07:00 DEBUG 13616 --- [project] [http-nio-8080-exec-4] org.hibernate.orm.core                   : HHH006588: Opening session [tenant=null]
2026-01-04T23:19:07.558+07:00 DEBUG 13616 --- [project] [http-nio-8080-exec-4] o.s.jdbc.core.JdbcTemplate               : Executing SQL query [select * from category]
2026-01-04T23:19:07.558+07:00 DEBUG 13616 --- [project] [http-nio-8080-exec-4] o.s.jdbc.datasource.DataSourceUtils      : Fetching JDBC Connection from DataSource
2026-01-04T23:19:07.559+07:00 DEBUG 13616 --- [project] [http-nio-8080-exec-4] m.m.a.RequestResponseBodyMethodProcessor : Using 'application/json', given [*/*] and supported [application/json, application/*+json]
2026-01-04T23:19:07.560+07:00 DEBUG 13616 --- [project] [http-nio-8080-exec-4] m.m.a.RequestResponseBodyMethodProcessor : Writing [ApiResponse(status=200, message=OK, data=[CategoryDTO(name=Machine Learning), CategoryDTO(name=Deep  (truncated)...]
2026-01-04T23:19:07.560+07:00 DEBUG 13616 --- [project] [http-nio-8080-exec-4] o.j.s.OpenEntityManagerInViewInterceptor : Closing JPA EntityManager in OpenEntityManagerInViewInterceptor
2026-01-04T23:19:07.562+07:00 DEBUG 13616 --- [project] [http-nio-8080-exec-4] org.hibernate.session.metrics            : HHH000401: Logging session metrics:
	0 ns acquiring 0 JDBC connections
	0 ns releasing 0 JDBC connections
	0 ns preparing 0 JDBC statements
	0 ns executing 0 JDBC statements
	0 ns executing 0 JDBC batches
	0 ns performing 0 second-level cache puts
	0 ns performing 0 second-level cache hits
	0 ns performing 0 second-level cache misses
	0 ns executing 0 flushes (flushing a total of 0 entities and 0 collections)
	0 ns executing 0 pre-partial-flushes
	0 ns executing 0 partial-flushes (flushing a total of 0 entities and 0 collections)

2026-01-04T23:19:07.563+07:00 DEBUG 13616 --- [project] [http-nio-8080-exec-8] o.s.web.servlet.DispatcherServlet        : GET "/api/categories", parameters={}
2026-01-04T23:19:07.564+07:00 DEBUG 13616 --- [project] [http-nio-8080-exec-4] o.s.web.servlet.DispatcherServlet        : Completed 200 OK
2026-01-04T23:19:07.565+07:00 DEBUG 13616 --- [project] [http-nio-8080-exec-8] s.w.s.m.m.a.RequestMappingHandlerMapping : Mapped to com.ducknife.project.modules.category.CategoryController#showCategories()
2026-01-04T23:19:07.567+07:00 DEBUG 13616 --- [project] [http-nio-8080-exec-8] o.j.s.OpenEntityManagerInViewInterceptor : Opening JPA EntityManager in OpenEntityManagerInViewInterceptor
2026-01-04T23:19:07.567+07:00 DEBUG 13616 --- [project] [http-nio-8080-exec-8] org.hibernate.orm.core                   : HHH006588: Opening session [tenant=null]
2026-01-04T23:19:07.568+07:00 DEBUG 13616 --- [project] [http-nio-8080-exec-8] o.s.jdbc.core.JdbcTemplate               : Executing SQL query [select * from category]
2026-01-04T23:19:07.568+07:00 DEBUG 13616 --- [project] [http-nio-8080-exec-8] o.s.jdbc.datasource.DataSourceUtils      : Fetching JDBC Connection from DataSource
2026-01-04T23:19:07.570+07:00 DEBUG 13616 --- [project] [http-nio-8080-exec-8] m.m.a.RequestResponseBodyMethodProcessor : Using 'application/json', given [*/*] and supported [application/json, application/*+json]
2026-01-04T23:19:07.570+07:00 DEBUG 13616 --- [project] [http-nio-8080-exec-8] m.m.a.RequestResponseBodyMethodProcessor : Writing [ApiResponse(status=200, message=OK, data=[CategoryDTO(name=Machine Learning), CategoryDTO(name=Deep  (truncated)...]
2026-01-04T23:19:07.572+07:00 DEBUG 13616 --- [project] [http-nio-8080-exec-8] o.j.s.OpenEntityManagerInViewInterceptor : Closing JPA EntityManager in OpenEntityManagerInViewInterceptor
2026-01-04T23:19:07.573+07:00 DEBUG 13616 --- [project] [http-nio-8080-exec-8] org.hibernate.session.metrics            : HHH000401: Logging session metrics:
	0 ns acquiring 0 JDBC connections
	0 ns releasing 0 JDBC connections
	0 ns preparing 0 JDBC statements
	0 ns executing 0 JDBC statements
	0 ns executing 0 JDBC batches
	0 ns performing 0 second-level cache puts
	0 ns performing 0 second-level cache hits
	0 ns performing 0 second-level cache misses
	0 ns executing 0 flushes (flushing a total of 0 entities and 0 collections)
	0 ns executing 0 pre-partial-flushes
	0 ns executing 0 partial-flushes (flushing a total of 0 entities and 0 collections)

2026-01-04T23:19:07.574+07:00 DEBUG 13616 --- [project] [http-nio-8080-exec-8] o.s.web.servlet.DispatcherServlet        : Completed 200 OK
2026-01-04T23:19:08.642+07:00 DEBUG 13616 --- [project] [http-nio-8080-exec-9] o.s.web.servlet.DispatcherServlet        : GET "/api/categories", parameters={}
2026-01-04T23:19:08.642+07:00 DEBUG 13616 --- [project] [http-nio-8080-exec-9] s.w.s.m.m.a.RequestMappingHandlerMapping : Mapped to com.ducknife.project.modules.category.CategoryController#showCategories()
2026-01-04T23:19:08.643+07:00 DEBUG 13616 --- [project] [http-nio-8080-exec-9] o.j.s.OpenEntityManagerInViewInterceptor : Opening JPA EntityManager in OpenEntityManagerInViewInterceptor
2026-01-04T23:19:08.644+07:00 DEBUG 13616 --- [project] [http-nio-8080-exec-9] org.hibernate.orm.core                   : HHH006588: Opening session [tenant=null]
2026-01-04T23:19:08.644+07:00 DEBUG 13616 --- [project] [http-nio-8080-exec-9] o.s.jdbc.core.JdbcTemplate               : Executing SQL query [select * from category]
2026-01-04T23:19:08.644+07:00 DEBUG 13616 --- [project] [http-nio-8080-exec-9] o.s.jdbc.datasource.DataSourceUtils      : Fetching JDBC Connection from DataSource
2026-01-04T23:19:08.646+07:00 DEBUG 13616 --- [project] [http-nio-8080-exec-9] m.m.a.RequestResponseBodyMethodProcessor : Using 'application/json', given [*/*] and supported [application/json, application/*+json]
2026-01-04T23:19:08.647+07:00 DEBUG 13616 --- [project] [http-nio-8080-exec-9] m.m.a.RequestResponseBodyMethodProcessor : Writing [ApiResponse(status=200, message=OK, data=[CategoryDTO(name=Machine Learning), CategoryDTO(name=Deep  (truncated)...]
2026-01-04T23:19:08.648+07:00 DEBUG 13616 --- [project] [http-nio-8080-exec-9] o.j.s.OpenEntityManagerInViewInterceptor : Closing JPA EntityManager in OpenEntityManagerInViewInterceptor
2026-01-04T23:19:08.648+07:00 DEBUG 13616 --- [project] [http-nio-8080-exec-9] org.hibernate.session.metrics            : HHH000401: Logging session metrics:
	0 ns acquiring 0 JDBC connections
	0 ns releasing 0 JDBC connections
	0 ns preparing 0 JDBC statements
	0 ns executing 0 JDBC statements
	0 ns executing 0 JDBC batches
	0 ns performing 0 second-level cache puts
	0 ns performing 0 second-level cache hits
	0 ns performing 0 second-level cache misses
	0 ns executing 0 flushes (flushing a total of 0 entities and 0 collections)
	0 ns executing 0 pre-partial-flushes
	0 ns executing 0 partial-flushes (flushing a total of 0 entities and 0 collections)

2026-01-04T23:19:08.649+07:00 DEBUG 13616 --- [project] [http-nio-8080-exec-9] o.s.web.servlet.DispatcherServlet        : Completed 200 OK
2026-01-04T23:19:08.652+07:00 DEBUG 13616 --- [project] [http-nio-8080-exec-2] o.s.web.servlet.DispatcherServlet        : GET "/api/categories", parameters={}
2026-01-04T23:19:08.653+07:00 DEBUG 13616 --- [project] [http-nio-8080-exec-2] s.w.s.m.m.a.RequestMappingHandlerMapping : Mapped to com.ducknife.project.modules.category.CategoryController#showCategories()
2026-01-04T23:19:08.654+07:00 DEBUG 13616 --- [project] [http-nio-8080-exec-2] o.j.s.OpenEntityManagerInViewInterceptor : Opening JPA EntityManager in OpenEntityManagerInViewInterceptor
2026-01-04T23:19:08.654+07:00 DEBUG 13616 --- [project] [http-nio-8080-exec-2] org.hibernate.orm.core                   : HHH006588: Opening session [tenant=null]
2026-01-04T23:19:08.655+07:00 DEBUG 13616 --- [project] [http-nio-8080-exec-2] o.s.jdbc.core.JdbcTemplate               : Executing SQL query [select * from category]
2026-01-04T23:19:08.655+07:00 DEBUG 13616 --- [project] [http-nio-8080-exec-2] o.s.jdbc.datasource.DataSourceUtils      : Fetching JDBC Connection from DataSource
2026-01-04T23:19:08.657+07:00 DEBUG 13616 --- [project] [http-nio-8080-exec-2] m.m.a.RequestResponseBodyMethodProcessor : Using 'application/json', given [*/*] and supported [application/json, application/*+json]
2026-01-04T23:19:08.657+07:00 DEBUG 13616 --- [project] [http-nio-8080-exec-2] m.m.a.RequestResponseBodyMethodProcessor : Writing [ApiResponse(status=200, message=OK, data=[CategoryDTO(name=Machine Learning), CategoryDTO(name=Deep  (truncated)...]
2026-01-04T23:19:08.658+07:00 DEBUG 13616 --- [project] [http-nio-8080-exec-2] o.j.s.OpenEntityManagerInViewInterceptor : Closing JPA EntityManager in OpenEntityManagerInViewInterceptor
2026-01-04T23:19:08.658+07:00 DEBUG 13616 --- [project] [http-nio-8080-exec-2] org.hibernate.session.metrics            : HHH000401: Logging session metrics:
	0 ns acquiring 0 JDBC connections
	0 ns releasing 0 JDBC connections
	0 ns preparing 0 JDBC statements
	0 ns executing 0 JDBC statements
	0 ns executing 0 JDBC batches
	0 ns performing 0 second-level cache puts
	0 ns performing 0 second-level cache hits
	0 ns performing 0 second-level cache misses
	0 ns executing 0 flushes (flushing a total of 0 entities and 0 collections)
	0 ns executing 0 pre-partial-flushes
	0 ns executing 0 partial-flushes (flushing a total of 0 entities and 0 collections)

2026-01-04T23:19:08.659+07:00 DEBUG 13616 --- [project] [http-nio-8080-exec-2] o.s.web.servlet.DispatcherServlet        : Completed 200 OK
2026-01-04T23:19:09.742+07:00 DEBUG 13616 --- [project] [http-nio-8080-exec-7] o.s.web.servlet.DispatcherServlet        : GET "/api/categories", parameters={}
2026-01-04T23:19:09.742+07:00 DEBUG 13616 --- [project] [http-nio-8080-exec-7] s.w.s.m.m.a.RequestMappingHandlerMapping : Mapped to com.ducknife.project.modules.category.CategoryController#showCategories()
2026-01-04T23:19:09.744+07:00 DEBUG 13616 --- [project] [http-nio-8080-exec-7] o.j.s.OpenEntityManagerInViewInterceptor : Opening JPA EntityManager in OpenEntityManagerInViewInterceptor
2026-01-04T23:19:09.744+07:00 DEBUG 13616 --- [project] [http-nio-8080-exec-7] org.hibernate.orm.core                   : HHH006588: Opening session [tenant=null]
2026-01-04T23:19:09.744+07:00 DEBUG 13616 --- [project] [http-nio-8080-exec-7] o.s.jdbc.core.JdbcTemplate               : Executing SQL query [select * from category]
2026-01-04T23:19:09.744+07:00 DEBUG 13616 --- [project] [http-nio-8080-exec-7] o.s.jdbc.datasource.DataSourceUtils      : Fetching JDBC Connection from DataSource
2026-01-04T23:19:09.746+07:00 DEBUG 13616 --- [project] [http-nio-8080-exec-7] m.m.a.RequestResponseBodyMethodProcessor : Using 'application/json', given [*/*] and supported [application/json, application/*+json]
2026-01-04T23:19:09.746+07:00 DEBUG 13616 --- [project] [http-nio-8080-exec-7] m.m.a.RequestResponseBodyMethodProcessor : Writing [ApiResponse(status=200, message=OK, data=[CategoryDTO(name=Machine Learning), CategoryDTO(name=Deep  (truncated)...]
2026-01-04T23:19:09.748+07:00 DEBUG 13616 --- [project] [http-nio-8080-exec-7] o.j.s.OpenEntityManagerInViewInterceptor : Closing JPA EntityManager in OpenEntityManagerInViewInterceptor
2026-01-04T23:19:09.751+07:00 DEBUG 13616 --- [project] [http-nio-8080-exec-7] org.hibernate.session.metrics            : HHH000401: Logging session metrics:
	0 ns acquiring 0 JDBC connections
	0 ns releasing 0 JDBC connections
	0 ns preparing 0 JDBC statements
	0 ns executing 0 JDBC statements
	0 ns executing 0 JDBC batches
	0 ns performing 0 second-level cache puts
	0 ns performing 0 second-level cache hits
	0 ns performing 0 second-level cache misses
	0 ns executing 0 flushes (flushing a total of 0 entities and 0 collections)
	0 ns executing 0 pre-partial-flushes
	0 ns executing 0 partial-flushes (flushing a total of 0 entities and 0 collections)

2026-01-04T23:19:09.752+07:00 DEBUG 13616 --- [project] [http-nio-8080-exec-3] o.s.web.servlet.DispatcherServlet        : GET "/api/categories", parameters={}
2026-01-04T23:19:09.752+07:00 DEBUG 13616 --- [project] [http-nio-8080-exec-7] o.s.web.servlet.DispatcherServlet        : Completed 200 OK
2026-01-04T23:19:09.752+07:00 DEBUG 13616 --- [project] [http-nio-8080-exec-3] s.w.s.m.m.a.RequestMappingHandlerMapping : Mapped to com.ducknife.project.modules.category.CategoryController#showCategories()
2026-01-04T23:19:09.753+07:00 DEBUG 13616 --- [project] [http-nio-8080-exec-3] o.j.s.OpenEntityManagerInViewInterceptor : Opening JPA EntityManager in OpenEntityManagerInViewInterceptor
2026-01-04T23:19:09.753+07:00 DEBUG 13616 --- [project] [http-nio-8080-exec-3] org.hibernate.orm.core                   : HHH006588: Opening session [tenant=null]
2026-01-04T23:19:09.753+07:00 DEBUG 13616 --- [project] [http-nio-8080-exec-3] o.s.jdbc.core.JdbcTemplate               : Executing SQL query [select * from category]
2026-01-04T23:19:09.754+07:00 DEBUG 13616 --- [project] [http-nio-8080-exec-3] o.s.jdbc.datasource.DataSourceUtils      : Fetching JDBC Connection from DataSource
2026-01-04T23:19:09.755+07:00 DEBUG 13616 --- [project] [http-nio-8080-exec-3] m.m.a.RequestResponseBodyMethodProcessor : Using 'application/json', given [*/*] and supported [application/json, application/*+json]
2026-01-04T23:19:09.759+07:00 DEBUG 13616 --- [project] [http-nio-8080-exec-3] m.m.a.RequestResponseBodyMethodProcessor : Writing [ApiResponse(status=200, message=OK, data=[CategoryDTO(name=Machine Learning), CategoryDTO(name=Deep  (truncated)...]
2026-01-04T23:19:09.760+07:00 DEBUG 13616 --- [project] [http-nio-8080-exec-3] o.j.s.OpenEntityManagerInViewInterceptor : Closing JPA EntityManager in OpenEntityManagerInViewInterceptor
2026-01-04T23:19:09.763+07:00 DEBUG 13616 --- [project] [http-nio-8080-exec-3] org.hibernate.session.metrics            : HHH000401: Logging session metrics:
	0 ns acquiring 0 JDBC connections
	0 ns releasing 0 JDBC connections
	0 ns preparing 0 JDBC statements
	0 ns executing 0 JDBC statements
	0 ns executing 0 JDBC batches
	0 ns performing 0 second-level cache puts
	0 ns performing 0 second-level cache hits
	0 ns performing 0 second-level cache misses
	0 ns executing 0 flushes (flushing a total of 0 entities and 0 collections)
	0 ns executing 0 pre-partial-flushes
	0 ns executing 0 partial-flushes (flushing a total of 0 entities and 0 collections)

2026-01-04T23:19:09.767+07:00 DEBUG 13616 --- [project] [http-nio-8080-exec-3] o.s.web.servlet.DispatcherServlet        : Completed 200 OK
2026-01-04T23:19:10.819+07:00 DEBUG 13616 --- [project] [http-nio-8080-exec-6] o.s.web.servlet.DispatcherServlet        : GET "/api/categories", parameters={}
2026-01-04T23:19:10.819+07:00 DEBUG 13616 --- [project] [http-nio-8080-exec-6] s.w.s.m.m.a.RequestMappingHandlerMapping : Mapped to com.ducknife.project.modules.category.CategoryController#showCategories()
2026-01-04T23:19:10.821+07:00 DEBUG 13616 --- [project] [http-nio-8080-exec-6] o.j.s.OpenEntityManagerInViewInterceptor : Opening JPA EntityManager in OpenEntityManagerInViewInterceptor
2026-01-04T23:19:10.821+07:00 DEBUG 13616 --- [project] [http-nio-8080-exec-6] org.hibernate.orm.core                   : HHH006588: Opening session [tenant=null]
2026-01-04T23:19:10.821+07:00 DEBUG 13616 --- [project] [http-nio-8080-exec-6] o.s.jdbc.core.JdbcTemplate               : Executing SQL query [select * from category]
2026-01-04T23:19:10.821+07:00 DEBUG 13616 --- [project] [http-nio-8080-exec-6] o.s.jdbc.datasource.DataSourceUtils      : Fetching JDBC Connection from DataSource
2026-01-04T23:19:10.822+07:00 DEBUG 13616 --- [project] [http-nio-8080-exec-6] m.m.a.RequestResponseBodyMethodProcessor : Using 'application/json', given [*/*] and supported [application/json, application/*+json]
2026-01-04T23:19:10.823+07:00 DEBUG 13616 --- [project] [http-nio-8080-exec-6] m.m.a.RequestResponseBodyMethodProcessor : Writing [ApiResponse(status=200, message=OK, data=[CategoryDTO(name=Machine Learning), CategoryDTO(name=Deep  (truncated)...]
2026-01-04T23:19:10.824+07:00 DEBUG 13616 --- [project] [http-nio-8080-exec-6] o.j.s.OpenEntityManagerInViewInterceptor : Closing JPA EntityManager in OpenEntityManagerInViewInterceptor
2026-01-04T23:19:10.825+07:00 DEBUG 13616 --- [project] [http-nio-8080-exec-6] org.hibernate.session.metrics            : HHH000401: Logging session metrics:
	0 ns acquiring 0 JDBC connections
	0 ns releasing 0 JDBC connections
	0 ns preparing 0 JDBC statements
	0 ns executing 0 JDBC statements
	0 ns executing 0 JDBC batches
	0 ns performing 0 second-level cache puts
	0 ns performing 0 second-level cache hits
	0 ns performing 0 second-level cache misses
	0 ns executing 0 flushes (flushing a total of 0 entities and 0 collections)
	0 ns executing 0 pre-partial-flushes
	0 ns executing 0 partial-flushes (flushing a total of 0 entities and 0 collections)

2026-01-04T23:19:10.825+07:00 DEBUG 13616 --- [project] [http-nio-8080-exec-6] o.s.web.servlet.DispatcherServlet        : Completed 200 OK
2026-01-04T23:19:10.825+07:00 DEBUG 13616 --- [project] [http-nio-8080-exec-10] o.s.web.servlet.DispatcherServlet        : GET "/api/categories", parameters={}
2026-01-04T23:19:10.826+07:00 DEBUG 13616 --- [project] [http-nio-8080-exec-10] s.w.s.m.m.a.RequestMappingHandlerMapping : Mapped to com.ducknife.project.modules.category.CategoryController#showCategories()
2026-01-04T23:19:10.826+07:00 DEBUG 13616 --- [project] [http-nio-8080-exec-10] o.j.s.OpenEntityManagerInViewInterceptor : Opening JPA EntityManager in OpenEntityManagerInViewInterceptor
2026-01-04T23:19:10.827+07:00 DEBUG 13616 --- [project] [http-nio-8080-exec-10] org.hibernate.orm.core                   : HHH006588: Opening session [tenant=null]
2026-01-04T23:19:10.827+07:00 DEBUG 13616 --- [project] [http-nio-8080-exec-10] o.s.jdbc.core.JdbcTemplate               : Executing SQL query [select * from category]
2026-01-04T23:19:10.827+07:00 DEBUG 13616 --- [project] [http-nio-8080-exec-10] o.s.jdbc.datasource.DataSourceUtils      : Fetching JDBC Connection from DataSource
2026-01-04T23:19:10.828+07:00 DEBUG 13616 --- [project] [http-nio-8080-exec-10] m.m.a.RequestResponseBodyMethodProcessor : Using 'application/json', given [*/*] and supported [application/json, application/*+json]
2026-01-04T23:19:10.829+07:00 DEBUG 13616 --- [project] [http-nio-8080-exec-10] m.m.a.RequestResponseBodyMethodProcessor : Writing [ApiResponse(status=200, message=OK, data=[CategoryDTO(name=Machine Learning), CategoryDTO(name=Deep  (truncated)...]
2026-01-04T23:19:10.830+07:00 DEBUG 13616 --- [project] [http-nio-8080-exec-10] o.j.s.OpenEntityManagerInViewInterceptor : Closing JPA EntityManager in OpenEntityManagerInViewInterceptor
2026-01-04T23:19:10.830+07:00 DEBUG 13616 --- [project] [http-nio-8080-exec-10] org.hibernate.session.metrics            : HHH000401: Logging session metrics:
	0 ns acquiring 0 JDBC connections
	0 ns releasing 0 JDBC connections
	0 ns preparing 0 JDBC statements
	0 ns executing 0 JDBC statements
	0 ns executing 0 JDBC batches
	0 ns performing 0 second-level cache puts
	0 ns performing 0 second-level cache hits
	0 ns performing 0 second-level cache misses
	0 ns executing 0 flushes (flushing a total of 0 entities and 0 collections)
	0 ns executing 0 pre-partial-flushes
	0 ns executing 0 partial-flushes (flushing a total of 0 entities and 0 collections)

2026-01-04T23:19:10.831+07:00 DEBUG 13616 --- [project] [http-nio-8080-exec-10] o.s.web.servlet.DispatcherServlet        : Completed 200 OK
2026-01-04T23:19:11.230+07:00 DEBUG 13616 --- [project] [SIGINT handler] java.lang.Runtime                        : Runtime.exit() called with status: 130

java.lang.Throwable: Runtime.exit(130)
	at java.base/java.lang.Shutdown.logRuntimeExit(Shutdown.java:179) ~[na:na]
	at java.base/java.lang.Shutdown.exit(Shutdown.java:160) ~[na:na]
	at java.base/java.lang.Terminator$1.handle(Terminator.java:51) ~[na:na]
	at java.base/jdk.internal.misc.Signal$1.run(Signal.java:218) ~[na:na]
	at java.base/java.lang.Thread.run(Thread.java:1447) ~[na:na]

2026-01-04T23:19:11.234+07:00 DEBUG 13616 --- [project] [SpringApplicationShutdownHook] o.s.b.a.ApplicationAvailabilityBean      : Application availability state ReadinessState changed from ACCEPTING_TRAFFIC to REFUSING_TRAFFIC
2026-01-04T23:19:11.240+07:00 DEBUG 13616 --- [project] [SpringApplicationShutdownHook] ConfigServletWebServerApplicationContext : Closing org.springframework.boot.web.server.servlet.context.AnnotationConfigServletWebServerApplicationContext@66ac5762, started on Sun Jan 04 23:13:12 GMT+07:00 2026
2026-01-04T23:19:11.242+07:00 DEBUG 13616 --- [project] [SpringApplicationShutdownHook] o.s.c.support.DefaultLifecycleProcessor  : Stopping beans in phase 2147482623
2026-01-04T23:19:11.244+07:00  INFO 13616 --- [project] [SpringApplicationShutdownHook] o.s.boot.tomcat.GracefulShutdown         : Commencing graceful shutdown. Waiting for active requests to complete
2026-01-04T23:19:11.249+07:00  INFO 13616 --- [project] [tomcat-shutdown] o.s.boot.tomcat.GracefulShutdown         : Graceful shutdown complete
2026-01-04T23:19:11.249+07:00 DEBUG 13616 --- [project] [SpringApplicationShutdownHook] o.s.c.support.DefaultLifecycleProcessor  : Stopping beans in phase 2147481599
2026-01-04T23:19:11.250+07:00 DEBUG 13616 --- [project] [tomcat-shutdown] o.s.c.support.DefaultLifecycleProcessor  : Bean 'webServerGracefulShutdown' completed its stop procedure
2026-01-04T23:19:11.253+07:00 DEBUG 13616 --- [project] [SpringApplicationShutdownHook] o.s.c.support.DefaultLifecycleProcessor  : Bean 'webServerStartStop' completed its stop procedure
2026-01-04T23:19:11.253+07:00 DEBUG 13616 --- [project] [SpringApplicationShutdownHook] o.s.c.support.DefaultLifecycleProcessor  : Stopping beans in phase 1073741823
2026-01-04T23:19:11.254+07:00 DEBUG 13616 --- [project] [SpringApplicationShutdownHook] o.s.c.support.DefaultLifecycleProcessor  : Bean 'applicationTaskExecutor' completed its stop procedure
2026-01-04T23:19:11.254+07:00 DEBUG 13616 --- [project] [SpringApplicationShutdownHook] o.s.c.support.DefaultLifecycleProcessor  : Stopping beans in phase -2147483647
2026-01-04T23:19:11.254+07:00 DEBUG 13616 --- [project] [SpringApplicationShutdownHook] o.s.c.support.DefaultLifecycleProcessor  : Bean 'springBootLoggingLifecycle' completed its stop procedure
2026-01-04T23:19:11.255+07:00  INFO 13616 --- [project] [SpringApplicationShutdownHook] j.LocalContainerEntityManagerFactoryBean : Closing JPA EntityManagerFactory for persistence unit 'default'
2026-01-04T23:19:11.257+07:00 DEBUG 13616 --- [project] [SpringApplicationShutdownHook] org.hibernate.orm.factory                : HHH90020005: Closing factory [d96f2195-208b-4741-b8dd-5fa08464371b]
2026-01-04T23:19:11.257+07:00 DEBUG 13616 --- [project] [SpringApplicationShutdownHook] o.s.o.jpa.hibernate.SpringBeanContainer  : Falling back to Hibernate's default producer after bean creation failure for interface org.hibernate.engine.jdbc.connections.spi.MultiTenantConnectionProvider: org.springframework.beans.factory.BeanCreationException: Error creating bean with name 'org.hibernate.engine.jdbc.connections.spi.MultiTenantConnectionProvider': Failed to instantiate [org.hibernate.engine.jdbc.connections.spi.MultiTenantConnectionProvider]: Specified class is an interface
2026-01-04T23:19:11.260+07:00  INFO 13616 --- [project] [SpringApplicationShutdownHook] com.zaxxer.hikari.HikariDataSource       : HikariPool-1 - Shutdown initiated...
2026-01-04T23:19:11.260+07:00 DEBUG 13616 --- [project] [SpringApplicationShutdownHook] com.zaxxer.hikari.pool.HikariPool        : HikariPool-1 - Before shutdown stats (total=10/10, idle=10/10, active=0, waiting=0)
2026-01-04T23:19:11.262+07:00 DEBUG 13616 --- [project] [HikariPool-1:connection-closer] com.zaxxer.hikari.pool.PoolBase          : HikariPool-1 - Closing connection com.mysql.cj.jdbc.ConnectionImpl@3c3cd7a5: (connection evicted)
2026-01-04T23:19:11.264+07:00 DEBUG 13616 --- [project] [HikariPool-1:connection-closer] com.zaxxer.hikari.pool.PoolBase          : HikariPool-1 - Closing connection com.mysql.cj.jdbc.ConnectionImpl@67a3cb7e: (connection evicted)
2026-01-04T23:19:11.265+07:00 DEBUG 13616 --- [project] [HikariPool-1:connection-closer] com.zaxxer.hikari.pool.PoolBase          : HikariPool-1 - Closing connection com.mysql.cj.jdbc.ConnectionImpl@269ec145: (connection evicted)
2026-01-04T23:19:11.266+07:00 DEBUG 13616 --- [project] [HikariPool-1:connection-closer] com.zaxxer.hikari.pool.PoolBase          : HikariPool-1 - Closing connection com.mysql.cj.jdbc.ConnectionImpl@17f20607: (connection evicted)
2026-01-04T23:19:11.268+07:00 DEBUG 13616 --- [project] [HikariPool-1:connection-closer] com.zaxxer.hikari.pool.PoolBase          : HikariPool-1 - Closing connection com.mysql.cj.jdbc.ConnectionImpl@46b13e0a: (connection evicted)
2026-01-04T23:19:11.268+07:00 DEBUG 13616 --- [project] [HikariPool-1:connection-closer] com.zaxxer.hikari.pool.PoolBase          : HikariPool-1 - Closing connection com.mysql.cj.jdbc.ConnectionImpl@42ff840a: (connection evicted)
2026-01-04T23:19:11.268+07:00 DEBUG 13616 --- [project] [HikariPool-1:connection-closer] com.zaxxer.hikari.pool.PoolBase          : HikariPool-1 - Closing connection com.mysql.cj.jdbc.ConnectionImpl@6a454448: (connection evicted)
2026-01-04T23:19:11.268+07:00 DEBUG 13616 --- [project] [HikariPool-1:connection-closer] com.zaxxer.hikari.pool.PoolBase          : HikariPool-1 - Closing connection com.mysql.cj.jdbc.ConnectionImpl@5403d268: (connection evicted)
2026-01-04T23:19:11.269+07:00 DEBUG 13616 --- [project] [HikariPool-1:connection-closer] com.zaxxer.hikari.pool.PoolBase          : HikariPool-1 - Closing connection com.mysql.cj.jdbc.ConnectionImpl@5f48e3e1: (connection evicted)
2026-01-04T23:19:11.269+07:00 DEBUG 13616 --- [project] [HikariPool-1:connection-closer] com.zaxxer.hikari.pool.PoolBase          : HikariPool-1 - Closing connection com.mysql.cj.jdbc.ConnectionImpl@692baf62: (connection evicted)
2026-01-04T23:19:11.269+07:00 DEBUG 13616 --- [project] [SpringApplicationShutdownHook] com.zaxxer.hikari.pool.HikariPool        : HikariPool-1 - After  shutdown stats (total=0/10, idle=0/10, active=0, waiting=0)
2026-01-04T23:19:11.269+07:00  INFO 13616 --- [project] [SpringApplicationShutdownHook] com.zaxxer.hikari.HikariDataSource       : HikariPool-1 - Shutdown completed.
2026-01-04T23:19:11.271+07:00 DEBUG 13616 --- [project] [SpringApplicationShutdownHook] o.s.s.concurrent.ThreadPoolTaskExecutor  : Shutting down ExecutorService 'applicationTaskExecutor'
