2026-01-08T13:29:22.478+07:00 DEBUG 9864 --- [project] [HikariPool-1:housekeeper] com.zaxxer.hikari.pool.HikariPool        : HikariPool-1 - Pool stats (total=10/10, idle=10/10, active=0, waiting=0)
2026-01-08T13:29:22.480+07:00 DEBUG 9864 --- [project] [HikariPool-1:housekeeper] com.zaxxer.hikari.pool.HikariPool        : HikariPool-1 - Fill pool skipped, pool has sufficient level or currently being filled.
2026-01-08T13:29:26.074+07:00 DEBUG 9864 --- [project] [HikariPool-1:housekeeper] com.zaxxer.hikari.pool.HikariPool        : HikariPool-1 - keepalive: connection com.mysql.cj.jdbc.ConnectionImpl@6dac4b7 is alive
2026-01-08T13:29:37.219+07:00 DEBUG 9864 --- [project] [HikariPool-1:housekeeper] com.zaxxer.hikari.pool.HikariPool        : HikariPool-1 - keepalive: connection com.mysql.cj.jdbc.ConnectionImpl@769a391f is alive
2026-01-08T13:29:37.888+07:00 DEBUG 9864 --- [project] [HikariPool-1:housekeeper] com.zaxxer.hikari.pool.HikariPool        : HikariPool-1 - keepalive: connection com.mysql.cj.jdbc.ConnectionImpl@225ddf5f is alive
2026-01-08T13:29:45.056+07:00 DEBUG 9864 --- [project] [HikariPool-1:connection-closer] com.zaxxer.hikari.pool.PoolBase          : HikariPool-1 - Closing connection com.mysql.cj.jdbc.ConnectionImpl@5fe04c2b: (connection has passed maxLifetime)
2026-01-08T13:29:45.123+07:00 DEBUG 9864 --- [project] [HikariPool-1:connection-adder] com.zaxxer.hikari.pool.PoolBase          : HikariPool-1 - Attempting to create/setup new connection (dde88d3a-efa6-478a-95cb-1a8c621be31f)
2026-01-08T13:29:45.233+07:00 DEBUG 9864 --- [project] [HikariPool-1:connection-adder] jdk.event.security                       : X509Certificate: Alg:SHA256withRSA, Serial:02, Subject:CN=MySQL_Server_8.0.44_Auto_Generated_Server_Certificate, Issuer:CN=MySQL_Server_8.0.44_Auto_Generated_CA_Certificate, Key type:RSA, Length:2048, Cert Id:3140249694, Valid from:11/22/25, 12:56 AM, Valid until:11/20/35, 12:56 AM
2026-01-08T13:29:45.236+07:00 DEBUG 9864 --- [project] [HikariPool-1:connection-adder] jdk.event.security                       : X509Certificate: Alg:SHA256withRSA, Serial:01, Subject:CN=MySQL_Server_8.0.44_Auto_Generated_CA_Certificate, Issuer:CN=MySQL_Server_8.0.44_Auto_Generated_CA_Certificate, Key type:RSA, Length:2048, Cert Id:2106260146, Valid from:11/22/25, 12:56 AM, Valid until:11/20/35, 12:56 AM
2026-01-08T13:29:45.244+07:00 DEBUG 9864 --- [project] [HikariPool-1:connection-adder] jdk.event.security                       :  TLSHandshake: localhost:3306, TLSv1.3, TLS_AES_256_GCM_SHA384, 3140249694
2026-01-08T13:29:45.265+07:00 DEBUG 9864 --- [project] [HikariPool-1:connection-adder] com.zaxxer.hikari.pool.PoolBase          : HikariPool-1 - Established new connection (dde88d3a-efa6-478a-95cb-1a8c621be31f)
2026-01-08T13:29:45.267+07:00 DEBUG 9864 --- [project] [HikariPool-1:connection-adder] com.zaxxer.hikari.pool.HikariPool        : HikariPool-1 - Added connection com.mysql.cj.jdbc.ConnectionImpl@7fbee3b9
2026-01-08T13:29:48.218+07:00 DEBUG 9864 --- [project] [SIGINT handler] java.lang.Runtime                        : Runtime.exit() called with status: 130

java.lang.Throwable: Runtime.exit(130)
	at java.base/java.lang.Shutdown.logRuntimeExit(Shutdown.java:179) ~[na:na]
	at java.base/java.lang.Shutdown.exit(Shutdown.java:160) ~[na:na]
	at java.base/java.lang.Terminator$1.handle(Terminator.java:51) ~[na:na]
	at java.base/jdk.internal.misc.Signal$1.run(Signal.java:218) ~[na:na]
	at java.base/java.lang.Thread.run(Thread.java:1447) ~[na:na]

2026-01-08T13:29:48.261+07:00 DEBUG 9864 --- [project] [SpringApplicationShutdownHook] o.s.b.a.ApplicationAvailabilityBean      : Application availability state ReadinessState changed from ACCEPTING_TRAFFIC to REFUSING_TRAFFIC
2026-01-08T13:29:48.295+07:00 DEBUG 9864 --- [project] [SpringApplicationShutdownHook] ConfigServletWebServerApplicationContext : Closing org.springframework.boot.web.server.servlet.context.AnnotationConfigServletWebServerApplicationContext@4982cc36, started on Thu Jan 08 13:04:48 GMT+07:00 2026
2026-01-08T13:29:48.349+07:00 DEBUG 9864 --- [project] [SpringApplicationShutdownHook] o.s.c.support.DefaultLifecycleProcessor  : Stopping beans in phase 2147482623
2026-01-08T13:29:48.361+07:00  INFO 9864 --- [project] [SpringApplicationShutdownHook] o.s.boot.tomcat.GracefulShutdown         : Commencing graceful shutdown. Waiting for active requests to complete
2026-01-08T13:29:48.406+07:00  INFO 9864 --- [project] [tomcat-shutdown] o.s.boot.tomcat.GracefulShutdown         : Graceful shutdown complete
2026-01-08T13:29:48.406+07:00 DEBUG 9864 --- [project] [SpringApplicationShutdownHook] o.s.c.support.DefaultLifecycleProcessor  : Stopping beans in phase 2147481599
2026-01-08T13:29:48.406+07:00 DEBUG 9864 --- [project] [tomcat-shutdown] o.s.c.support.DefaultLifecycleProcessor  : Bean 'webServerGracefulShutdown' completed its stop procedure
2026-01-08T13:29:48.423+07:00 DEBUG 9864 --- [project] [SpringApplicationShutdownHook] o.s.c.support.DefaultLifecycleProcessor  : Bean 'webServerStartStop' completed its stop procedure
2026-01-08T13:29:48.423+07:00 DEBUG 9864 --- [project] [SpringApplicationShutdownHook] o.s.c.support.DefaultLifecycleProcessor  : Stopping beans in phase 1073741823
2026-01-08T13:29:48.423+07:00 DEBUG 9864 --- [project] [SpringApplicationShutdownHook] o.s.c.support.DefaultLifecycleProcessor  : Bean 'applicationTaskExecutor' completed its stop procedure
2026-01-08T13:29:48.423+07:00 DEBUG 9864 --- [project] [SpringApplicationShutdownHook] o.s.c.support.DefaultLifecycleProcessor  : Stopping beans in phase -2147483647
2026-01-08T13:29:48.431+07:00 DEBUG 9864 --- [project] [SpringApplicationShutdownHook] o.s.c.support.DefaultLifecycleProcessor  : Bean 'springBootLoggingLifecycle' completed its stop procedure
2026-01-08T13:29:48.454+07:00  INFO 9864 --- [project] [SpringApplicationShutdownHook] j.LocalContainerEntityManagerFactoryBean : Closing JPA EntityManagerFactory for persistence unit 'default'
2026-01-08T13:29:48.456+07:00 DEBUG 9864 --- [project] [SpringApplicationShutdownHook] org.hibernate.orm.factory                : HHH90020005: Closing factory [85f87805-5e1f-4b56-8b2d-2a5bd7278b1a]
2026-01-08T13:29:48.505+07:00  INFO 9864 --- [project] [SpringApplicationShutdownHook] com.zaxxer.hikari.HikariDataSource       : HikariPool-1 - Shutdown initiated...
2026-01-08T13:29:48.505+07:00 DEBUG 9864 --- [project] [SpringApplicationShutdownHook] com.zaxxer.hikari.pool.HikariPool        : HikariPool-1 - Before shutdown stats (total=10/10, idle=10/10, active=0, waiting=0)
2026-01-08T13:29:48.513+07:00 DEBUG 9864 --- [project] [HikariPool-1:connection-closer] com.zaxxer.hikari.pool.PoolBase          : HikariPool-1 - Closing connection com.mysql.cj.jdbc.ConnectionImpl@225ddf5f: (connection evicted)
2026-01-08T13:29:48.515+07:00 DEBUG 9864 --- [project] [HikariPool-1:connection-closer] com.zaxxer.hikari.pool.PoolBase          : HikariPool-1 - Closing connection com.mysql.cj.jdbc.ConnectionImpl@769a391f: (connection evicted)
2026-01-08T13:29:48.518+07:00 DEBUG 9864 --- [project] [HikariPool-1:connection-closer] com.zaxxer.hikari.pool.PoolBase          : HikariPool-1 - Closing connection com.mysql.cj.jdbc.ConnectionImpl@37a73324: (connection evicted)
2026-01-08T13:29:48.518+07:00 DEBUG 9864 --- [project] [HikariPool-1:connection-closer] com.zaxxer.hikari.pool.PoolBase          : HikariPool-1 - Closing connection com.mysql.cj.jdbc.ConnectionImpl@6dac4b7: (connection evicted)
2026-01-08T13:29:48.518+07:00 DEBUG 9864 --- [project] [HikariPool-1:connection-closer] com.zaxxer.hikari.pool.PoolBase          : HikariPool-1 - Closing connection com.mysql.cj.jdbc.ConnectionImpl@5788cc6b: (connection evicted)
2026-01-08T13:29:48.522+07:00 DEBUG 9864 --- [project] [HikariPool-1:connection-closer] com.zaxxer.hikari.pool.PoolBase          : HikariPool-1 - Closing connection com.mysql.cj.jdbc.ConnectionImpl@53c6775a: (connection evicted)
2026-01-08T13:29:48.524+07:00 DEBUG 9864 --- [project] [HikariPool-1:connection-closer] com.zaxxer.hikari.pool.PoolBase          : HikariPool-1 - Closing connection com.mysql.cj.jdbc.ConnectionImpl@7fd7f77c: (connection evicted)
2026-01-08T13:29:48.525+07:00 DEBUG 9864 --- [project] [HikariPool-1:connection-closer] com.zaxxer.hikari.pool.PoolBase          : HikariPool-1 - Closing connection com.mysql.cj.jdbc.ConnectionImpl@3dd293b0: (connection evicted)
2026-01-08T13:29:48.525+07:00 DEBUG 9864 --- [project] [HikariPool-1:connection-closer] com.zaxxer.hikari.pool.PoolBase          : HikariPool-1 - Closing connection com.mysql.cj.jdbc.ConnectionImpl@59f82760: (connection evicted)
2026-01-08T13:29:48.525+07:00 DEBUG 9864 --- [project] [HikariPool-1:connection-closer] com.zaxxer.hikari.pool.PoolBase          : HikariPool-1 - Closing connection com.mysql.cj.jdbc.ConnectionImpl@7fbee3b9: (connection evicted)
2026-01-08T13:29:48.528+07:00 DEBUG 9864 --- [project] [SpringApplicationShutdownHook] com.zaxxer.hikari.pool.HikariPool        : HikariPool-1 - After  shutdown stats (total=0/10, idle=0/10, active=0, waiting=0)
2026-01-08T13:29:48.528+07:00  INFO 9864 --- [project] [SpringApplicationShutdownHook] com.zaxxer.hikari.HikariDataSource       : HikariPool-1 - Shutdown completed.
2026-01-08T13:29:48.529+07:00 DEBUG 9864 --- [project] [SpringApplicationShutdownHook] o.s.s.concurrent.ThreadPoolTaskExecutor  : Shutting down ExecutorService 'applicationTaskExecutor'
