2026-01-22T22:01:02.139+07:00 DEBUG 6784 --- [project] [HikariPool-70:housekeeper] com.zaxxer.hikari.pool.HikariPool        : HikariPool-70 - keepalive: connection com.mysql.cj.jdbc.ConnectionImpl@29839a57 is alive
2026-01-22T22:01:16.300+07:00 DEBUG 6784 --- [project] [HikariPool-70:housekeeper] com.zaxxer.hikari.pool.HikariPool        : HikariPool-70 - keepalive: connection com.mysql.cj.jdbc.ConnectionImpl@29bcaaa2 is alive
2026-01-22T22:01:16.638+07:00 DEBUG 6784 --- [project] [SIGINT handler] java.lang.Runtime                        : Runtime.exit() called with status: 130

java.lang.Throwable: Runtime.exit(130)
	at java.base/java.lang.Shutdown.logRuntimeExit(Shutdown.java:179) ~[na:na]
	at java.base/java.lang.Shutdown.exit(Shutdown.java:160) ~[na:na]
	at java.base/java.lang.Terminator$1.handle(Terminator.java:51) ~[na:na]
	at java.base/jdk.internal.misc.Signal$1.run(Signal.java:218) ~[na:na]
	at java.base/java.lang.Thread.run(Thread.java:1447) ~[na:na]

2026-01-22T22:01:16.693+07:00 DEBUG 6784 --- [project] [SpringApplicationShutdownHook] o.s.b.a.ApplicationAvailabilityBean      : Application availability state ReadinessState changed from ACCEPTING_TRAFFIC to REFUSING_TRAFFIC
2026-01-22T22:01:16.706+07:00 DEBUG 6784 --- [project] [SpringApplicationShutdownHook] ConfigServletWebServerApplicationContext : Closing org.springframework.boot.web.server.servlet.context.AnnotationConfigServletWebServerApplicationContext@68e79493, started on Thu Jan 22 20:31:23 GMT+07:00 2026
2026-01-22T22:01:16.738+07:00 DEBUG 6784 --- [project] [SpringApplicationShutdownHook] o.s.c.support.DefaultLifecycleProcessor  : Stopping beans in phase 2147482623
2026-01-22T22:01:16.741+07:00  INFO 6784 --- [project] [SpringApplicationShutdownHook] o.s.boot.tomcat.GracefulShutdown         : Commencing graceful shutdown. Waiting for active requests to complete
2026-01-22T22:01:16.775+07:00  INFO 6784 --- [project] [tomcat-shutdown] o.s.boot.tomcat.GracefulShutdown         : Graceful shutdown complete
2026-01-22T22:01:16.777+07:00 DEBUG 6784 --- [project] [tomcat-shutdown] o.s.c.support.DefaultLifecycleProcessor  : Bean 'webServerGracefulShutdown' completed its stop procedure
2026-01-22T22:01:16.777+07:00 DEBUG 6784 --- [project] [SpringApplicationShutdownHook] o.s.c.support.DefaultLifecycleProcessor  : Stopping beans in phase 2147481599
2026-01-22T22:01:16.795+07:00 DEBUG 6784 --- [project] [SpringApplicationShutdownHook] o.s.c.support.DefaultLifecycleProcessor  : Bean 'webServerStartStop' completed its stop procedure
2026-01-22T22:01:16.797+07:00 DEBUG 6784 --- [project] [SpringApplicationShutdownHook] o.s.c.support.DefaultLifecycleProcessor  : Stopping beans in phase 1073741823
2026-01-22T22:01:16.797+07:00 DEBUG 6784 --- [project] [SpringApplicationShutdownHook] o.s.c.support.DefaultLifecycleProcessor  : Bean 'applicationTaskExecutor' completed its stop procedure
2026-01-22T22:01:16.797+07:00 DEBUG 6784 --- [project] [SpringApplicationShutdownHook] o.s.c.support.DefaultLifecycleProcessor  : Stopping beans in phase -2147483647
2026-01-22T22:01:16.799+07:00 DEBUG 6784 --- [project] [SpringApplicationShutdownHook] o.s.c.support.DefaultLifecycleProcessor  : Bean 'springBootLoggingLifecycle' completed its stop procedure
2026-01-22T22:01:16.830+07:00  INFO 6784 --- [project] [SpringApplicationShutdownHook] j.LocalContainerEntityManagerFactoryBean : Closing JPA EntityManagerFactory for persistence unit 'default'
2026-01-22T22:01:16.836+07:00 DEBUG 6784 --- [project] [SpringApplicationShutdownHook] org.hibernate.orm.factory                : HHH90020005: Closing factory [7e14e84e-bff0-4ee3-9bdc-019c20ed93dd]
2026-01-22T22:01:16.850+07:00 DEBUG 6784 --- [project] [SpringApplicationShutdownHook] o.s.o.jpa.hibernate.SpringBeanContainer  : Falling back to Hibernate's default producer after bean creation failure for interface org.hibernate.engine.jdbc.connections.spi.MultiTenantConnectionProvider: org.springframework.beans.factory.BeanCreationException: Error creating bean with name 'org.hibernate.engine.jdbc.connections.spi.MultiTenantConnectionProvider': Failed to instantiate [org.hibernate.engine.jdbc.connections.spi.MultiTenantConnectionProvider]: Specified class is an interface
2026-01-22T22:01:16.865+07:00  INFO 6784 --- [project] [SpringApplicationShutdownHook] com.zaxxer.hikari.HikariDataSource       : HikariPool-70 - Shutdown initiated...
2026-01-22T22:01:16.865+07:00 DEBUG 6784 --- [project] [SpringApplicationShutdownHook] com.zaxxer.hikari.pool.HikariPool        : HikariPool-70 - Before shutdown stats (total=10/10, idle=10/10, active=0, waiting=0)
2026-01-22T22:01:16.872+07:00 DEBUG 6784 --- [project] [HikariPool-70:connection-closer] com.zaxxer.hikari.pool.PoolBase          : HikariPool-70 - Closing connection com.mysql.cj.jdbc.ConnectionImpl@8916f23: (connection evicted)
2026-01-22T22:01:16.873+07:00 DEBUG 6784 --- [project] [HikariPool-70:connection-closer] com.zaxxer.hikari.pool.PoolBase          : HikariPool-70 - Closing connection com.mysql.cj.jdbc.ConnectionImpl@49ac6518: (connection evicted)
2026-01-22T22:01:16.876+07:00 DEBUG 6784 --- [project] [HikariPool-70:connection-closer] com.zaxxer.hikari.pool.PoolBase          : HikariPool-70 - Closing connection com.mysql.cj.jdbc.ConnectionImpl@782f6fc1: (connection evicted)
2026-01-22T22:01:16.876+07:00 DEBUG 6784 --- [project] [HikariPool-70:connection-closer] com.zaxxer.hikari.pool.PoolBase          : HikariPool-70 - Closing connection com.mysql.cj.jdbc.ConnectionImpl@29839a57: (connection evicted)
2026-01-22T22:01:16.877+07:00 DEBUG 6784 --- [project] [HikariPool-70:connection-closer] com.zaxxer.hikari.pool.PoolBase          : HikariPool-70 - Closing connection com.mysql.cj.jdbc.ConnectionImpl@76b60b07: (connection evicted)
2026-01-22T22:01:16.877+07:00 DEBUG 6784 --- [project] [HikariPool-70:connection-closer] com.zaxxer.hikari.pool.PoolBase          : HikariPool-70 - Closing connection com.mysql.cj.jdbc.ConnectionImpl@2dcdc77d: (connection evicted)
2026-01-22T22:01:16.878+07:00 DEBUG 6784 --- [project] [HikariPool-70:connection-closer] com.zaxxer.hikari.pool.PoolBase          : HikariPool-70 - Closing connection com.mysql.cj.jdbc.ConnectionImpl@3fcdb70a: (connection evicted)
2026-01-22T22:01:16.878+07:00 DEBUG 6784 --- [project] [HikariPool-70:connection-closer] com.zaxxer.hikari.pool.PoolBase          : HikariPool-70 - Closing connection com.mysql.cj.jdbc.ConnectionImpl@29bcaaa2: (connection evicted)
2026-01-22T22:01:16.878+07:00 DEBUG 6784 --- [project] [HikariPool-70:connection-closer] com.zaxxer.hikari.pool.PoolBase          : HikariPool-70 - Closing connection com.mysql.cj.jdbc.ConnectionImpl@29040a7b: (connection evicted)
2026-01-22T22:01:16.880+07:00 DEBUG 6784 --- [project] [HikariPool-70:connection-closer] com.zaxxer.hikari.pool.PoolBase          : HikariPool-70 - Closing connection com.mysql.cj.jdbc.ConnectionImpl@447cd78f: (connection evicted)
2026-01-22T22:01:16.880+07:00 DEBUG 6784 --- [project] [SpringApplicationShutdownHook] com.zaxxer.hikari.pool.HikariPool        : HikariPool-70 - After  shutdown stats (total=0/10, idle=0/10, active=0, waiting=0)
2026-01-22T22:01:16.880+07:00  INFO 6784 --- [project] [SpringApplicationShutdownHook] com.zaxxer.hikari.HikariDataSource       : HikariPool-70 - Shutdown completed.
2026-01-22T22:01:16.881+07:00 DEBUG 6784 --- [project] [SpringApplicationShutdownHook] o.s.s.concurrent.ThreadPoolTaskExecutor  : Shutting down ExecutorService 'applicationTaskExecutor'
