2026-01-07T16:40:01.595+07:00 DEBUG 540 --- [project] [HikariPool-1:housekeeper] com.zaxxer.hikari.pool.HikariPool        : HikariPool-1 - keepalive: connection com.mysql.cj.jdbc.ConnectionImpl@57f330a7 is alive
2026-01-07T16:40:01.926+07:00 DEBUG 540 --- [project] [HikariPool-1:housekeeper] com.zaxxer.hikari.pool.HikariPool        : HikariPool-1 - Pool stats (total=10/10, idle=10/10, active=0, waiting=0)
2026-01-07T16:40:01.926+07:00 DEBUG 540 --- [project] [HikariPool-1:housekeeper] com.zaxxer.hikari.pool.HikariPool        : HikariPool-1 - Fill pool skipped, pool has sufficient level or currently being filled.
2026-01-07T16:40:31.927+07:00 DEBUG 540 --- [project] [HikariPool-1:housekeeper] com.zaxxer.hikari.pool.HikariPool        : HikariPool-1 - Pool stats (total=10/10, idle=10/10, active=0, waiting=0)
2026-01-07T16:40:31.930+07:00 DEBUG 540 --- [project] [HikariPool-1:housekeeper] com.zaxxer.hikari.pool.HikariPool        : HikariPool-1 - Fill pool skipped, pool has sufficient level or currently being filled.
2026-01-07T16:40:52.109+07:00 DEBUG 540 --- [project] [SIGINT handler] java.lang.Runtime                        : Runtime.exit() called with status: 130

java.lang.Throwable: Runtime.exit(130)
	at java.base/java.lang.Shutdown.logRuntimeExit(Shutdown.java:179) ~[na:na]
	at java.base/java.lang.Shutdown.exit(Shutdown.java:160) ~[na:na]
	at java.base/java.lang.Terminator$1.handle(Terminator.java:51) ~[na:na]
	at java.base/jdk.internal.misc.Signal$1.run(Signal.java:218) ~[na:na]
	at java.base/java.lang.Thread.run(Thread.java:1447) ~[na:na]

2026-01-07T16:40:52.112+07:00 DEBUG 540 --- [project] [SpringApplicationShutdownHook] o.s.b.a.ApplicationAvailabilityBean      : Application availability state ReadinessState changed from ACCEPTING_TRAFFIC to REFUSING_TRAFFIC
2026-01-07T16:40:52.120+07:00 DEBUG 540 --- [project] [SpringApplicationShutdownHook] ConfigServletWebServerApplicationContext : Closing org.springframework.boot.web.server.servlet.context.AnnotationConfigServletWebServerApplicationContext@4982cc36, started on Wed Jan 07 16:37:57 GMT+07:00 2026
2026-01-07T16:40:52.125+07:00 DEBUG 540 --- [project] [SpringApplicationShutdownHook] o.s.c.support.DefaultLifecycleProcessor  : Stopping beans in phase 2147482623
2026-01-07T16:40:52.128+07:00  INFO 540 --- [project] [SpringApplicationShutdownHook] o.s.boot.tomcat.GracefulShutdown         : Commencing graceful shutdown. Waiting for active requests to complete
2026-01-07T16:40:52.136+07:00  INFO 540 --- [project] [tomcat-shutdown] o.s.boot.tomcat.GracefulShutdown         : Graceful shutdown complete
2026-01-07T16:40:52.136+07:00 DEBUG 540 --- [project] [SpringApplicationShutdownHook] o.s.c.support.DefaultLifecycleProcessor  : Stopping beans in phase 2147481599
2026-01-07T16:40:52.136+07:00 DEBUG 540 --- [project] [tomcat-shutdown] o.s.c.support.DefaultLifecycleProcessor  : Bean 'webServerGracefulShutdown' completed its stop procedure
2026-01-07T16:40:52.138+07:00 DEBUG 540 --- [project] [SpringApplicationShutdownHook] o.s.c.support.DefaultLifecycleProcessor  : Bean 'webServerStartStop' completed its stop procedure
2026-01-07T16:40:52.139+07:00 DEBUG 540 --- [project] [SpringApplicationShutdownHook] o.s.c.support.DefaultLifecycleProcessor  : Stopping beans in phase 1073741823
2026-01-07T16:40:52.139+07:00 DEBUG 540 --- [project] [SpringApplicationShutdownHook] o.s.c.support.DefaultLifecycleProcessor  : Bean 'applicationTaskExecutor' completed its stop procedure
2026-01-07T16:40:52.139+07:00 DEBUG 540 --- [project] [SpringApplicationShutdownHook] o.s.c.support.DefaultLifecycleProcessor  : Stopping beans in phase -2147483647
2026-01-07T16:40:52.140+07:00 DEBUG 540 --- [project] [SpringApplicationShutdownHook] o.s.c.support.DefaultLifecycleProcessor  : Bean 'springBootLoggingLifecycle' completed its stop procedure
2026-01-07T16:40:52.142+07:00  INFO 540 --- [project] [SpringApplicationShutdownHook] j.LocalContainerEntityManagerFactoryBean : Closing JPA EntityManagerFactory for persistence unit 'default'
2026-01-07T16:40:52.142+07:00 DEBUG 540 --- [project] [SpringApplicationShutdownHook] org.hibernate.orm.factory                : HHH90020005: Closing factory [be4fac5f-c5ef-4fd6-995a-cc47d0215307]
2026-01-07T16:40:52.146+07:00  INFO 540 --- [project] [SpringApplicationShutdownHook] com.zaxxer.hikari.HikariDataSource       : HikariPool-1 - Shutdown initiated...
2026-01-07T16:40:52.147+07:00 DEBUG 540 --- [project] [SpringApplicationShutdownHook] com.zaxxer.hikari.pool.HikariPool        : HikariPool-1 - Before shutdown stats (total=10/10, idle=10/10, active=0, waiting=0)
2026-01-07T16:40:52.149+07:00 DEBUG 540 --- [project] [HikariPool-1:connection-closer] com.zaxxer.hikari.pool.PoolBase          : HikariPool-1 - Closing connection com.mysql.cj.jdbc.ConnectionImpl@4c02899: (connection evicted)
2026-01-07T16:40:52.153+07:00 DEBUG 540 --- [project] [HikariPool-1:connection-closer] com.zaxxer.hikari.pool.PoolBase          : HikariPool-1 - Closing connection com.mysql.cj.jdbc.ConnectionImpl@1bc1aafa: (connection evicted)
2026-01-07T16:40:52.154+07:00 DEBUG 540 --- [project] [HikariPool-1:connection-closer] com.zaxxer.hikari.pool.PoolBase          : HikariPool-1 - Closing connection com.mysql.cj.jdbc.ConnectionImpl@5afca0c1: (connection evicted)
2026-01-07T16:40:52.155+07:00 DEBUG 540 --- [project] [HikariPool-1:connection-closer] com.zaxxer.hikari.pool.PoolBase          : HikariPool-1 - Closing connection com.mysql.cj.jdbc.ConnectionImpl@6b6cf99f: (connection evicted)
2026-01-07T16:40:52.156+07:00 DEBUG 540 --- [project] [HikariPool-1:connection-closer] com.zaxxer.hikari.pool.PoolBase          : HikariPool-1 - Closing connection com.mysql.cj.jdbc.ConnectionImpl@3ad35f8e: (connection evicted)
2026-01-07T16:40:52.157+07:00 DEBUG 540 --- [project] [HikariPool-1:connection-closer] com.zaxxer.hikari.pool.PoolBase          : HikariPool-1 - Closing connection com.mysql.cj.jdbc.ConnectionImpl@3e9d01f4: (connection evicted)
2026-01-07T16:40:52.158+07:00 DEBUG 540 --- [project] [HikariPool-1:connection-closer] com.zaxxer.hikari.pool.PoolBase          : HikariPool-1 - Closing connection com.mysql.cj.jdbc.ConnectionImpl@57f330a7: (connection evicted)
2026-01-07T16:40:52.159+07:00 DEBUG 540 --- [project] [HikariPool-1:connection-closer] com.zaxxer.hikari.pool.PoolBase          : HikariPool-1 - Closing connection com.mysql.cj.jdbc.ConnectionImpl@fbfae0e: (connection evicted)
2026-01-07T16:40:52.160+07:00 DEBUG 540 --- [project] [HikariPool-1:connection-closer] com.zaxxer.hikari.pool.PoolBase          : HikariPool-1 - Closing connection com.mysql.cj.jdbc.ConnectionImpl@a4f6fbd: (connection evicted)
2026-01-07T16:40:52.161+07:00 DEBUG 540 --- [project] [HikariPool-1:connection-closer] com.zaxxer.hikari.pool.PoolBase          : HikariPool-1 - Closing connection com.mysql.cj.jdbc.ConnectionImpl@7d3f9086: (connection evicted)
2026-01-07T16:40:52.162+07:00 DEBUG 540 --- [project] [SpringApplicationShutdownHook] com.zaxxer.hikari.pool.HikariPool        : HikariPool-1 - After  shutdown stats (total=0/10, idle=0/10, active=0, waiting=0)
2026-01-07T16:40:52.162+07:00  INFO 540 --- [project] [SpringApplicationShutdownHook] com.zaxxer.hikari.HikariDataSource       : HikariPool-1 - Shutdown completed.
2026-01-07T16:40:52.163+07:00 DEBUG 540 --- [project] [SpringApplicationShutdownHook] o.s.s.concurrent.ThreadPoolTaskExecutor  : Shutting down ExecutorService 'applicationTaskExecutor'
