2026-05-01T19:17:01.959+07:00 DEBUG 9528 --- [project] [HikariPool-1:housekeeper] com.zaxxer.hikari.pool.HikariPool        : HikariPool-1 - keepalive: connection com.mysql.cj.jdbc.ConnectionImpl@b404b6e is alive
2026-05-01T19:17:06.660+07:00 DEBUG 9528 --- [project] [HikariPool-1:housekeeper] com.zaxxer.hikari.pool.HikariPool        : HikariPool-1 - keepalive: connection com.mysql.cj.jdbc.ConnectionImpl@366cda42 is alive
2026-05-01T19:17:12.494+07:00 DEBUG 9528 --- [project] [http-nio-8080-exec-2] o.apache.coyote.http11.Http11Processor   : Error parsing HTTP request header

java.io.EOFException
	at org.apache.tomcat.util.net.NioEndpoint$NioSocketWrapper.fillReadBuffer(NioEndpoint.java:1338) ~[tomcat-embed-core-11.0.15.jar:11.0.15]
	at org.apache.tomcat.util.net.NioEndpoint$NioSocketWrapper.read(NioEndpoint.java:1223) ~[tomcat-embed-core-11.0.15.jar:11.0.15]
	at org.apache.coyote.http11.Http11InputBuffer.fill(Http11InputBuffer.java:776) ~[tomcat-embed-core-11.0.15.jar:11.0.15]
	at org.apache.coyote.http11.Http11InputBuffer.parseRequestLine(Http11InputBuffer.java:334) ~[tomcat-embed-core-11.0.15.jar:11.0.15]
	at org.apache.coyote.http11.Http11Processor.service(Http11Processor.java:270) ~[tomcat-embed-core-11.0.15.jar:11.0.15]
	at org.apache.coyote.AbstractProcessorLight.process(AbstractProcessorLight.java:63) ~[tomcat-embed-core-11.0.15.jar:11.0.15]
	at org.apache.coyote.AbstractProtocol$ConnectionHandler.process(AbstractProtocol.java:903) ~[tomcat-embed-core-11.0.15.jar:11.0.15]
	at org.apache.tomcat.util.net.NioEndpoint$SocketProcessor.doRun(NioEndpoint.java:1778) ~[tomcat-embed-core-11.0.15.jar:11.0.15]
	at org.apache.tomcat.util.net.SocketProcessorBase.run(SocketProcessorBase.java:52) ~[tomcat-embed-core-11.0.15.jar:11.0.15]
	at org.apache.tomcat.util.threads.ThreadPoolExecutor.runWorker(ThreadPoolExecutor.java:946) ~[tomcat-embed-core-11.0.15.jar:11.0.15]
	at org.apache.tomcat.util.threads.ThreadPoolExecutor$Worker.run(ThreadPoolExecutor.java:480) ~[tomcat-embed-core-11.0.15.jar:11.0.15]
	at org.apache.tomcat.util.threads.TaskThread$WrappingRunnable.run(TaskThread.java:57) ~[tomcat-embed-core-11.0.15.jar:11.0.15]
	at java.base/java.lang.Thread.run(Thread.java:1447) ~[na:na]

2026-05-01T19:17:12.502+07:00 DEBUG 9528 --- [project] [http-nio-8080-exec-1] o.s.security.web.FilterChainProxy        : Securing GET /api/
2026-05-01T19:17:12.502+07:00 DEBUG 9528 --- [project] [http-nio-8080-exec-2] o.apache.coyote.http11.Http11Processor   : Error state [CLOSE_CONNECTION_NOW] reported while processing request

java.io.EOFException
	at org.apache.tomcat.util.net.NioEndpoint$NioSocketWrapper.fillReadBuffer(NioEndpoint.java:1338) ~[tomcat-embed-core-11.0.15.jar:11.0.15]
	at org.apache.tomcat.util.net.NioEndpoint$NioSocketWrapper.read(NioEndpoint.java:1223) ~[tomcat-embed-core-11.0.15.jar:11.0.15]
	at org.apache.coyote.http11.Http11InputBuffer.fill(Http11InputBuffer.java:776) ~[tomcat-embed-core-11.0.15.jar:11.0.15]
	at org.apache.coyote.http11.Http11InputBuffer.parseRequestLine(Http11InputBuffer.java:334) ~[tomcat-embed-core-11.0.15.jar:11.0.15]
	at org.apache.coyote.http11.Http11Processor.service(Http11Processor.java:270) ~[tomcat-embed-core-11.0.15.jar:11.0.15]
	at org.apache.coyote.AbstractProcessorLight.process(AbstractProcessorLight.java:63) ~[tomcat-embed-core-11.0.15.jar:11.0.15]
	at org.apache.coyote.AbstractProtocol$ConnectionHandler.process(AbstractProtocol.java:903) ~[tomcat-embed-core-11.0.15.jar:11.0.15]
	at org.apache.tomcat.util.net.NioEndpoint$SocketProcessor.doRun(NioEndpoint.java:1778) ~[tomcat-embed-core-11.0.15.jar:11.0.15]
	at org.apache.tomcat.util.net.SocketProcessorBase.run(SocketProcessorBase.java:52) ~[tomcat-embed-core-11.0.15.jar:11.0.15]
	at org.apache.tomcat.util.threads.ThreadPoolExecutor.runWorker(ThreadPoolExecutor.java:946) ~[tomcat-embed-core-11.0.15.jar:11.0.15]
	at org.apache.tomcat.util.threads.ThreadPoolExecutor$Worker.run(ThreadPoolExecutor.java:480) ~[tomcat-embed-core-11.0.15.jar:11.0.15]
	at org.apache.tomcat.util.threads.TaskThread$WrappingRunnable.run(TaskThread.java:57) ~[tomcat-embed-core-11.0.15.jar:11.0.15]
	at java.base/java.lang.Thread.run(Thread.java:1447) ~[na:na]

2026-05-01T19:17:12.503+07:00 DEBUG 9528 --- [project] [http-nio-8080-exec-1] o.s.s.o.s.r.a.JwtAuthenticationProvider  : Authenticated token
2026-05-01T19:17:12.503+07:00 DEBUG 9528 --- [project] [http-nio-8080-exec-1] .s.r.w.a.BearerTokenAuthenticationFilter : Set SecurityContextHolder to JwtAuthenticationToken [Principal=org.springframework.security.oauth2.jwt.Jwt@d52242d3, Credentials=[PROTECTED], Authenticated=true, Details=WebAuthenticationDetails [RemoteIpAddress=0:0:0:0:0:0:0:1, SessionId=null], Granted Authorities=[ROLE_COLLABORATOR, user:delete, FactorGrantedAuthority [authority=FACTOR_BEARER, issuedAt=2026-05-01T12:17:12.503317300Z], post:write, user:read, user:write, ROLE_ADMIN]]
2026-05-01T19:17:12.503+07:00 DEBUG 9528 --- [project] [http-nio-8080-exec-1] o.s.security.web.FilterChainProxy        : Secured GET /api/
2026-05-01T19:17:12.503+07:00 DEBUG 9528 --- [project] [http-nio-8080-exec-1] o.s.web.servlet.DispatcherServlet        : GET "/api/", parameters={}
2026-05-01T19:17:12.505+07:00  WARN 9528 --- [project] [http-nio-8080-exec-1] o.s.web.servlet.PageNotFound             : No mapping for GET /api/
2026-05-01T19:17:12.512+07:00 DEBUG 9528 --- [project] [http-nio-8080-exec-1] .m.m.a.ExceptionHandlerExceptionResolver : Using @ExceptionHandler com.ducknife.project.common.GlobalExceptionHandler#handleNoResourceFoundException(NoHandlerFoundException)
2026-05-01T19:17:12.513+07:00 DEBUG 9528 --- [project] [http-nio-8080-exec-1] o.s.w.s.m.m.a.HttpEntityMethodProcessor  : Using 'application/json', given [*/*] and supported [application/json, application/*+json]
2026-05-01T19:17:12.514+07:00 DEBUG 9528 --- [project] [http-nio-8080-exec-1] o.s.w.s.m.m.a.HttpEntityMethodProcessor  : Writing [ApiResponse(status=404, message=Đường dẫn /api/ không tồn tại!, data=null)]
2026-05-01T19:17:12.515+07:00  WARN 9528 --- [project] [http-nio-8080-exec-1] .m.m.a.ExceptionHandlerExceptionResolver : Resolved [org.springframework.web.servlet.NoHandlerFoundException: No endpoint GET /api/.]
2026-05-01T19:17:12.515+07:00 DEBUG 9528 --- [project] [http-nio-8080-exec-1] o.s.web.servlet.DispatcherServlet        : Completed 404 NOT_FOUND
2026-05-01T19:17:13.518+07:00 DEBUG 9528 --- [project] [HikariPool-1:housekeeper] com.zaxxer.hikari.pool.HikariPool        : HikariPool-1 - keepalive: connection com.mysql.cj.jdbc.ConnectionImpl@678e6426 is alive
2026-05-01T19:17:13.719+07:00 DEBUG 9528 --- [project] [HikariPool-1:housekeeper] com.zaxxer.hikari.pool.HikariPool        : HikariPool-1 - keepalive: connection com.mysql.cj.jdbc.ConnectionImpl@63c07f01 is alive
2026-05-01T19:17:19.980+07:00 DEBUG 9528 --- [project] [http-nio-8080-exec-3] o.s.security.web.FilterChainProxy        : Securing GET /api/roles
2026-05-01T19:17:19.983+07:00 DEBUG 9528 --- [project] [http-nio-8080-exec-3] o.s.s.o.s.r.a.JwtAuthenticationProvider  : Authenticated token
2026-05-01T19:17:19.983+07:00 DEBUG 9528 --- [project] [http-nio-8080-exec-3] .s.r.w.a.BearerTokenAuthenticationFilter : Set SecurityContextHolder to JwtAuthenticationToken [Principal=org.springframework.security.oauth2.jwt.Jwt@d52242d3, Credentials=[PROTECTED], Authenticated=true, Details=WebAuthenticationDetails [RemoteIpAddress=0:0:0:0:0:0:0:1, SessionId=null], Granted Authorities=[ROLE_COLLABORATOR, user:delete, FactorGrantedAuthority [authority=FACTOR_BEARER, issuedAt=2026-05-01T12:17:19.983129700Z], post:write, user:read, user:write, ROLE_ADMIN]]
2026-05-01T19:17:19.983+07:00 DEBUG 9528 --- [project] [http-nio-8080-exec-3] o.s.security.web.FilterChainProxy        : Secured GET /api/roles
2026-05-01T19:17:19.983+07:00 DEBUG 9528 --- [project] [http-nio-8080-exec-3] o.s.web.servlet.DispatcherServlet        : GET "/api/roles", parameters={}
2026-05-01T19:17:19.984+07:00 DEBUG 9528 --- [project] [http-nio-8080-exec-3] s.w.s.m.m.a.RequestMappingHandlerMapping : Mapped to com.ducknife.project.modules.role.RoleController#getRoles()
2026-05-01T19:17:19.984+07:00 DEBUG 9528 --- [project] [http-nio-8080-exec-3] o.j.s.OpenEntityManagerInViewInterceptor : Opening JPA EntityManager in OpenEntityManagerInViewInterceptor
2026-05-01T19:17:19.984+07:00 DEBUG 9528 --- [project] [http-nio-8080-exec-3] org.hibernate.orm.core                   : HHH006588: Opening session [tenant=null]
2026-05-01T19:17:19.985+07:00 DEBUG 9528 --- [project] [http-nio-8080-exec-3] o.s.orm.jpa.JpaTransactionManager        : Found thread-bound EntityManager [SessionImpl(1433572807<open>)] for JPA transaction
2026-05-01T19:17:19.985+07:00 DEBUG 9528 --- [project] [http-nio-8080-exec-3] o.s.orm.jpa.JpaTransactionManager        : Creating new transaction with name [com.ducknife.project.modules.role.RoleService.getRoles]: PROPAGATION_REQUIRED,ISOLATION_DEFAULT,readOnly
2026-05-01T19:17:19.986+07:00 DEBUG 9528 --- [project] [http-nio-8080-exec-3] o.s.jdbc.datasource.DataSourceUtils      : Setting JDBC Connection [HikariProxyConnection@1538613529 wrapping com.mysql.cj.jdbc.ConnectionImpl@90d38fc] read-only
2026-05-01T19:17:19.989+07:00 DEBUG 9528 --- [project] [http-nio-8080-exec-3] org.hibernate.orm.core                   : HHH006583: Beginning transaction
2026-05-01T19:17:19.991+07:00 DEBUG 9528 --- [project] [http-nio-8080-exec-3] o.s.orm.jpa.JpaTransactionManager        : Exposing JPA transaction as JDBC [org.springframework.orm.jpa.vendor.HibernateJpaDialect$HibernateConnectionHandle@5f8afeb7]
2026-05-01T19:17:19.992+07:00 DEBUG 9528 --- [project] [http-nio-8080-exec-3] o.s.orm.jpa.JpaTransactionManager        : Found thread-bound EntityManager [SessionImpl(1433572807<open>)] for JPA transaction
2026-05-01T19:17:19.992+07:00 DEBUG 9528 --- [project] [http-nio-8080-exec-3] o.s.orm.jpa.JpaTransactionManager        : Participating in existing transaction
2026-05-01T19:17:19.994+07:00 DEBUG 9528 --- [project] [http-nio-8080-exec-3] org.hibernate.SQL                        : select r1_0.id,r1_0.name from roles r1_0
2026-05-01T19:17:19.998+07:00 DEBUG 9528 --- [project] [http-nio-8080-exec-3] o.s.orm.jpa.JpaTransactionManager        : Initiating transaction commit
2026-05-01T19:17:19.999+07:00 DEBUG 9528 --- [project] [http-nio-8080-exec-3] o.s.orm.jpa.JpaTransactionManager        : Committing JPA transaction on EntityManager [SessionImpl(1433572807<open>)]
2026-05-01T19:17:20.000+07:00 DEBUG 9528 --- [project] [http-nio-8080-exec-3] org.hibernate.orm.core                   : HHH006584: Committing transaction
2026-05-01T19:17:20.001+07:00 DEBUG 9528 --- [project] [http-nio-8080-exec-3] o.s.jdbc.datasource.DataSourceUtils      : Resetting read-only flag of JDBC Connection [HikariProxyConnection@1538613529 wrapping com.mysql.cj.jdbc.ConnectionImpl@90d38fc]
2026-05-01T19:17:20.001+07:00 DEBUG 9528 --- [project] [http-nio-8080-exec-3] o.s.orm.jpa.JpaTransactionManager        : Not closing pre-bound JPA EntityManager after transaction
2026-05-01T19:17:20.003+07:00 DEBUG 9528 --- [project] [http-nio-8080-exec-3] o.s.w.s.m.m.a.HttpEntityMethodProcessor  : Using 'application/json', given [*/*] and supported [application/json, application/*+json]
2026-05-01T19:17:20.003+07:00 DEBUG 9528 --- [project] [http-nio-8080-exec-3] o.s.w.s.m.m.a.HttpEntityMethodProcessor  : Writing [ApiResponse(status=200, message=Success, data=[com.ducknife.project.modules.role.Role@98987e1, com.d (truncated)...]
2026-05-01T19:17:20.024+07:00 DEBUG 9528 --- [project] [http-nio-8080-exec-3] org.hibernate.SQL                        : select p1_0.role_id,p1_1.id,p1_1.name from role_permissions p1_0 join permissions p1_1 on p1_1.id=p1_0.permission_id where p1_0.role_id=?
2026-05-01T19:17:20.036+07:00 DEBUG 9528 --- [project] [http-nio-8080-exec-3] org.hibernate.SQL                        : select p1_0.role_id,p1_1.id,p1_1.name from role_permissions p1_0 join permissions p1_1 on p1_1.id=p1_0.permission_id where p1_0.role_id=?
2026-05-01T19:17:20.038+07:00 DEBUG 9528 --- [project] [http-nio-8080-exec-3] org.hibernate.SQL                        : select p1_0.role_id,p1_1.id,p1_1.name from role_permissions p1_0 join permissions p1_1 on p1_1.id=p1_0.permission_id where p1_0.role_id=?
2026-05-01T19:17:20.041+07:00 DEBUG 9528 --- [project] [http-nio-8080-exec-3] o.j.s.OpenEntityManagerInViewInterceptor : Closing JPA EntityManager in OpenEntityManagerInViewInterceptor
2026-05-01T19:17:20.042+07:00 DEBUG 9528 --- [project] [http-nio-8080-exec-3] org.hibernate.session.metrics            : HHH000401: Logging session metrics:
	570500 ns acquiring 1 JDBC connections
	0 ns releasing 0 JDBC connections
	773500 ns preparing 4 JDBC statements
	11312700 ns executing 4 JDBC statements
	0 ns executing 0 JDBC batches
	0 ns performing 0 second-level cache puts
	0 ns performing 0 second-level cache hits
	0 ns performing 0 second-level cache misses
	0 ns executing 0 flushes (flushing a total of 0 entities and 0 collections)
	5200 ns executing 1 pre-partial-flushes
	2500 ns executing 1 partial-flushes (flushing a total of 0 entities and 0 collections)

2026-05-01T19:17:20.042+07:00 DEBUG 9528 --- [project] [http-nio-8080-exec-3] o.s.web.servlet.DispatcherServlet        : Completed 200 OK
2026-05-01T19:17:21.792+07:00 DEBUG 9528 --- [project] [HikariPool-1:housekeeper] com.zaxxer.hikari.pool.HikariPool        : HikariPool-1 - Pool stats (total=10/10, idle=10/10, active=0, waiting=0)
2026-05-01T19:17:21.792+07:00 DEBUG 9528 --- [project] [HikariPool-1:housekeeper] com.zaxxer.hikari.pool.HikariPool        : HikariPool-1 - Fill pool skipped, pool has sufficient level or currently being filled.
2026-05-01T19:17:32.422+07:00 DEBUG 9528 --- [project] [HikariPool-1:housekeeper] com.zaxxer.hikari.pool.HikariPool        : HikariPool-1 - keepalive: connection com.mysql.cj.jdbc.ConnectionImpl@401cd48e is alive
2026-05-01T19:17:32.859+07:00 DEBUG 9528 --- [project] [HikariPool-1:housekeeper] com.zaxxer.hikari.pool.HikariPool        : HikariPool-1 - keepalive: connection com.mysql.cj.jdbc.ConnectionImpl@13a21061 is alive
2026-05-01T19:17:37.106+07:00 DEBUG 9528 --- [project] [HikariPool-1:housekeeper] com.zaxxer.hikari.pool.HikariPool        : HikariPool-1 - keepalive: connection com.mysql.cj.jdbc.ConnectionImpl@90d38fc is alive
2026-05-01T19:17:40.394+07:00 DEBUG 9528 --- [project] [HikariPool-1:housekeeper] com.zaxxer.hikari.pool.HikariPool        : HikariPool-1 - keepalive: connection com.mysql.cj.jdbc.ConnectionImpl@7a19b69 is alive
2026-05-01T19:17:49.997+07:00 DEBUG 9528 --- [project] [HikariPool-1:housekeeper] com.zaxxer.hikari.pool.HikariPool        : HikariPool-1 - keepalive: connection com.mysql.cj.jdbc.ConnectionImpl@31c82771 is alive
2026-05-01T19:17:51.794+07:00 DEBUG 9528 --- [project] [HikariPool-1:housekeeper] com.zaxxer.hikari.pool.HikariPool        : HikariPool-1 - Pool stats (total=10/10, idle=10/10, active=0, waiting=0)
2026-05-01T19:17:51.794+07:00 DEBUG 9528 --- [project] [HikariPool-1:housekeeper] com.zaxxer.hikari.pool.HikariPool        : HikariPool-1 - Fill pool skipped, pool has sufficient level or currently being filled.
