2026-01-08T20:23:09.539+07:00 DEBUG 29896 --- [project] [http-nio-8080-exec-8] o.s.web.servlet.DispatcherServlet        : GET "/skibidi", parameters={}
2026-01-08T20:23:09.537+07:00 DEBUG 29896 --- [project] [http-nio-8080-exec-7] o.apache.coyote.http11.Http11Processor   : Error parsing HTTP request header

java.io.EOFException
	at org.apache.tomcat.util.net.NioEndpoint$NioSocketWrapper.fillReadBuffer(NioEndpoint.java:1338) ~[tomcat-embed-core-11.0.15.jar:11.0.15]
	at org.apache.tomcat.util.net.NioEndpoint$NioSocketWrapper.read(NioEndpoint.java:1223) ~[tomcat-embed-core-11.0.15.jar:11.0.15]
	at org.apache.coyote.http11.Http11InputBuffer.fill(Http11InputBuffer.java:776) ~[tomcat-embed-core-11.0.15.jar:11.0.15]
	at org.apache.coyote.http11.Http11InputBuffer.parseRequestLine(Http11InputBuffer.java:334) ~[tomcat-embed-core-11.0.15.jar:11.0.15]
	at org.apache.coyote.http11.Http11Processor.service(Http11Processor.java:270) ~[tomcat-embed-core-11.0.15.jar:11.0.15]
	at org.apache.coyote.AbstractProcessorLight.process(AbstractProcessorLight.java:63) ~[tomcat-embed-core-11.0.15.jar:11.0.15]
	at org.apache.coyote.AbstractProtocol$ConnectionHandler.process(AbstractProtocol.java:903) ~[tomcat-embed-core-11.0.15.jar:11.0.15]
	at org.apache.tomcat.util.net.NioEndpoint$SocketProcessor.doRun(NioEndpoint.java:1778) ~[tomcat-embed-core-11.0.15.jar:11.0.15]
	at org.apache.tomcat.util.net.SocketProcessorBase.run(SocketProcessorBase.java:52) ~[tomcat-embed-core-11.0.15.jar:11.0.15]
	at org.apache.tomcat.util.threads.ThreadPoolExecutor.runWorker(ThreadPoolExecutor.java:946) ~[tomcat-embed-core-11.0.15.jar:11.0.15]
	at org.apache.tomcat.util.threads.ThreadPoolExecutor$Worker.run(ThreadPoolExecutor.java:480) ~[tomcat-embed-core-11.0.15.jar:11.0.15]
	at org.apache.tomcat.util.threads.TaskThread$WrappingRunnable.run(TaskThread.java:57) ~[tomcat-embed-core-11.0.15.jar:11.0.15]
	at java.base/java.lang.Thread.run(Thread.java:1447) ~[na:na]

2026-01-08T20:23:09.542+07:00 DEBUG 29896 --- [project] [http-nio-8080-exec-7] o.apache.coyote.http11.Http11Processor   : Error state [CLOSE_CONNECTION_NOW] reported while processing request

java.io.EOFException
	at org.apache.tomcat.util.net.NioEndpoint$NioSocketWrapper.fillReadBuffer(NioEndpoint.java:1338) ~[tomcat-embed-core-11.0.15.jar:11.0.15]
	at org.apache.tomcat.util.net.NioEndpoint$NioSocketWrapper.read(NioEndpoint.java:1223) ~[tomcat-embed-core-11.0.15.jar:11.0.15]
	at org.apache.coyote.http11.Http11InputBuffer.fill(Http11InputBuffer.java:776) ~[tomcat-embed-core-11.0.15.jar:11.0.15]
	at org.apache.coyote.http11.Http11InputBuffer.parseRequestLine(Http11InputBuffer.java:334) ~[tomcat-embed-core-11.0.15.jar:11.0.15]
	at org.apache.coyote.http11.Http11Processor.service(Http11Processor.java:270) ~[tomcat-embed-core-11.0.15.jar:11.0.15]
	at org.apache.coyote.AbstractProcessorLight.process(AbstractProcessorLight.java:63) ~[tomcat-embed-core-11.0.15.jar:11.0.15]
	at org.apache.coyote.AbstractProtocol$ConnectionHandler.process(AbstractProtocol.java:903) ~[tomcat-embed-core-11.0.15.jar:11.0.15]
	at org.apache.tomcat.util.net.NioEndpoint$SocketProcessor.doRun(NioEndpoint.java:1778) ~[tomcat-embed-core-11.0.15.jar:11.0.15]
	at org.apache.tomcat.util.net.SocketProcessorBase.run(SocketProcessorBase.java:52) ~[tomcat-embed-core-11.0.15.jar:11.0.15]
	at org.apache.tomcat.util.threads.ThreadPoolExecutor.runWorker(ThreadPoolExecutor.java:946) ~[tomcat-embed-core-11.0.15.jar:11.0.15]
	at org.apache.tomcat.util.threads.ThreadPoolExecutor$Worker.run(ThreadPoolExecutor.java:480) ~[tomcat-embed-core-11.0.15.jar:11.0.15]
	at org.apache.tomcat.util.threads.TaskThread$WrappingRunnable.run(TaskThread.java:57) ~[tomcat-embed-core-11.0.15.jar:11.0.15]
	at java.base/java.lang.Thread.run(Thread.java:1447) ~[na:na]

2026-01-08T20:23:09.542+07:00  WARN 29896 --- [project] [http-nio-8080-exec-8] o.s.web.servlet.PageNotFound             : No mapping for GET /skibidi
2026-01-08T20:23:09.546+07:00 DEBUG 29896 --- [project] [http-nio-8080-exec-8] .m.m.a.ExceptionHandlerExceptionResolver : Using @ExceptionHandler com.ducknife.project.common.GlobalExceptionHandler#handleNoResourceFoundException(NoHandlerFoundException)
2026-01-08T20:23:09.547+07:00 DEBUG 29896 --- [project] [http-nio-8080-exec-8] o.s.w.s.m.m.a.HttpEntityMethodProcessor  : Using 'application/json', given [*/*] and supported [application/json, application/*+json]
2026-01-08T20:23:09.549+07:00 DEBUG 29896 --- [project] [http-nio-8080-exec-8] o.s.w.s.m.m.a.HttpEntityMethodProcessor  : Writing [ApiResponse(status=404, message=Đường dẫn /skibidi không tồn tại!, data=null)]
2026-01-08T20:23:09.551+07:00 DEBUG 29896 --- [project] [http-nio-8080-exec-8] .m.m.a.ExceptionHandlerExceptionResolver : Resolved [org.springframework.web.servlet.NoHandlerFoundException: No endpoint GET /skibidi.]
2026-01-08T20:23:09.551+07:00 DEBUG 29896 --- [project] [http-nio-8080-exec-8] o.s.web.servlet.DispatcherServlet        : Completed 404 NOT_FOUND
2026-01-08T20:23:11.739+07:00 DEBUG 29896 --- [project] [HikariPool-1:housekeeper] com.zaxxer.hikari.pool.HikariPool        : HikariPool-1 - Pool stats (total=10/10, idle=10/10, active=0, waiting=0)
2026-01-08T20:23:11.739+07:00 DEBUG 29896 --- [project] [HikariPool-1:housekeeper] com.zaxxer.hikari.pool.HikariPool        : HikariPool-1 - Fill pool skipped, pool has sufficient level or currently being filled.
2026-01-08T20:23:20.662+07:00 DEBUG 29896 --- [project] [HikariPool-1:housekeeper] com.zaxxer.hikari.pool.HikariPool        : HikariPool-1 - keepalive: connection com.mysql.cj.jdbc.ConnectionImpl@38f825b2 is alive
2026-01-08T20:23:22.275+07:00 DEBUG 29896 --- [project] [HikariPool-1:housekeeper] com.zaxxer.hikari.pool.HikariPool        : HikariPool-1 - keepalive: connection com.mysql.cj.jdbc.ConnectionImpl@bcb1703 is alive
2026-01-08T20:23:23.785+07:00 DEBUG 29896 --- [project] [HikariPool-1:housekeeper] com.zaxxer.hikari.pool.HikariPool        : HikariPool-1 - keepalive: connection com.mysql.cj.jdbc.ConnectionImpl@2e97195b is alive
2026-01-08T20:23:25.655+07:00 DEBUG 29896 --- [project] [HikariPool-1:housekeeper] com.zaxxer.hikari.pool.HikariPool        : HikariPool-1 - keepalive: connection com.mysql.cj.jdbc.ConnectionImpl@f85ec2f is alive
2026-01-08T20:23:27.647+07:00 DEBUG 29896 --- [project] [HikariPool-1:housekeeper] com.zaxxer.hikari.pool.HikariPool        : HikariPool-1 - keepalive: connection com.mysql.cj.jdbc.ConnectionImpl@13c93ae9 is alive
2026-01-08T20:23:34.102+07:00 DEBUG 29896 --- [project] [HikariPool-1:housekeeper] com.zaxxer.hikari.pool.HikariPool        : HikariPool-1 - keepalive: connection com.mysql.cj.jdbc.ConnectionImpl@5e8fb9dd is alive
2026-01-08T20:23:36.064+07:00 DEBUG 29896 --- [project] [HikariPool-1:housekeeper] com.zaxxer.hikari.pool.HikariPool        : HikariPool-1 - keepalive: connection com.mysql.cj.jdbc.ConnectionImpl@8315e4a is alive
2026-01-08T20:23:39.212+07:00 DEBUG 29896 --- [project] [HikariPool-1:housekeeper] com.zaxxer.hikari.pool.HikariPool        : HikariPool-1 - keepalive: connection com.mysql.cj.jdbc.ConnectionImpl@6faa1360 is alive
2026-01-08T20:23:41.608+07:00 DEBUG 29896 --- [project] [HikariPool-1:housekeeper] com.zaxxer.hikari.pool.HikariPool        : HikariPool-1 - keepalive: connection com.mysql.cj.jdbc.ConnectionImpl@3b116054 is alive
2026-01-08T20:23:41.745+07:00 DEBUG 29896 --- [project] [HikariPool-1:housekeeper] com.zaxxer.hikari.pool.HikariPool        : HikariPool-1 - Pool stats (total=10/10, idle=10/10, active=0, waiting=0)
2026-01-08T20:23:41.745+07:00 DEBUG 29896 --- [project] [HikariPool-1:housekeeper] com.zaxxer.hikari.pool.HikariPool        : HikariPool-1 - Fill pool skipped, pool has sufficient level or currently being filled.
2026-01-08T20:23:42.094+07:00 DEBUG 29896 --- [project] [HikariPool-1:housekeeper] com.zaxxer.hikari.pool.HikariPool        : HikariPool-1 - keepalive: connection com.mysql.cj.jdbc.ConnectionImpl@4331afc9 is alive
2026-01-08T20:23:49.632+07:00 DEBUG 29896 --- [project] [http-nio-8080-exec-9] o.s.web.servlet.DispatcherServlet        : GET "/api/products", parameters={}
2026-01-08T20:23:49.646+07:00 DEBUG 29896 --- [project] [http-nio-8080-exec-9] s.w.s.m.m.a.RequestMappingHandlerMapping : Mapped to com.ducknife.project.modules.product.ProductController#showProducts()
2026-01-08T20:23:49.653+07:00 DEBUG 29896 --- [project] [http-nio-8080-exec-9] o.j.s.OpenEntityManagerInViewInterceptor : Opening JPA EntityManager in OpenEntityManagerInViewInterceptor
2026-01-08T20:23:49.653+07:00 DEBUG 29896 --- [project] [http-nio-8080-exec-9] org.hibernate.orm.core                   : HHH006588: Opening session [tenant=null]
2026-01-08T20:23:49.769+07:00  INFO 29896 --- [project] [http-nio-8080-exec-9] c.d.p.modules.product.ProductController  : --------------------------------------------------USER: Muốn hiển thị tất cả product!--------------------------------------------------
2026-01-08T20:23:49.769+07:00  INFO 29896 --- [project] [http-nio-8080-exec-9] c.d.p.modules.product.ProductService     : CONTROLLER: Gọi vào nghiệp vụ lấy danh sách sản phẩm!
2026-01-08T20:23:49.774+07:00  INFO 29896 --- [project] [http-nio-8080-exec-9] c.d.p.modules.product.ProductRepository  : SERVICE: Muốn lấy danh sách sản phẩm trong CSDL
2026-01-08T20:23:49.777+07:00 DEBUG 29896 --- [project] [http-nio-8080-exec-9] o.s.jdbc.core.JdbcTemplate               : Executing SQL query [select * from product]
2026-01-08T20:23:49.777+07:00 DEBUG 29896 --- [project] [http-nio-8080-exec-9] o.s.jdbc.datasource.DataSourceUtils      : Fetching JDBC Connection from DataSource
2026-01-08T20:23:49.801+07:00 DEBUG 29896 --- [project] [http-nio-8080-exec-9] o.s.w.s.m.m.a.HttpEntityMethodProcessor  : Using 'application/json', given [*/*] and supported [application/json, application/*+json]
2026-01-08T20:23:49.805+07:00 DEBUG 29896 --- [project] [http-nio-8080-exec-9] o.s.w.s.m.m.a.HttpEntityMethodProcessor  : Writing [ApiResponse(status=200, message=Success, data=[ProductDTO(name=Deep Learning for A*er, price=123213. (truncated)...]
2026-01-08T20:23:49.827+07:00 DEBUG 29896 --- [project] [http-nio-8080-exec-9] o.j.s.OpenEntityManagerInViewInterceptor : Closing JPA EntityManager in OpenEntityManagerInViewInterceptor
2026-01-08T20:23:49.835+07:00 DEBUG 29896 --- [project] [http-nio-8080-exec-9] org.hibernate.session.metrics            : HHH000401: Logging session metrics:
	0 ns acquiring 0 JDBC connections
	0 ns releasing 0 JDBC connections
	0 ns preparing 0 JDBC statements
	0 ns executing 0 JDBC statements
	0 ns executing 0 JDBC batches
	0 ns performing 0 second-level cache puts
	0 ns performing 0 second-level cache hits
	0 ns performing 0 second-level cache misses
	0 ns executing 0 flushes (flushing a total of 0 entities and 0 collections)
	0 ns executing 0 pre-partial-flushes
	0 ns executing 0 partial-flushes (flushing a total of 0 entities and 0 collections)

2026-01-08T20:23:49.835+07:00 DEBUG 29896 --- [project] [http-nio-8080-exec-9] o.s.web.servlet.DispatcherServlet        : Completed 200 OK
2026-01-08T20:23:52.527+07:00 DEBUG 29896 --- [project] [http-nio-8080-exec-10] o.s.web.servlet.DispatcherServlet        : GET "/api/products/111", parameters={}
2026-01-08T20:23:52.528+07:00 DEBUG 29896 --- [project] [http-nio-8080-exec-10] s.w.s.m.m.a.RequestMappingHandlerMapping : Mapped to com.ducknife.project.modules.product.ProductController#showProductById(Long)
2026-01-08T20:23:52.528+07:00 DEBUG 29896 --- [project] [http-nio-8080-exec-10] o.j.s.OpenEntityManagerInViewInterceptor : Opening JPA EntityManager in OpenEntityManagerInViewInterceptor
2026-01-08T20:23:52.530+07:00 DEBUG 29896 --- [project] [http-nio-8080-exec-10] org.hibernate.orm.core                   : HHH006588: Opening session [tenant=null]
2026-01-08T20:23:52.554+07:00 DEBUG 29896 --- [project] [http-nio-8080-exec-10] o.s.jdbc.core.JdbcTemplate               : Executing prepared SQL query
2026-01-08T20:23:52.554+07:00 DEBUG 29896 --- [project] [http-nio-8080-exec-10] o.s.jdbc.core.JdbcTemplate               : Executing prepared SQL statement [select * from product where id = ?]
2026-01-08T20:23:52.554+07:00 DEBUG 29896 --- [project] [http-nio-8080-exec-10] o.s.jdbc.datasource.DataSourceUtils      : Fetching JDBC Connection from DataSource
2026-01-08T20:23:52.595+07:00 DEBUG 29896 --- [project] [http-nio-8080-exec-10] .m.m.a.ExceptionHandlerExceptionResolver : Using @ExceptionHandler com.ducknife.project.common.GlobalExceptionHandler#handleAppException(AppException)
2026-01-08T20:23:52.595+07:00 DEBUG 29896 --- [project] [http-nio-8080-exec-10] o.s.w.s.m.m.a.HttpEntityMethodProcessor  : Using 'application/json', given [*/*] and supported [application/json, application/*+json]
2026-01-08T20:23:52.595+07:00 DEBUG 29896 --- [project] [http-nio-8080-exec-10] o.s.w.s.m.m.a.HttpEntityMethodProcessor  : Writing [ApiResponse(status=404, message=Không tìm thấy sản phẩm!, data=null)]
2026-01-08T20:23:52.599+07:00 DEBUG 29896 --- [project] [http-nio-8080-exec-10] .m.m.a.ExceptionHandlerExceptionResolver : Resolved [com.ducknife.project.common.exception.ResourceNotFoundException: Không tìm thấy sản phẩm!]
2026-01-08T20:23:52.601+07:00 DEBUG 29896 --- [project] [http-nio-8080-exec-10] o.j.s.OpenEntityManagerInViewInterceptor : Closing JPA EntityManager in OpenEntityManagerInViewInterceptor
2026-01-08T20:23:52.601+07:00 DEBUG 29896 --- [project] [http-nio-8080-exec-10] org.hibernate.session.metrics            : HHH000401: Logging session metrics:
	0 ns acquiring 0 JDBC connections
	0 ns releasing 0 JDBC connections
	0 ns preparing 0 JDBC statements
	0 ns executing 0 JDBC statements
	0 ns executing 0 JDBC batches
	0 ns performing 0 second-level cache puts
	0 ns performing 0 second-level cache hits
	0 ns performing 0 second-level cache misses
	0 ns executing 0 flushes (flushing a total of 0 entities and 0 collections)
	0 ns executing 0 pre-partial-flushes
	0 ns executing 0 partial-flushes (flushing a total of 0 entities and 0 collections)

2026-01-08T20:23:52.601+07:00 DEBUG 29896 --- [project] [http-nio-8080-exec-10] o.s.web.servlet.DispatcherServlet        : Completed 404 NOT_FOUND
2026-01-08T20:23:55.454+07:00 DEBUG 29896 --- [project] [http-nio-8080-exec-2] o.s.web.servlet.DispatcherServlet        : GET "/api/products/12", parameters={}
2026-01-08T20:23:55.455+07:00 DEBUG 29896 --- [project] [http-nio-8080-exec-2] s.w.s.m.m.a.RequestMappingHandlerMapping : Mapped to com.ducknife.project.modules.product.ProductController#showProductById(Long)
2026-01-08T20:23:55.456+07:00 DEBUG 29896 --- [project] [http-nio-8080-exec-2] o.j.s.OpenEntityManagerInViewInterceptor : Opening JPA EntityManager in OpenEntityManagerInViewInterceptor
2026-01-08T20:23:55.456+07:00 DEBUG 29896 --- [project] [http-nio-8080-exec-2] org.hibernate.orm.core                   : HHH006588: Opening session [tenant=null]
2026-01-08T20:23:55.457+07:00 DEBUG 29896 --- [project] [http-nio-8080-exec-2] o.s.jdbc.core.JdbcTemplate               : Executing prepared SQL query
2026-01-08T20:23:55.457+07:00 DEBUG 29896 --- [project] [http-nio-8080-exec-2] o.s.jdbc.core.JdbcTemplate               : Executing prepared SQL statement [select * from product where id = ?]
2026-01-08T20:23:55.457+07:00 DEBUG 29896 --- [project] [http-nio-8080-exec-2] o.s.jdbc.datasource.DataSourceUtils      : Fetching JDBC Connection from DataSource
2026-01-08T20:23:55.464+07:00 DEBUG 29896 --- [project] [http-nio-8080-exec-2] .m.m.a.ExceptionHandlerExceptionResolver : Using @ExceptionHandler com.ducknife.project.common.GlobalExceptionHandler#handleAppException(AppException)
2026-01-08T20:23:55.465+07:00 DEBUG 29896 --- [project] [http-nio-8080-exec-2] o.s.w.s.m.m.a.HttpEntityMethodProcessor  : Using 'application/json', given [*/*] and supported [application/json, application/*+json]
2026-01-08T20:23:55.467+07:00 DEBUG 29896 --- [project] [http-nio-8080-exec-2] o.s.w.s.m.m.a.HttpEntityMethodProcessor  : Writing [ApiResponse(status=404, message=Không tìm thấy sản phẩm!, data=null)]
2026-01-08T20:23:55.468+07:00 DEBUG 29896 --- [project] [http-nio-8080-exec-2] .m.m.a.ExceptionHandlerExceptionResolver : Resolved [com.ducknife.project.common.exception.ResourceNotFoundException: Không tìm thấy sản phẩm!]
2026-01-08T20:23:55.468+07:00 DEBUG 29896 --- [project] [http-nio-8080-exec-2] o.j.s.OpenEntityManagerInViewInterceptor : Closing JPA EntityManager in OpenEntityManagerInViewInterceptor
2026-01-08T20:23:55.468+07:00 DEBUG 29896 --- [project] [http-nio-8080-exec-2] org.hibernate.session.metrics            : HHH000401: Logging session metrics:
	0 ns acquiring 0 JDBC connections
	0 ns releasing 0 JDBC connections
	0 ns preparing 0 JDBC statements
	0 ns executing 0 JDBC statements
	0 ns executing 0 JDBC batches
	0 ns performing 0 second-level cache puts
	0 ns performing 0 second-level cache hits
	0 ns performing 0 second-level cache misses
	0 ns executing 0 flushes (flushing a total of 0 entities and 0 collections)
	0 ns executing 0 pre-partial-flushes
	0 ns executing 0 partial-flushes (flushing a total of 0 entities and 0 collections)

2026-01-08T20:23:55.474+07:00 DEBUG 29896 --- [project] [http-nio-8080-exec-2] o.s.web.servlet.DispatcherServlet        : Completed 404 NOT_FOUND
