2026-05-01T19:26:05.331+07:00 DEBUG 28660 --- [project] [HikariPool-1:housekeeper] com.zaxxer.hikari.pool.HikariPool        : HikariPool-1 - Pool stats (total=10/10, idle=9/10, active=1, waiting=0)
2026-05-01T19:26:05.332+07:00 DEBUG 28660 --- [project] [HikariPool-1:housekeeper] com.zaxxer.hikari.pool.HikariPool        : HikariPool-1 - Fill pool skipped, pool has sufficient level or currently being filled.
2026-05-01T19:26:05.356+07:00 DEBUG 28660 --- [project] [HikariPool-1:housekeeper] com.zaxxer.hikari.pool.HikariPool        : HikariPool-1 - keepalive: connection com.mysql.cj.jdbc.ConnectionImpl@6558d3fd is alive
2026-05-01T19:26:20.881+07:00 DEBUG 28660 --- [project] [http-nio-8080-exec-1] o.apache.coyote.http11.Http11Processor   : Error parsing HTTP request header

java.io.EOFException
	at org.apache.tomcat.util.net.NioEndpoint$NioSocketWrapper.fillReadBuffer(NioEndpoint.java:1338) ~[tomcat-embed-core-11.0.15.jar:11.0.15]
	at org.apache.tomcat.util.net.NioEndpoint$NioSocketWrapper.read(NioEndpoint.java:1223) ~[tomcat-embed-core-11.0.15.jar:11.0.15]
	at org.apache.coyote.http11.Http11InputBuffer.fill(Http11InputBuffer.java:776) ~[tomcat-embed-core-11.0.15.jar:11.0.15]
	at org.apache.coyote.http11.Http11InputBuffer.parseRequestLine(Http11InputBuffer.java:334) ~[tomcat-embed-core-11.0.15.jar:11.0.15]
	at org.apache.coyote.http11.Http11Processor.service(Http11Processor.java:270) ~[tomcat-embed-core-11.0.15.jar:11.0.15]
	at org.apache.coyote.AbstractProcessorLight.process(AbstractProcessorLight.java:63) ~[tomcat-embed-core-11.0.15.jar:11.0.15]
	at org.apache.coyote.AbstractProtocol$ConnectionHandler.process(AbstractProtocol.java:903) ~[tomcat-embed-core-11.0.15.jar:11.0.15]
	at org.apache.tomcat.util.net.NioEndpoint$SocketProcessor.doRun(NioEndpoint.java:1778) ~[tomcat-embed-core-11.0.15.jar:11.0.15]
	at org.apache.tomcat.util.net.SocketProcessorBase.run(SocketProcessorBase.java:52) ~[tomcat-embed-core-11.0.15.jar:11.0.15]
	at org.apache.tomcat.util.threads.ThreadPoolExecutor.runWorker(ThreadPoolExecutor.java:946) ~[tomcat-embed-core-11.0.15.jar:11.0.15]
	at org.apache.tomcat.util.threads.ThreadPoolExecutor$Worker.run(ThreadPoolExecutor.java:480) ~[tomcat-embed-core-11.0.15.jar:11.0.15]
	at org.apache.tomcat.util.threads.TaskThread$WrappingRunnable.run(TaskThread.java:57) ~[tomcat-embed-core-11.0.15.jar:11.0.15]
	at java.base/java.lang.Thread.run(Thread.java:1447) ~[na:na]

2026-05-01T19:26:20.881+07:00 DEBUG 28660 --- [project] [http-nio-8080-exec-4] o.s.security.web.FilterChainProxy        : Securing POST /api/auth/login
2026-05-01T19:26:20.893+07:00 DEBUG 28660 --- [project] [http-nio-8080-exec-1] o.apache.coyote.http11.Http11Processor   : Error state [CLOSE_CONNECTION_NOW] reported while processing request

java.io.EOFException
	at org.apache.tomcat.util.net.NioEndpoint$NioSocketWrapper.fillReadBuffer(NioEndpoint.java:1338) ~[tomcat-embed-core-11.0.15.jar:11.0.15]
	at org.apache.tomcat.util.net.NioEndpoint$NioSocketWrapper.read(NioEndpoint.java:1223) ~[tomcat-embed-core-11.0.15.jar:11.0.15]
	at org.apache.coyote.http11.Http11InputBuffer.fill(Http11InputBuffer.java:776) ~[tomcat-embed-core-11.0.15.jar:11.0.15]
	at org.apache.coyote.http11.Http11InputBuffer.parseRequestLine(Http11InputBuffer.java:334) ~[tomcat-embed-core-11.0.15.jar:11.0.15]
	at org.apache.coyote.http11.Http11Processor.service(Http11Processor.java:270) ~[tomcat-embed-core-11.0.15.jar:11.0.15]
	at org.apache.coyote.AbstractProcessorLight.process(AbstractProcessorLight.java:63) ~[tomcat-embed-core-11.0.15.jar:11.0.15]
	at org.apache.coyote.AbstractProtocol$ConnectionHandler.process(AbstractProtocol.java:903) ~[tomcat-embed-core-11.0.15.jar:11.0.15]
	at org.apache.tomcat.util.net.NioEndpoint$SocketProcessor.doRun(NioEndpoint.java:1778) ~[tomcat-embed-core-11.0.15.jar:11.0.15]
	at org.apache.tomcat.util.net.SocketProcessorBase.run(SocketProcessorBase.java:52) ~[tomcat-embed-core-11.0.15.jar:11.0.15]
	at org.apache.tomcat.util.threads.ThreadPoolExecutor.runWorker(ThreadPoolExecutor.java:946) ~[tomcat-embed-core-11.0.15.jar:11.0.15]
	at org.apache.tomcat.util.threads.ThreadPoolExecutor$Worker.run(ThreadPoolExecutor.java:480) ~[tomcat-embed-core-11.0.15.jar:11.0.15]
	at org.apache.tomcat.util.threads.TaskThread$WrappingRunnable.run(TaskThread.java:57) ~[tomcat-embed-core-11.0.15.jar:11.0.15]
	at java.base/java.lang.Thread.run(Thread.java:1447) ~[na:na]

2026-05-01T19:26:20.893+07:00 DEBUG 28660 --- [project] [http-nio-8080-exec-4] o.s.s.w.a.AnonymousAuthenticationFilter  : Set SecurityContextHolder to anonymous SecurityContext
2026-05-01T19:26:20.893+07:00 DEBUG 28660 --- [project] [http-nio-8080-exec-4] o.s.security.web.FilterChainProxy        : Secured POST /api/auth/login
2026-05-01T19:26:20.893+07:00 DEBUG 28660 --- [project] [http-nio-8080-exec-4] o.s.web.servlet.DispatcherServlet        : POST "/api/auth/login", parameters={}
2026-05-01T19:26:20.894+07:00 DEBUG 28660 --- [project] [http-nio-8080-exec-4] s.w.s.m.m.a.RequestMappingHandlerMapping : Mapped to com.ducknife.project.modules.auth.AuthController#login(LoginRequest)
2026-05-01T19:26:20.894+07:00 DEBUG 28660 --- [project] [http-nio-8080-exec-4] o.j.s.OpenEntityManagerInViewInterceptor : Opening JPA EntityManager in OpenEntityManagerInViewInterceptor
2026-05-01T19:26:20.894+07:00 DEBUG 28660 --- [project] [http-nio-8080-exec-4] org.hibernate.orm.core                   : HHH006588: Opening session [tenant=null]
2026-05-01T19:26:20.896+07:00 DEBUG 28660 --- [project] [http-nio-8080-exec-4] m.m.a.RequestResponseBodyMethodProcessor : Read "application/json;charset=UTF-8" to [com.ducknife.project.modules.auth.dto.LoginRequest@12d19784]
2026-05-01T19:26:20.896+07:00 DEBUG 28660 --- [project] [http-nio-8080-exec-4] o.s.orm.jpa.JpaTransactionManager        : Found thread-bound EntityManager [SessionImpl(471235502<open>)] for JPA transaction
2026-05-01T19:26:20.896+07:00 DEBUG 28660 --- [project] [http-nio-8080-exec-4] o.s.orm.jpa.JpaTransactionManager        : Creating new transaction with name [com.ducknife.project.modules.auth.AuthService.checkLogin]: PROPAGATION_REQUIRED,ISOLATION_DEFAULT
2026-05-01T19:26:20.896+07:00 DEBUG 28660 --- [project] [http-nio-8080-exec-4] org.hibernate.orm.core                   : HHH006583: Beginning transaction
2026-05-01T19:26:20.899+07:00 DEBUG 28660 --- [project] [http-nio-8080-exec-4] o.s.orm.jpa.JpaTransactionManager        : Exposing JPA transaction as JDBC [org.springframework.orm.jpa.vendor.HibernateJpaDialect$HibernateConnectionHandle@1829fcf4]
2026-05-01T19:26:33.676+07:00 DEBUG 28660 --- [project] [http-nio-8080-exec-2] o.s.d.j.r.query.PartTreeJpaQuery         : QueryPreparer: Derived query for query method [public abstract java.util.Optional com.ducknife.project.modules.user.UserRepository.findByUsername(java.lang.String)]: 'SELECT u FROM User u WHERE u.username = :username'
2026-05-01T19:26:33.676+07:00 DEBUG 28660 --- [project] [http-nio-8080-exec-4] o.s.d.j.r.query.PartTreeJpaQuery         : QueryPreparer: Derived query for query method [public abstract java.util.Optional com.ducknife.project.modules.user.UserRepository.findByUsername(java.lang.String)]: 'SELECT u FROM User u WHERE u.username = :username'
2026-05-01T19:26:33.704+07:00 DEBUG 28660 --- [project] [http-nio-8080-exec-4] org.hibernate.SQL                        : select u1_0.user_id,u1_0.email,u1_0.fullname,u1_0.password,r1_0.user_id,r1_1.id,r1_1.name,p1_0.role_id,p1_1.id,p1_1.name,u1_0.username,u1_0.version from users u1_0 left join user_roles r1_0 on u1_0.user_id=r1_0.user_id left join roles r1_1 on r1_1.id=r1_0.role_id left join role_permissions p1_0 on r1_1.id=p1_0.role_id left join permissions p1_1 on p1_1.id=p1_0.permission_id where u1_0.username=?
2026-05-01T19:26:33.704+07:00 DEBUG 28660 --- [project] [http-nio-8080-exec-2] org.hibernate.SQL                        : select u1_0.user_id,u1_0.email,u1_0.fullname,u1_0.password,r1_0.user_id,r1_1.id,r1_1.name,p1_0.role_id,p1_1.id,p1_1.name,u1_0.username,u1_0.version from users u1_0 left join user_roles r1_0 on u1_0.user_id=r1_0.user_id left join roles r1_1 on r1_1.id=r1_0.role_id left join role_permissions p1_0 on r1_1.id=p1_0.role_id left join permissions p1_1 on p1_1.id=p1_0.permission_id where u1_0.username=?
2026-05-01T19:26:33.869+07:00 DEBUG 28660 --- [project] [http-nio-8080-exec-4] o.s.s.a.dao.DaoAuthenticationProvider    : Authenticated user
2026-05-01T19:26:33.869+07:00 DEBUG 28660 --- [project] [http-nio-8080-exec-2] o.s.s.a.dao.DaoAuthenticationProvider    : Authenticated user
2026-05-01T19:26:33.961+07:00 DEBUG 28660 --- [project] [http-nio-8080-exec-4] o.s.orm.jpa.JpaTransactionManager        : Initiating transaction commit
2026-05-01T19:26:33.961+07:00 DEBUG 28660 --- [project] [http-nio-8080-exec-2] o.s.orm.jpa.JpaTransactionManager        : Initiating transaction commit
2026-05-01T19:26:33.962+07:00 DEBUG 28660 --- [project] [http-nio-8080-exec-2] o.s.orm.jpa.JpaTransactionManager        : Committing JPA transaction on EntityManager [SessionImpl(652755927<open>)]
2026-05-01T19:26:33.963+07:00 DEBUG 28660 --- [project] [http-nio-8080-exec-2] org.hibernate.orm.core                   : HHH006584: Committing transaction
2026-05-01T19:26:33.962+07:00 DEBUG 28660 --- [project] [http-nio-8080-exec-4] o.s.orm.jpa.JpaTransactionManager        : Committing JPA transaction on EntityManager [SessionImpl(471235502<open>)]
2026-05-01T19:26:33.963+07:00 DEBUG 28660 --- [project] [http-nio-8080-exec-4] org.hibernate.orm.core                   : HHH006584: Committing transaction
2026-05-01T19:26:33.990+07:00 DEBUG 28660 --- [project] [http-nio-8080-exec-2] org.hibernate.orm.event                  : HHH90060071: Flushed: 0 insertions, 0 updates, 0 deletions to 7 objects
2026-05-01T19:26:33.990+07:00 DEBUG 28660 --- [project] [http-nio-8080-exec-4] org.hibernate.orm.event                  : HHH90060071: Flushed: 0 insertions, 0 updates, 0 deletions to 7 objects
2026-05-01T19:26:33.990+07:00 DEBUG 28660 --- [project] [http-nio-8080-exec-4] org.hibernate.orm.event                  : HHH90060072: Flushed: 0 (re)creations, 0 updates, 0 removals to 4 collections
2026-05-01T19:26:33.990+07:00 DEBUG 28660 --- [project] [http-nio-8080-exec-2] org.hibernate.orm.event                  : HHH90060072: Flushed: 0 (re)creations, 0 updates, 0 removals to 4 collections
2026-05-01T19:26:33.992+07:00 DEBUG 28660 --- [project] [http-nio-8080-exec-2] org.hibernate.orm.core                   : Listing entities:
2026-05-01T19:26:33.992+07:00 DEBUG 28660 --- [project] [http-nio-8080-exec-4] org.hibernate.orm.core                   : Listing entities:
2026-05-01T19:26:34.001+07:00 DEBUG 28660 --- [project] [http-nio-8080-exec-2] org.hibernate.orm.core                   : com.ducknife.project.modules.role.Role{permissions=[com.ducknife.project.modules.permission.Permission#3, com.ducknife.project.modules.permission.Permission#4, com.ducknife.project.modules.permission.Permission#1, com.ducknife.project.modules.permission.Permission#2], name=ROLE_ADMIN, id=1}
2026-05-01T19:26:34.002+07:00 DEBUG 28660 --- [project] [http-nio-8080-exec-2] org.hibernate.orm.core                   : com.ducknife.project.modules.permission.Permission{name=user:delete, id=3}
2026-05-01T19:26:34.003+07:00 DEBUG 28660 --- [project] [http-nio-8080-exec-2] org.hibernate.orm.core                   : com.ducknife.project.modules.permission.Permission{name=post:write, id=4}
2026-05-01T19:26:34.001+07:00 DEBUG 28660 --- [project] [http-nio-8080-exec-4] org.hibernate.orm.core                   : com.ducknife.project.modules.role.Role{permissions=[com.ducknife.project.modules.permission.Permission#1, com.ducknife.project.modules.permission.Permission#2, com.ducknife.project.modules.permission.Permission#4, com.ducknife.project.modules.permission.Permission#3], name=ROLE_ADMIN, id=1}
2026-05-01T19:26:34.003+07:00 DEBUG 28660 --- [project] [http-nio-8080-exec-4] org.hibernate.orm.core                   : com.ducknife.project.modules.permission.Permission{name=user:delete, id=3}
2026-05-01T19:26:34.003+07:00 DEBUG 28660 --- [project] [http-nio-8080-exec-2] org.hibernate.orm.core                   : com.ducknife.project.modules.user.User{password={bcrypt}$2a$10$NC6qMVllgO0kF5omymIm3ue5crAH.770VY5qXJiDmJTZfCdbfkrx., roles=[com.ducknife.project.modules.role.Role#1, com.ducknife.project.modules.role.Role#3], orders=<uninitialized>, id=2, fullname=Admin, version=0, email=admin@alandas.site, username=admin}
2026-05-01T19:26:34.003+07:00 DEBUG 28660 --- [project] [http-nio-8080-exec-4] org.hibernate.orm.core                   : com.ducknife.project.modules.permission.Permission{name=post:write, id=4}
2026-05-01T19:26:34.004+07:00 DEBUG 28660 --- [project] [http-nio-8080-exec-2] org.hibernate.orm.core                   : com.ducknife.project.modules.permission.Permission{name=user:read, id=1}
2026-05-01T19:26:34.004+07:00 DEBUG 28660 --- [project] [http-nio-8080-exec-2] org.hibernate.orm.core                   : com.ducknife.project.modules.permission.Permission{name=user:write, id=2}
2026-05-01T19:26:34.004+07:00 DEBUG 28660 --- [project] [http-nio-8080-exec-4] org.hibernate.orm.core                   : com.ducknife.project.modules.user.User{password={bcrypt}$2a$10$NC6qMVllgO0kF5omymIm3ue5crAH.770VY5qXJiDmJTZfCdbfkrx., roles=[com.ducknife.project.modules.role.Role#3, com.ducknife.project.modules.role.Role#1], orders=<uninitialized>, id=2, fullname=Admin, version=0, email=admin@alandas.site, username=admin}
2026-05-01T19:26:34.004+07:00 DEBUG 28660 --- [project] [http-nio-8080-exec-2] org.hibernate.orm.core                   : com.ducknife.project.modules.role.Role{permissions=[com.ducknife.project.modules.permission.Permission#4, com.ducknife.project.modules.permission.Permission#1], name=ROLE_COLLABORATOR, id=3}
2026-05-01T19:26:34.004+07:00 DEBUG 28660 --- [project] [http-nio-8080-exec-4] org.hibernate.orm.core                   : com.ducknife.project.modules.permission.Permission{name=user:read, id=1}
2026-05-01T19:26:34.005+07:00 DEBUG 28660 --- [project] [http-nio-8080-exec-4] org.hibernate.orm.core                   : com.ducknife.project.modules.permission.Permission{name=user:write, id=2}
2026-05-01T19:26:34.005+07:00 DEBUG 28660 --- [project] [http-nio-8080-exec-4] org.hibernate.orm.core                   : com.ducknife.project.modules.role.Role{permissions=[com.ducknife.project.modules.permission.Permission#1, com.ducknife.project.modules.permission.Permission#4], name=ROLE_COLLABORATOR, id=3}
2026-05-01T19:26:34.010+07:00 DEBUG 28660 --- [project] [http-nio-8080-exec-2] o.s.orm.jpa.JpaTransactionManager        : Not closing pre-bound JPA EntityManager after transaction
2026-05-01T19:26:34.010+07:00 DEBUG 28660 --- [project] [http-nio-8080-exec-4] o.s.orm.jpa.JpaTransactionManager        : Not closing pre-bound JPA EntityManager after transaction
2026-05-01T19:26:34.027+07:00 DEBUG 28660 --- [project] [http-nio-8080-exec-4] o.s.w.s.m.m.a.HttpEntityMethodProcessor  : Using 'application/json', given [*/*] and supported [application/json, application/*+json]
2026-05-01T19:26:34.028+07:00 DEBUG 28660 --- [project] [http-nio-8080-exec-2] o.s.w.s.m.m.a.HttpEntityMethodProcessor  : Using 'application/json', given [*/*] and supported [application/json, application/*+json]
2026-05-01T19:26:34.030+07:00 DEBUG 28660 --- [project] [http-nio-8080-exec-4] o.s.w.s.m.m.a.HttpEntityMethodProcessor  : Writing [ApiResponse(status=200, message=Success, data=com.ducknife.project.modules.auth.dto.AuthResponse@4b3 (truncated)...]
2026-05-01T19:26:34.031+07:00 DEBUG 28660 --- [project] [http-nio-8080-exec-2] o.s.w.s.m.m.a.HttpEntityMethodProcessor  : Writing [ApiResponse(status=200, message=Success, data=com.ducknife.project.modules.auth.dto.AuthResponse@7e9 (truncated)...]
2026-05-01T19:26:34.086+07:00 DEBUG 28660 --- [project] [http-nio-8080-exec-2] o.j.s.OpenEntityManagerInViewInterceptor : Closing JPA EntityManager in OpenEntityManagerInViewInterceptor
2026-05-01T19:26:34.086+07:00 DEBUG 28660 --- [project] [http-nio-8080-exec-4] o.j.s.OpenEntityManagerInViewInterceptor : Closing JPA EntityManager in OpenEntityManagerInViewInterceptor
2026-05-01T19:26:34.087+07:00 DEBUG 28660 --- [project] [http-nio-8080-exec-2] org.hibernate.session.metrics            : HHH000401: Logging session metrics:
	569300 ns acquiring 1 JDBC connections
	0 ns releasing 0 JDBC connections
	382000 ns preparing 1 JDBC statements
	6117700 ns executing 1 JDBC statements
	0 ns executing 0 JDBC batches
	0 ns performing 0 second-level cache puts
	0 ns performing 0 second-level cache hits
	0 ns performing 0 second-level cache misses
	41009800 ns executing 1 flushes (flushing a total of 7 entities and 4 collections)
	445900 ns executing 1 pre-partial-flushes
	602100 ns executing 1 partial-flushes (flushing a total of 0 entities and 0 collections)

2026-05-01T19:26:34.088+07:00 DEBUG 28660 --- [project] [http-nio-8080-exec-4] org.hibernate.session.metrics            : HHH000401: Logging session metrics:
	759100 ns acquiring 1 JDBC connections
	0 ns releasing 0 JDBC connections
	460700 ns preparing 1 JDBC statements
	14400900 ns executing 1 JDBC statements
	0 ns executing 0 JDBC batches
	0 ns performing 0 second-level cache puts
	0 ns performing 0 second-level cache hits
	0 ns performing 0 second-level cache misses
	41058300 ns executing 1 flushes (flushing a total of 7 entities and 4 collections)
	446900 ns executing 1 pre-partial-flushes
	601200 ns executing 1 partial-flushes (flushing a total of 0 entities and 0 collections)

2026-05-01T19:26:34.089+07:00 DEBUG 28660 --- [project] [http-nio-8080-exec-2] o.s.web.servlet.DispatcherServlet        : Completed 200 OK
2026-05-01T19:26:34.090+07:00 DEBUG 28660 --- [project] [http-nio-8080-exec-4] o.s.web.servlet.DispatcherServlet        : Completed 200 OK
2026-05-01T19:26:34.099+07:00 DEBUG 28660 --- [project] [http-nio-8080-exec-2] o.apache.coyote.http11.Http11Processor   : Error state [CLOSE_CONNECTION_NOW] reported while processing request

java.io.IOException: An established connection was aborted by the software in your host machine
	at java.base/sun.nio.ch.SocketDispatcher.write0(Native Method) ~[na:na]
	at java.base/sun.nio.ch.SocketDispatcher.write(SocketDispatcher.java:54) ~[na:na]
	at java.base/sun.nio.ch.IOUtil.writeFromNativeBuffer(IOUtil.java:137) ~[na:na]
	at java.base/sun.nio.ch.IOUtil.write(IOUtil.java:102) ~[na:na]
	at java.base/sun.nio.ch.IOUtil.write(IOUtil.java:58) ~[na:na]
	at java.base/sun.nio.ch.SocketChannelImpl.implWrite(SocketChannelImpl.java:562) ~[na:na]
	at java.base/sun.nio.ch.SocketChannelImpl.write(SocketChannelImpl.java:614) ~[na:na]
	at org.apache.tomcat.util.net.NioChannel.write(NioChannel.java:125) ~[tomcat-embed-core-11.0.15.jar:11.0.15]
	at org.apache.tomcat.util.net.NioEndpoint$NioSocketWrapper.doWrite(NioEndpoint.java:1418) ~[tomcat-embed-core-11.0.15.jar:11.0.15]
	at org.apache.tomcat.util.net.SocketWrapperBase.doWrite(SocketWrapperBase.java:747) ~[tomcat-embed-core-11.0.15.jar:11.0.15]
	at org.apache.tomcat.util.net.SocketWrapperBase.flushBlocking(SocketWrapperBase.java:713) ~[tomcat-embed-core-11.0.15.jar:11.0.15]
	at org.apache.tomcat.util.net.SocketWrapperBase.flush(SocketWrapperBase.java:698) ~[tomcat-embed-core-11.0.15.jar:11.0.15]
	at org.apache.coyote.http11.Http11OutputBuffer$SocketOutputBuffer.end(Http11OutputBuffer.java:558) ~[tomcat-embed-core-11.0.15.jar:11.0.15]
	at org.apache.coyote.http11.filters.ChunkedOutputFilter.end(ChunkedOutputFilter.java:197) ~[tomcat-embed-core-11.0.15.jar:11.0.15]
	at org.apache.coyote.http11.Http11OutputBuffer.end(Http11OutputBuffer.java:230) ~[tomcat-embed-core-11.0.15.jar:11.0.15]
	at org.apache.coyote.http11.Http11Processor.finishResponse(Http11Processor.java:1237) ~[tomcat-embed-core-11.0.15.jar:11.0.15]
	at org.apache.coyote.AbstractProcessor.action(AbstractProcessor.java:386) ~[tomcat-embed-core-11.0.15.jar:11.0.15]
	at org.apache.coyote.Response.action(Response.java:197) ~[tomcat-embed-core-11.0.15.jar:11.0.15]
	at org.apache.catalina.connector.OutputBuffer.close(OutputBuffer.java:241) ~[tomcat-embed-core-11.0.15.jar:11.0.15]
	at org.apache.catalina.connector.Response.finishResponse(Response.java:386) ~[tomcat-embed-core-11.0.15.jar:11.0.15]
	at org.apache.catalina.connector.CoyoteAdapter.service(CoyoteAdapter.java:370) ~[tomcat-embed-core-11.0.15.jar:11.0.15]
	at org.apache.coyote.http11.Http11Processor.service(Http11Processor.java:397) ~[tomcat-embed-core-11.0.15.jar:11.0.15]
	at org.apache.coyote.AbstractProcessorLight.process(AbstractProcessorLight.java:63) ~[tomcat-embed-core-11.0.15.jar:11.0.15]
	at org.apache.coyote.AbstractProtocol$ConnectionHandler.process(AbstractProtocol.java:903) ~[tomcat-embed-core-11.0.15.jar:11.0.15]
	at org.apache.tomcat.util.net.NioEndpoint$SocketProcessor.doRun(NioEndpoint.java:1778) ~[tomcat-embed-core-11.0.15.jar:11.0.15]
	at org.apache.tomcat.util.net.SocketProcessorBase.run(SocketProcessorBase.java:52) ~[tomcat-embed-core-11.0.15.jar:11.0.15]
	at org.apache.tomcat.util.threads.ThreadPoolExecutor.runWorker(ThreadPoolExecutor.java:946) ~[tomcat-embed-core-11.0.15.jar:11.0.15]
	at org.apache.tomcat.util.threads.ThreadPoolExecutor$Worker.run(ThreadPoolExecutor.java:480) ~[tomcat-embed-core-11.0.15.jar:11.0.15]
	at org.apache.tomcat.util.threads.TaskThread$WrappingRunnable.run(TaskThread.java:57) ~[tomcat-embed-core-11.0.15.jar:11.0.15]
	at java.base/java.lang.Thread.run(Thread.java:1447) ~[na:na]

